<?xml version="1.0" encoding="utf-8"?>
<test-run id="2" testcasecount="254" result="Passed" total="254" passed="254" failed="0" inconclusive="0" skipped="0" asserts="0" engine-version="3.5.0.0" clr-version="4.0.30319.42000" start-time="2026-04-25 02:41:13Z" end-time="2026-04-25 02:41:26Z" duration="12.3322664">
  <test-suite type="TestSuite" id="1000" name="rescue-grid" fullname="rescue-grid" runstate="Runnable" testcasecount="254" result="Passed" start-time="2026-04-25 02:41:13Z" end-time="2026-04-25 02:41:26Z" duration="12.332266" total="254" passed="254" failed="0" inconclusive="0" skipped="0" asserts="0">
    <properties>
      <property name="platform" value="EditMode" />
    </properties>
    <test-suite type="Assembly" id="1007" name="Rescue.Content.EditMode.Tests.dll" fullname="C:/Users/jwmcg/OneDrive/Documents/AI Projects/Live Envirnments/rescue-grid/Library/ScriptAssemblies/Rescue.Content.EditMode.Tests.dll" runstate="Runnable" testcasecount="5" result="Passed" start-time="2026-04-25 02:41:13Z" end-time="2026-04-25 02:41:13Z" duration="0.018779" total="5" passed="5" failed="0" inconclusive="0" skipped="0" asserts="0">
      <properties>
        <property name="_PID" value="37304" />
        <property name="_APPDOMAIN" value="Unity Child Domain" />
        <property name="platform" value="EditMode" />
        <property name="EditorOnly" value="True" />
      </properties>
      <test-suite type="TestSuite" id="1008" name="Rescue" fullname="Rescue" runstate="Runnable" testcasecount="5" result="Passed" start-time="2026-04-25 02:41:13Z" end-time="2026-04-25 02:41:13Z" duration="0.018573" total="5" passed="5" failed="0" inconclusive="0" skipped="0" asserts="0">
        <properties />
        <test-suite type="TestSuite" id="1009" name="Content" fullname="Rescue.Content" runstate="Runnable" testcasecount="5" result="Passed" start-time="2026-04-25 02:41:13Z" end-time="2026-04-25 02:41:13Z" duration="0.018506" total="5" passed="5" failed="0" inconclusive="0" skipped="0" asserts="0">
          <properties />
          <test-suite type="TestSuite" id="1010" name="Tests" fullname="Rescue.Content.Tests" runstate="Runnable" testcasecount="5" result="Passed" start-time="2026-04-25 02:41:13Z" end-time="2026-04-25 02:41:13Z" duration="0.018430" total="5" passed="5" failed="0" inconclusive="0" skipped="0" asserts="0">
            <properties />
            <test-suite type="TestFixture" id="1001" name="AsciiPreviewTests" fullname="Rescue.Content.Tests.AsciiPreviewTests" classname="Rescue.Content.Tests.AsciiPreviewTests" runstate="Runnable" testcasecount="5" result="Passed" start-time="2026-04-25 02:41:13Z" end-time="2026-04-25 02:41:13Z" duration="0.017901" total="5" passed="5" failed="0" inconclusive="0" skipped="0" asserts="0">
              <properties />
              <test-case id="1003" name="Render_EachTileType_ProducesDistinctSymbol" fullname="Rescue.Content.Tests.AsciiPreviewTests.Render_EachTileType_ProducesDistinctSymbol" methodname="Render_EachTileType_ProducesDistinctSymbol" classname="Rescue.Content.Tests.AsciiPreviewTests" runstate="Runnable" seed="1151601551" result="Passed" start-time="2026-04-25 02:41:13Z" end-time="2026-04-25 02:41:13Z" duration="0.007500" asserts="0">
                <properties>
                  <property name="retryIteration" value="0" />
                  <property name="repeatIteration" value="0" />
                </properties>
              </test-case>
              <test-case id="1006" name="Render_IceTile_IncludesHiddenDebrisLetter" fullname="Rescue.Content.Tests.AsciiPreviewTests.Render_IceTile_IncludesHiddenDebrisLetter" methodname="Render_IceTile_IncludesHiddenDebrisLetter" classname="Rescue.Content.Tests.AsciiPreviewTests" runstate="Runnable" seed="68776906" result="Passed" start-time="2026-04-25 02:41:13Z" end-time="2026-04-25 02:41:13Z" duration="0.001074" asserts="0">
                <properties>
                  <property name="retryIteration" value="0" />
                  <property name="repeatIteration" value="0" />
                </properties>
              </test-case>
              <test-case id="1002" name="Render_KnownFixture_ExactMatch" fullname="Rescue.Content.Tests.AsciiPreviewTests.Render_KnownFixture_ExactMatch" methodname="Render_KnownFixture_ExactMatch" classname="Rescue.Content.Tests.AsciiPreviewTests" runstate="Runnable" seed="857569307" result="Passed" start-time="2026-04-25 02:41:13Z" end-time="2026-04-25 02:41:13Z" duration="0.001629" asserts="0">
                <properties>
                  <property name="retryIteration" value="0" />
                  <property name="repeatIteration" value="0" />
                </properties>
              </test-case>
              <test-case id="1005" name="Render_WaterDisabled_HeaderShowsOff" fullname="Rescue.Content.Tests.AsciiPreviewTests.Render_WaterDisabled_HeaderShowsOff" methodname="Render_WaterDisabled_HeaderShowsOff" classname="Rescue.Content.Tests.AsciiPreviewTests" runstate="Runnable" seed="868156926" result="Passed" start-time="2026-04-25 02:41:13Z" end-time="2026-04-25 02:41:13Z" duration="0.000231" asserts="0">
                <properties>
                  <property name="retryIteration" value="0" />
                  <property name="repeatIteration" value="0" />
                </properties>
              </test-case>
              <test-case id="1004" name="Render_WithFloodedRows_BottomRowsAreWaves" fullname="Rescue.Content.Tests.AsciiPreviewTests.Render_WithFloodedRows_BottomRowsAreWaves" methodname="Render_WithFloodedRows_BottomRowsAreWaves" classname="Rescue.Content.Tests.AsciiPreviewTests" runstate="Runnable" seed="1812322989" result="Passed" start-time="2026-04-25 02:41:13Z" end-time="2026-04-25 02:41:13Z" duration="0.000169" asserts="0">
                <properties>
                  <property name="retryIteration" value="0" />
                  <property name="repeatIteration" value="0" />
                </properties>
              </test-case>
            </test-suite>
          </test-suite>
        </test-suite>
      </test-suite>
    </test-suite>
    <test-suite type="Assembly" id="1026" name="Rescue.Content.Tests.dll" fullname="C:/Users/jwmcg/OneDrive/Documents/AI Projects/Live Envirnments/rescue-grid/Library/ScriptAssemblies/Rescue.Content.Tests.dll" runstate="Runnable" testcasecount="13" result="Passed" start-time="2026-04-25 02:41:13Z" end-time="2026-04-25 02:41:13Z" duration="0.109626" total="13" passed="13" failed="0" inconclusive="0" skipped="0" asserts="0">
      <properties>
        <property name="_PID" value="37304" />
        <property name="_APPDOMAIN" value="Unity Child Domain" />
        <property name="platform" value="EditMode" />
        <property name="EditorOnly" value="True" />
      </properties>
      <test-suite type="TestSuite" id="1027" name="Rescue" fullname="Rescue" runstate="Runnable" testcasecount="13" result="Passed" start-time="2026-04-25 02:41:13Z" end-time="2026-04-25 02:41:13Z" duration="0.109340" total="13" passed="13" failed="0" inconclusive="0" skipped="0" asserts="0">
        <properties />
        <test-suite type="TestSuite" id="1028" name="Content" fullname="Rescue.Content" runstate="Runnable" testcasecount="13" result="Passed" start-time="2026-04-25 02:41:13Z" end-time="2026-04-25 02:41:13Z" duration="0.109272" total="13" passed="13" failed="0" inconclusive="0" skipped="0" asserts="0">
          <properties />
          <test-suite type="TestSuite" id="1029" name="Tests" fullname="Rescue.Content.Tests" runstate="Runnable" testcasecount="13" result="Passed" start-time="2026-04-25 02:41:13Z" end-time="2026-04-25 02:41:13Z" duration="0.109190" total="13" passed="13" failed="0" inconclusive="0" skipped="0" asserts="0">
            <properties />
            <test-suite type="TestFixture" id="1011" name="LoaderTests" fullname="Rescue.Content.Tests.LoaderTests" classname="Rescue.Content.Tests.LoaderTests" runstate="Runnable" testcasecount="4" result="Passed" start-time="2026-04-25 02:41:13Z" end-time="2026-04-25 02:41:13Z" duration="0.019527" total="4" passed="4" failed="0" inconclusive="0" skipped="0" asserts="0">
              <properties />
              <test-case id="1014" name="LoadLevel_AssistanceChance_ReachesLevelConfig" fullname="Rescue.Content.Tests.LoaderTests.LoadLevel_AssistanceChance_ReachesLevelConfig" methodname="LoadLevel_AssistanceChance_ReachesLevelConfig" classname="Rescue.Content.Tests.LoaderTests" runstate="Runnable" seed="715730415" result="Passed" start-time="2026-04-25 02:41:13Z" end-time="2026-04-25 02:41:13Z" duration="0.012967" asserts="0">
                <properties>
                  <property name="retryIteration" value="0" />
                  <property name="repeatIteration" value="0" />
                </properties>
              </test-case>
              <test-case id="1012" name="LoadLevel_BuildsExpectedMinimalBoard" fullname="Rescue.Content.Tests.LoaderTests.LoadLevel_BuildsExpectedMinimalBoard" methodname="LoadLevel_BuildsExpectedMinimalBoard" classname="Rescue.Content.Tests.LoaderTests" runstate="Runnable" seed="315880737" result="Passed" start-time="2026-04-25 02:41:13Z" end-time="2026-04-25 02:41:13Z" duration="0.003669" asserts="0">
                <properties>
                  <property name="retryIteration" value="0" />
                  <property name="repeatIteration" value="0" />
                </properties>
              </test-case>
              <test-case id="1015" name="LoadLevel_RuleTeachLevel_PausesWaterUntilFirstAction" fullname="Rescue.Content.Tests.LoaderTests.LoadLevel_RuleTeachLevel_PausesWaterUntilFirstAction" methodname="LoadLevel_RuleTeachLevel_PausesWaterUntilFirstAction" classname="Rescue.Content.Tests.LoaderTests" runstate="Runnable" seed="970361660" result="Passed" start-time="2026-04-25 02:41:13Z" end-time="2026-04-25 02:41:13Z" duration="0.000392" asserts="0">
                <properties>
                  <property name="retryIteration" value="0" />
                  <property name="repeatIteration" value="0" />
                </properties>
              </test-case>
              <test-case id="1013" name="LoadLevel_WithSameSeed_IsDeterministic" fullname="Rescue.Content.Tests.LoaderTests.LoadLevel_WithSameSeed_IsDeterministic" methodname="LoadLevel_WithSameSeed_IsDeterministic" classname="Rescue.Content.Tests.LoaderTests" runstate="Runnable" seed="1471629228" result="Passed" start-time="2026-04-25 02:41:13Z" end-time="2026-04-25 02:41:13Z" duration="0.001914" asserts="0">
                <properties>
                  <property name="retryIteration" value="0" />
                  <property name="repeatIteration" value="0" />
                </properties>
              </test-case>
            </test-suite>
            <test-suite type="TestFixture" id="1016" name="ValidatorTests" fullname="Rescue.Content.Tests.ValidatorTests" classname="Rescue.Content.Tests.ValidatorTests" runstate="Runnable" testcasecount="9" result="Passed" start-time="2026-04-25 02:41:13Z" end-time="2026-04-25 02:41:13Z" duration="0.089477" total="9" passed="9" failed="0" inconclusive="0" skipped="0" asserts="0">
              <properties />
              <test-case id="1025" name="Validate_AuthoredL00Level_Passes" fullname="Rescue.Content.Tests.ValidatorTests.Validate_AuthoredL00Level_Passes" methodname="Validate_AuthoredL00Level_Passes" classname="Rescue.Content.Tests.ValidatorTests" runstate="Runnable" seed="1582382187" result="Passed" start-time="2026-04-25 02:41:13Z" end-time="2026-04-25 02:41:13Z" duration="0.072774" asserts="0">
                <properties>
                  <property name="retryIteration" value="0" />
                  <property name="repeatIteration" value="0" />
                </properties>
              </test-case>
              <test-case id="1019" name="Validate_DuplicateTargetIds_Fails" fullname="Rescue.Content.Tests.ValidatorTests.Validate_DuplicateTargetIds_Fails" methodname="Validate_DuplicateTargetIds_Fails" classname="Rescue.Content.Tests.ValidatorTests" runstate="Runnable" seed="1941661587" result="Passed" start-time="2026-04-25 02:41:13Z" end-time="2026-04-25 02:41:13Z" duration="0.012167" asserts="0">
                <properties>
                  <property name="retryIteration" value="0" />
                  <property name="repeatIteration" value="0" />
                </properties>
              </test-case>
              <test-case id="1022" name="Validate_ImpossibleStart_Fails" fullname="Rescue.Content.Tests.ValidatorTests.Validate_ImpossibleStart_Fails" methodname="Validate_ImpossibleStart_Fails" classname="Rescue.Content.Tests.ValidatorTests" runstate="Runnable" seed="1534997726" result="Passed" start-time="2026-04-25 02:41:13Z" end-time="2026-04-25 02:41:13Z" duration="0.000546" asserts="0">
                <properties>
                  <property name="retryIteration" value="0" />
                  <property name="repeatIteration" value="0" />
                </properties>
              </test-case>
              <test-case id="1018" name="Validate_OutOfBoundsTarget_Fails" fullname="Rescue.Content.Tests.ValidatorTests.Validate_OutOfBoundsTarget_Fails" methodname="Validate_OutOfBoundsTarget_Fails" classname="Rescue.Content.Tests.ValidatorTests" runstate="Runnable" seed="1421517960" result="Passed" start-time="2026-04-25 02:41:13Z" end-time="2026-04-25 02:41:13Z" duration="0.000276" asserts="0">
                <properties>
                  <property name="retryIteration" value="0" />
                  <property name="repeatIteration" value="0" />
                </properties>
              </test-case>
              <test-case id="1024" name="Validate_RuleTeachLevelWithoutPositiveRiseInterval_Fails" fullname="Rescue.Content.Tests.ValidatorTests.Validate_RuleTeachLevelWithoutPositiveRiseInterval_Fails" methodname="Validate_RuleTeachLevelWithoutPositiveRiseInterval_Fails" classname="Rescue.Content.Tests.ValidatorTests" runstate="Runnable" seed="1867184544" result="Passed" start-time="2026-04-25 02:41:13Z" end-time="2026-04-25 02:41:13Z" duration="0.000227" asserts="0">
                <properties>
                  <property name="retryIteration" value="0" />
                  <property name="repeatIteration" value="0" />
                </properties>
              </test-case>
              <test-case id="1021" name="Validate_UnknownTileCode_Fails" fullname="Rescue.Content.Tests.ValidatorTests.Validate_UnknownTileCode_Fails" methodname="Validate_UnknownTileCode_Fails" classname="Rescue.Content.Tests.ValidatorTests" runstate="Runnable" seed="1917952506" result="Passed" start-time="2026-04-25 02:41:13Z" end-time="2026-04-25 02:41:13Z" duration="0.000235" asserts="0">
                <properties>
                  <property name="retryIteration" value="0" />
                  <property name="repeatIteration" value="0" />
                </properties>
              </test-case>
              <test-case id="1023" name="Validate_UnreachableTarget_Warns" fullname="Rescue.Content.Tests.ValidatorTests.Validate_UnreachableTarget_Warns" methodname="Validate_UnreachableTarget_Warns" classname="Rescue.Content.Tests.ValidatorTests" runstate="Runnable" seed="562361162" result="Passed" start-time="2026-04-25 02:41:13Z" end-time="2026-04-25 02:41:13Z" duration="0.000315" asserts="0">
                <properties>
                  <property name="retryIteration" value="0" />
                  <property name="repeatIteration" value="0" />
                </properties>
              </test-case>
              <test-case id="1017" name="Validate_ValidLevel_Passes" fullname="Rescue.Content.Tests.ValidatorTests.Validate_ValidLevel_Passes" methodname="Validate_ValidLevel_Passes" classname="Rescue.Content.Tests.ValidatorTests" runstate="Runnable" seed="911859937" result="Passed" start-time="2026-04-25 02:41:13Z" end-time="2026-04-25 02:41:13Z" duration="0.000512" asserts="0">
                <properties>
                  <property name="retryIteration" value="0" />
                  <property name="repeatIteration" value="0" />
                </properties>
              </test-case>
              <test-case id="1020" name="Validate_WrongSizeTilesArray_Fails" fullname="Rescue.Content.Tests.ValidatorTests.Validate_WrongSizeTilesArray_Fails" methodname="Validate_WrongSizeTilesArray_Fails" classname="Rescue.Content.Tests.ValidatorTests" runstate="Runnable" seed="1888831727" result="Passed" start-time="2026-04-25 02:41:13Z" end-time="2026-04-25 02:41:13Z" duration="0.000255" asserts="0">
                <properties>
                  <property name="retryIteration" value="0" />
                  <property name="repeatIteration" value="0" />
                </properties>
              </test-case>
            </test-suite>
          </test-suite>
        </test-suite>
      </test-suite>
    </test-suite>
    <test-suite type="Assembly" id="1189" name="Rescue.Core.Tests.dll" fullname="C:/Users/jwmcg/OneDrive/Documents/AI Projects/Live Envirnments/rescue-grid/Library/ScriptAssemblies/Rescue.Core.Tests.dll" runstate="Runnable" testcasecount="136" result="Passed" start-time="2026-04-25 02:41:13Z" end-time="2026-04-25 02:41:14Z" duration="0.264796" total="136" passed="136" failed="0" inconclusive="0" skipped="0" asserts="0">
      <properties>
        <property name="_PID" value="37304" />
        <property name="_APPDOMAIN" value="Unity Child Domain" />
        <property name="platform" value="EditMode" />
        <property name="EditorOnly" value="True" />
      </properties>
      <test-suite type="TestSuite" id="1190" name="Rescue" fullname="Rescue" runstate="Runnable" testcasecount="136" result="Passed" start-time="2026-04-25 02:41:13Z" end-time="2026-04-25 02:41:14Z" duration="0.264481" total="136" passed="136" failed="0" inconclusive="0" skipped="0" asserts="0">
        <properties />
        <test-suite type="TestSuite" id="1191" name="Core" fullname="Rescue.Core" runstate="Runnable" testcasecount="136" result="Passed" start-time="2026-04-25 02:41:13Z" end-time="2026-04-25 02:41:14Z" duration="0.264379" total="136" passed="136" failed="0" inconclusive="0" skipped="0" asserts="0">
          <properties />
          <test-suite type="TestSuite" id="1192" name="Tests" fullname="Rescue.Core.Tests" runstate="Runnable" testcasecount="136" result="Passed" start-time="2026-04-25 02:41:13Z" end-time="2026-04-25 02:41:14Z" duration="0.264294" total="136" passed="136" failed="0" inconclusive="0" skipped="0" asserts="0">
            <properties />
            <test-suite type="TestSuite" id="1199" name="Determinism" fullname="Rescue.Core.Tests.Determinism" runstate="Runnable" testcasecount="1" result="Passed" start-time="2026-04-25 02:41:13Z" end-time="2026-04-25 02:41:13Z" duration="0.027851" total="1" passed="1" failed="0" inconclusive="0" skipped="0" asserts="0">
              <properties />
              <test-suite type="TestFixture" id="1187" name="PipelineDeterminismTests" fullname="Rescue.Core.Tests.Determinism.PipelineDeterminismTests" classname="Rescue.Core.Tests.Determinism.PipelineDeterminismTests" runstate="Runnable" testcasecount="1" result="Passed" start-time="2026-04-25 02:41:13Z" end-time="2026-04-25 02:41:13Z" duration="0.027769" total="1" passed="1" failed="0" inconclusive="0" skipped="0" asserts="0">
                <properties />
                <test-case id="1188" name="RepeatedRunsProduceIdenticalFinalStateAndEventStream" fullname="Rescue.Core.Tests.Determinism.PipelineDeterminismTests.RepeatedRunsProduceIdenticalFinalStateAndEventStream" methodname="RepeatedRunsProduceIdenticalFinalStateAndEventStream" classname="Rescue.Core.Tests.Determinism.PipelineDeterminismTests" runstate="Runnable" seed="2111117349" result="Passed" start-time="2026-04-25 02:41:13Z" end-time="2026-04-25 02:41:13Z" duration="0.027336" asserts="0">
                  <properties>
                    <property name="retryIteration" value="0" />
                    <property name="repeatIteration" value="0" />
                  </properties>
                </test-case>
              </test-suite>
            </test-suite>
            <test-suite type="TestSuite" id="1198" name="Integration" fullname="Rescue.Core.Tests.Integration" runstate="Runnable" testcasecount="8" result="Passed" start-time="2026-04-25 02:41:13Z" end-time="2026-04-25 02:41:13Z" duration="0.013763" total="8" passed="8" failed="0" inconclusive="0" skipped="0" asserts="0">
              <properties />
              <test-suite type="TestFixture" id="1176" name="FullActionTests" fullname="Rescue.Core.Tests.Integration.FullActionTests" classname="Rescue.Core.Tests.Integration.FullActionTests" runstate="Runnable" testcasecount="5" result="Passed" start-time="2026-04-25 02:41:13Z" end-time="2026-04-25 02:41:13Z" duration="0.010415" total="5" passed="5" failed="0" inconclusive="0" skipped="0" asserts="0">
                <properties />
                <test-case id="1177" name="FullActionOnSingleTargetLevelFollowsStablePipelineEventOrder" fullname="Rescue.Core.Tests.Integration.FullActionTests.FullActionOnSingleTargetLevelFollowsStablePipelineEventOrder" methodname="FullActionOnSingleTargetLevelFollowsStablePipelineEventOrder" classname="Rescue.Core.Tests.Integration.FullActionTests" runstate="Runnable" seed="544398291" result="Passed" start-time="2026-04-25 02:41:13Z" end-time="2026-04-25 02:41:13Z" duration="0.004117" asserts="0">
                  <properties>
                    <property name="retryIteration" value="0" />
                    <property name="repeatIteration" value="0" />
                  </properties>
                </test-case>
                <test-case id="1178" name="LastMoveRescueWinsBeforeWaterWouldFloodTargetRow" fullname="Rescue.Core.Tests.Integration.FullActionTests.LastMoveRescueWinsBeforeWaterWouldFloodTargetRow" methodname="LastMoveRescueWinsBeforeWaterWouldFloodTargetRow" classname="Rescue.Core.Tests.Integration.FullActionTests" runstate="Runnable" seed="1542874397" result="Passed" start-time="2026-04-25 02:41:13Z" end-time="2026-04-25 02:41:13Z" duration="0.001391" asserts="0">
                  <properties>
                    <property name="retryIteration" value="0" />
                    <property name="repeatIteration" value="0" />
                  </properties>
                </test-case>
                <test-case id="1179" name="LosingMoveWithDockOverflowEmitsLostWithDockReason" fullname="Rescue.Core.Tests.Integration.FullActionTests.LosingMoveWithDockOverflowEmitsLostWithDockReason" methodname="LosingMoveWithDockOverflowEmitsLostWithDockReason" classname="Rescue.Core.Tests.Integration.FullActionTests" runstate="Runnable" seed="1385811935" result="Passed" start-time="2026-04-25 02:41:13Z" end-time="2026-04-25 02:41:13Z" duration="0.002362" asserts="0">
                  <properties>
                    <property name="retryIteration" value="0" />
                    <property name="repeatIteration" value="0" />
                  </properties>
                </test-case>
                <test-case id="1180" name="TargetOneClearAwayFiresOnActionBeforeExtraction" fullname="Rescue.Core.Tests.Integration.FullActionTests.TargetOneClearAwayFiresOnActionBeforeExtraction" methodname="TargetOneClearAwayFiresOnActionBeforeExtraction" classname="Rescue.Core.Tests.Integration.FullActionTests" runstate="Runnable" seed="1531991910" result="Passed" start-time="2026-04-25 02:41:13Z" end-time="2026-04-25 02:41:13Z" duration="0.001017" asserts="0">
                  <properties>
                    <property name="retryIteration" value="0" />
                    <property name="repeatIteration" value="0" />
                  </properties>
                </test-case>
                <test-case id="1181" name="WonEventIncludesFinalTargetIdTotalActionsAndExtractionOrder" fullname="Rescue.Core.Tests.Integration.FullActionTests.WonEventIncludesFinalTargetIdTotalActionsAndExtractionOrder" methodname="WonEventIncludesFinalTargetIdTotalActionsAndExtractionOrder" classname="Rescue.Core.Tests.Integration.FullActionTests" runstate="Runnable" seed="24974549" result="Passed" start-time="2026-04-25 02:41:13Z" end-time="2026-04-25 02:41:13Z" duration="0.000895" asserts="0">
                  <properties>
                    <property name="retryIteration" value="0" />
                    <property name="repeatIteration" value="0" />
                  </properties>
                </test-case>
              </test-suite>
              <test-suite type="TestFixture" id="1182" name="RescueRaceTests" fullname="Rescue.Core.Tests.Integration.RescueRaceTests" classname="Rescue.Core.Tests.Integration.RescueRaceTests" runstate="Runnable" testcasecount="1" result="Passed" start-time="2026-04-25 02:41:13Z" end-time="2026-04-25 02:41:13Z" duration="0.000863" total="1" passed="1" failed="0" inconclusive="0" skipped="0" asserts="0">
                <properties />
                <test-case id="1183" name="LastPossibleActionExtractsTargetBeforeWaterLossAndWinsLevel" fullname="Rescue.Core.Tests.Integration.RescueRaceTests.LastPossibleActionExtractsTargetBeforeWaterLossAndWinsLevel" methodname="LastPossibleActionExtractsTargetBeforeWaterLossAndWinsLevel" classname="Rescue.Core.Tests.Integration.RescueRaceTests" runstate="Runnable" seed="1029158399" result="Passed" start-time="2026-04-25 02:41:13Z" end-time="2026-04-25 02:41:13Z" duration="0.000497" asserts="0">
                  <properties>
                    <property name="retryIteration" value="0" />
                    <property name="repeatIteration" value="0" />
                  </properties>
                </test-case>
              </test-suite>
              <test-suite type="TestFixture" id="1184" name="StabilizationBeatTests" fullname="Rescue.Core.Tests.Integration.StabilizationBeatTests" classname="Rescue.Core.Tests.Integration.StabilizationBeatTests" runstate="Runnable" testcasecount="2" result="Passed" start-time="2026-04-25 02:41:13Z" end-time="2026-04-25 02:41:13Z" duration="0.002154" total="2" passed="2" failed="0" inconclusive="0" skipped="0" asserts="0">
                <properties />
                <test-case id="1185" name="ClearingOneBlockedNeighborEmitsTargetOneClearAwayBeforeExtractionTurn" fullname="Rescue.Core.Tests.Integration.StabilizationBeatTests.ClearingOneBlockedNeighborEmitsTargetOneClearAwayBeforeExtractionTurn" methodname="ClearingOneBlockedNeighborEmitsTargetOneClearAwayBeforeExtractionTurn" classname="Rescue.Core.Tests.Integration.StabilizationBeatTests" runstate="Runnable" seed="1447818987" result="Passed" start-time="2026-04-25 02:41:13Z" end-time="2026-04-25 02:41:13Z" duration="0.000985" asserts="0">
                  <properties>
                    <property name="retryIteration" value="0" />
                    <property name="repeatIteration" value="0" />
                  </properties>
                </test-case>
                <test-case id="1186" name="NextActionClearsFinalNeighborThenEmitsTargetExtractedAndWon" fullname="Rescue.Core.Tests.Integration.StabilizationBeatTests.NextActionClearsFinalNeighborThenEmitsTargetExtractedAndWon" methodname="NextActionClearsFinalNeighborThenEmitsTargetExtractedAndWon" classname="Rescue.Core.Tests.Integration.StabilizationBeatTests" runstate="Runnable" seed="1408824175" result="Passed" start-time="2026-04-25 02:41:13Z" end-time="2026-04-25 02:41:13Z" duration="0.000378" asserts="0">
                  <properties>
                    <property name="retryIteration" value="0" />
                    <property name="repeatIteration" value="0" />
                  </properties>
                </test-case>
              </test-suite>
            </test-suite>
            <test-suite type="TestSuite" id="1197" name="Pipeline" fullname="Rescue.Core.Tests.Pipeline" runstate="Runnable" testcasecount="19" result="Passed" start-time="2026-04-25 02:41:13Z" end-time="2026-04-25 02:41:13Z" duration="0.012591" total="19" passed="19" failed="0" inconclusive="0" skipped="0" asserts="0">
              <properties />
              <test-suite type="TestFixture" id="1154" name="InvalidInputTests" fullname="Rescue.Core.Tests.Pipeline.InvalidInputTests" classname="Rescue.Core.Tests.Pipeline.InvalidInputTests" runstate="Runnable" testcasecount="5" result="Passed" start-time="2026-04-25 02:41:13Z" end-time="2026-04-25 02:41:13Z" duration="0.003549" total="5" passed="5" failed="0" inconclusive="0" skipped="0" asserts="0">
                <properties />
                <test-case id="1156" name="TapOnBlockerIsInvalid" fullname="Rescue.Core.Tests.Pipeline.InvalidInputTests.TapOnBlockerIsInvalid" methodname="TapOnBlockerIsInvalid" classname="Rescue.Core.Tests.Pipeline.InvalidInputTests" runstate="Runnable" seed="870036889" result="Passed" start-time="2026-04-25 02:41:13Z" end-time="2026-04-25 02:41:13Z" duration="0.000698" asserts="0">
                  <properties>
                    <property name="retryIteration" value="0" />
                    <property name="repeatIteration" value="0" />
                  </properties>
                </test-case>
                <test-case id="1157" name="TapOnFloodedTileIsInvalid" fullname="Rescue.Core.Tests.Pipeline.InvalidInputTests.TapOnFloodedTileIsInvalid" methodname="TapOnFloodedTileIsInvalid" classname="Rescue.Core.Tests.Pipeline.InvalidInputTests" runstate="Runnable" seed="474733575" result="Passed" start-time="2026-04-25 02:41:13Z" end-time="2026-04-25 02:41:13Z" duration="0.000188" asserts="0">
                  <properties>
                    <property name="retryIteration" value="0" />
                    <property name="repeatIteration" value="0" />
                  </properties>
                </test-case>
                <test-case id="1158" name="TapOnIceIsInvalid" fullname="Rescue.Core.Tests.Pipeline.InvalidInputTests.TapOnIceIsInvalid" methodname="TapOnIceIsInvalid" classname="Rescue.Core.Tests.Pipeline.InvalidInputTests" runstate="Runnable" seed="1916111860" result="Passed" start-time="2026-04-25 02:41:13Z" end-time="2026-04-25 02:41:13Z" duration="0.001710" asserts="0">
                  <properties>
                    <property name="retryIteration" value="0" />
                    <property name="repeatIteration" value="0" />
                  </properties>
                </test-case>
                <test-case id="1155" name="TapOnSingleTileLeavesStateUnchangedAndEmitsInvalidInput" fullname="Rescue.Core.Tests.Pipeline.InvalidInputTests.TapOnSingleTileLeavesStateUnchangedAndEmitsInvalidInput" methodname="TapOnSingleTileLeavesStateUnchangedAndEmitsInvalidInput" classname="Rescue.Core.Tests.Pipeline.InvalidInputTests" runstate="Runnable" seed="2074647714" result="Passed" start-time="2026-04-25 02:41:13Z" end-time="2026-04-25 02:41:13Z" duration="0.000226" asserts="0">
                  <properties>
                    <property name="retryIteration" value="0" />
                    <property name="repeatIteration" value="0" />
                  </properties>
                </test-case>
                <test-case id="1159" name="TapOnTargetIsInvalid" fullname="Rescue.Core.Tests.Pipeline.InvalidInputTests.TapOnTargetIsInvalid" methodname="TapOnTargetIsInvalid" classname="Rescue.Core.Tests.Pipeline.InvalidInputTests" runstate="Runnable" seed="2059287623" result="Passed" start-time="2026-04-25 02:41:13Z" end-time="2026-04-25 02:41:13Z" duration="0.000173" asserts="0">
                  <properties>
                    <property name="retryIteration" value="0" />
                    <property name="repeatIteration" value="0" />
                  </properties>
                </test-case>
              </test-suite>
              <test-suite type="TestFixture" id="1160" name="LossTests" fullname="Rescue.Core.Tests.Pipeline.LossTests" classname="Rescue.Core.Tests.Pipeline.LossTests" runstate="Runnable" testcasecount="7" result="Passed" start-time="2026-04-25 02:41:13Z" end-time="2026-04-25 02:41:13Z" duration="0.002842" total="7" passed="7" failed="0" inconclusive="0" skipped="0" asserts="0">
                <properties />
                <test-case id="1163" name="DockJamEligibleFirstOverflowFreezesWithoutLoss" fullname="Rescue.Core.Tests.Pipeline.LossTests.DockJamEligibleFirstOverflowFreezesWithoutLoss" methodname="DockJamEligibleFirstOverflowFreezesWithoutLoss" classname="Rescue.Core.Tests.Pipeline.LossTests" runstate="Runnable" seed="2134732970" result="Passed" start-time="2026-04-25 02:41:13Z" end-time="2026-04-25 02:41:13Z" duration="0.000421" asserts="0">
                  <properties>
                    <property name="retryIteration" value="0" />
                    <property name="repeatIteration" value="0" />
                  </properties>
                </test-case>
                <test-case id="1166" name="DockJamFiresOnlyOncePerLevel" fullname="Rescue.Core.Tests.Pipeline.LossTests.DockJamFiresOnlyOncePerLevel" methodname="DockJamFiresOnlyOncePerLevel" classname="Rescue.Core.Tests.Pipeline.LossTests" runstate="Runnable" seed="752971525" result="Passed" start-time="2026-04-25 02:41:13Z" end-time="2026-04-25 02:41:13Z" duration="0.000256" asserts="0">
                  <properties>
                    <property name="retryIteration" value="0" />
                    <property name="repeatIteration" value="0" />
                  </properties>
                </test-case>
                <test-case id="1162" name="DockOverflowWithoutDockJamEligibilityLosesImmediately" fullname="Rescue.Core.Tests.Pipeline.LossTests.DockOverflowWithoutDockJamEligibilityLosesImmediately" methodname="DockOverflowWithoutDockJamEligibilityLosesImmediately" classname="Rescue.Core.Tests.Pipeline.LossTests" runstate="Runnable" seed="1413257281" result="Passed" start-time="2026-04-25 02:41:13Z" end-time="2026-04-25 02:41:13Z" duration="0.000372" asserts="0">
                  <properties>
                    <property name="retryIteration" value="0" />
                    <property name="repeatIteration" value="0" />
                  </properties>
                </test-case>
                <test-case id="1167" name="LevelsWithoutDockJamLoseOnFirstOverflow" fullname="Rescue.Core.Tests.Pipeline.LossTests.LevelsWithoutDockJamLoseOnFirstOverflow" methodname="LevelsWithoutDockJamLoseOnFirstOverflow" classname="Rescue.Core.Tests.Pipeline.LossTests" runstate="Runnable" seed="1587481912" result="Passed" start-time="2026-04-25 02:41:13Z" end-time="2026-04-25 02:41:13Z" duration="0.000252" asserts="0">
                  <properties>
                    <property name="retryIteration" value="0" />
                    <property name="repeatIteration" value="0" />
                  </properties>
                </test-case>
                <test-case id="1164" name="RecoveryActionThatClearsTripleUnfreezesAndContinues" fullname="Rescue.Core.Tests.Pipeline.LossTests.RecoveryActionThatClearsTripleUnfreezesAndContinues" methodname="RecoveryActionThatClearsTripleUnfreezesAndContinues" classname="Rescue.Core.Tests.Pipeline.LossTests" runstate="Runnable" seed="898962224" result="Passed" start-time="2026-04-25 02:41:13Z" end-time="2026-04-25 02:41:13Z" duration="0.000273" asserts="0">
                  <properties>
                    <property name="retryIteration" value="0" />
                    <property name="repeatIteration" value="0" />
                  </properties>
                </test-case>
                <test-case id="1165" name="RecoveryActionWithoutTripleClearLosesToDockOverflow" fullname="Rescue.Core.Tests.Pipeline.LossTests.RecoveryActionWithoutTripleClearLosesToDockOverflow" methodname="RecoveryActionWithoutTripleClearLosesToDockOverflow" classname="Rescue.Core.Tests.Pipeline.LossTests" runstate="Runnable" seed="1093557771" result="Passed" start-time="2026-04-25 02:41:13Z" end-time="2026-04-25 02:41:13Z" duration="0.000225" asserts="0">
                  <properties>
                    <property name="retryIteration" value="0" />
                    <property name="repeatIteration" value="0" />
                  </properties>
                </test-case>
                <test-case id="1161" name="WaterOnTargetBeatsDockOverflowInPrecedence" fullname="Rescue.Core.Tests.Pipeline.LossTests.WaterOnTargetBeatsDockOverflowInPrecedence" methodname="WaterOnTargetBeatsDockOverflowInPrecedence" classname="Rescue.Core.Tests.Pipeline.LossTests" runstate="Runnable" seed="465873072" result="Passed" start-time="2026-04-25 02:41:13Z" end-time="2026-04-25 02:41:13Z" duration="0.000309" asserts="0">
                  <properties>
                    <property name="retryIteration" value="0" />
                    <property name="repeatIteration" value="0" />
                  </properties>
                </test-case>
              </test-suite>
              <test-suite type="TestFixture" id="1168" name="OrderTests" fullname="Rescue.Core.Tests.Pipeline.OrderTests" classname="Rescue.Core.Tests.Pipeline.OrderTests" runstate="Runnable" testcasecount="7" result="Passed" start-time="2026-04-25 02:41:13Z" end-time="2026-04-25 02:41:13Z" duration="0.005913" total="7" passed="7" failed="0" inconclusive="0" skipped="0" asserts="0">
                <properties />
                <test-case id="1172" name="InvalidInputShortCircuitsPipelineAfterStep01" fullname="Rescue.Core.Tests.Pipeline.OrderTests.InvalidInputShortCircuitsPipelineAfterStep01" methodname="InvalidInputShortCircuitsPipelineAfterStep01" classname="Rescue.Core.Tests.Pipeline.OrderTests" runstate="Runnable" seed="106288024" result="Passed" start-time="2026-04-25 02:41:13Z" end-time="2026-04-25 02:41:13Z" duration="0.000488" asserts="0">
                  <properties>
                    <property name="retryIteration" value="0" />
                    <property name="repeatIteration" value="0" />
                  </properties>
                </test-case>
                <test-case id="1170" name="RemoveGroupLeavesTilesEmptyAfterStep02AndBeforeStep03" fullname="Rescue.Core.Tests.Pipeline.OrderTests.RemoveGroupLeavesTilesEmptyAfterStep02AndBeforeStep03" methodname="RemoveGroupLeavesTilesEmptyAfterStep02AndBeforeStep03" classname="Rescue.Core.Tests.Pipeline.OrderTests" runstate="Runnable" seed="1122988130" result="Passed" start-time="2026-04-25 02:41:13Z" end-time="2026-04-25 02:41:13Z" duration="0.000759" asserts="0">
                  <properties>
                    <property name="retryIteration" value="0" />
                    <property name="repeatIteration" value="0" />
                  </properties>
                </test-case>
                <test-case id="1174" name="ReturnedEventsMatchPerStepEventsInOrder" fullname="Rescue.Core.Tests.Pipeline.OrderTests.ReturnedEventsMatchPerStepEventsInOrder" methodname="ReturnedEventsMatchPerStepEventsInOrder" classname="Rescue.Core.Tests.Pipeline.OrderTests" runstate="Runnable" seed="964893019" result="Passed" start-time="2026-04-25 02:41:13Z" end-time="2026-04-25 02:41:13Z" duration="0.001212" asserts="0">
                  <properties>
                    <property name="retryIteration" value="0" />
                    <property name="repeatIteration" value="0" />
                  </properties>
                </test-case>
                <test-case id="1169" name="RunActionInvokesStepsInExactSpecOrder" fullname="Rescue.Core.Tests.Pipeline.OrderTests.RunActionInvokesStepsInExactSpecOrder" methodname="RunActionInvokesStepsInExactSpecOrder" classname="Rescue.Core.Tests.Pipeline.OrderTests" runstate="Runnable" seed="2032227035" result="Passed" start-time="2026-04-25 02:41:13Z" end-time="2026-04-25 02:41:13Z" duration="0.000550" asserts="0">
                  <properties>
                    <property name="retryIteration" value="0" />
                    <property name="repeatIteration" value="0" />
                  </properties>
                </test-case>
                <test-case id="1173" name="RunActionReturnsNewGameStateInstanceWithoutMutatingInput" fullname="Rescue.Core.Tests.Pipeline.OrderTests.RunActionReturnsNewGameStateInstanceWithoutMutatingInput" methodname="RunActionReturnsNewGameStateInstanceWithoutMutatingInput" classname="Rescue.Core.Tests.Pipeline.OrderTests" runstate="Runnable" seed="2033779332" result="Passed" start-time="2026-04-25 02:41:13Z" end-time="2026-04-25 02:41:13Z" duration="0.001208" asserts="0">
                  <properties>
                    <property name="retryIteration" value="0" />
                    <property name="repeatIteration" value="0" />
                  </properties>
                </test-case>
                <test-case id="1171" name="SuccessfulRunActionIncrementsActionCountExactlyOnce" fullname="Rescue.Core.Tests.Pipeline.OrderTests.SuccessfulRunActionIncrementsActionCountExactlyOnce" methodname="SuccessfulRunActionIncrementsActionCountExactlyOnce" classname="Rescue.Core.Tests.Pipeline.OrderTests" runstate="Runnable" seed="247514781" result="Passed" start-time="2026-04-25 02:41:13Z" end-time="2026-04-25 02:41:13Z" duration="0.000257" asserts="0">
                  <properties>
                    <property name="retryIteration" value="0" />
                    <property name="repeatIteration" value="0" />
                  </properties>
                </test-case>
                <test-case id="1175" name="WinShortCircuitsSteps11And12AndSkipsLossCheck" fullname="Rescue.Core.Tests.Pipeline.OrderTests.WinShortCircuitsSteps11And12AndSkipsLossCheck" methodname="WinShortCircuitsSteps11And12AndSkipsLossCheck" classname="Rescue.Core.Tests.Pipeline.OrderTests" runstate="Runnable" seed="623227947" result="Passed" start-time="2026-04-25 02:41:13Z" end-time="2026-04-25 02:41:13Z" duration="0.000672" asserts="0">
                  <properties>
                    <property name="retryIteration" value="0" />
                    <property name="repeatIteration" value="0" />
                  </properties>
                </test-case>
              </test-suite>
            </test-suite>
            <test-suite type="TestSuite" id="1196" name="Rng" fullname="Rescue.Core.Tests.Rng" runstate="Runnable" testcasecount="6" result="Passed" start-time="2026-04-25 02:41:13Z" end-time="2026-04-25 02:41:14Z" duration="0.062666" total="6" passed="6" failed="0" inconclusive="0" skipped="0" asserts="0">
              <properties />
              <test-suite type="TestFixture" id="1147" name="SeededRngTests" fullname="Rescue.Core.Tests.Rng.SeededRngTests" classname="Rescue.Core.Tests.Rng.SeededRngTests" runstate="Runnable" testcasecount="6" result="Passed" start-time="2026-04-25 02:41:13Z" end-time="2026-04-25 02:41:14Z" duration="0.062382" total="6" passed="6" failed="0" inconclusive="0" skipped="0" asserts="0">
                <properties />
                <test-case id="1149" name="CloneProducesIndependentStreamWithoutAdvancingParent" fullname="Rescue.Core.Tests.Rng.SeededRngTests.CloneProducesIndependentStreamWithoutAdvancingParent" methodname="CloneProducesIndependentStreamWithoutAdvancingParent" classname="Rescue.Core.Tests.Rng.SeededRngTests" runstate="Runnable" seed="545469129" result="Passed" start-time="2026-04-25 02:41:13Z" end-time="2026-04-25 02:41:13Z" duration="0.000659" asserts="0">
                  <properties>
                    <property name="retryIteration" value="0" />
                    <property name="repeatIteration" value="0" />
                  </properties>
                </test-case>
                <test-case id="1153" name="DeterminismHarnessProducesIdenticalRuns" fullname="Rescue.Core.Tests.Rng.SeededRngTests.DeterminismHarnessProducesIdenticalRuns" methodname="DeterminismHarnessProducesIdenticalRuns" classname="Rescue.Core.Tests.Rng.SeededRngTests" runstate="Runnable" seed="2071695039" result="Passed" start-time="2026-04-25 02:41:13Z" end-time="2026-04-25 02:41:13Z" duration="0.000968" asserts="0">
                  <properties>
                    <property name="retryIteration" value="0" />
                    <property name="repeatIteration" value="0" />
                  </properties>
                </test-case>
                <test-case id="1151" name="DifferentSeedsProduceDifferentSequences" fullname="Rescue.Core.Tests.Rng.SeededRngTests.DifferentSeedsProduceDifferentSequences" methodname="DifferentSeedsProduceDifferentSequences" classname="Rescue.Core.Tests.Rng.SeededRngTests" runstate="Runnable" seed="1911460424" result="Passed" start-time="2026-04-25 02:41:13Z" end-time="2026-04-25 02:41:13Z" duration="0.000113" asserts="0">
                  <properties>
                    <property name="retryIteration" value="0" />
                    <property name="repeatIteration" value="0" />
                  </properties>
                </test-case>
                <test-case id="1148" name="SameSeedProducesSameSequencesAcrossMethods" fullname="Rescue.Core.Tests.Rng.SeededRngTests.SameSeedProducesSameSequencesAcrossMethods" methodname="SameSeedProducesSameSequencesAcrossMethods" classname="Rescue.Core.Tests.Rng.SeededRngTests" runstate="Runnable" seed="1878266746" result="Passed" start-time="2026-04-25 02:41:13Z" end-time="2026-04-25 02:41:14Z" duration="0.044511" asserts="0">
                  <properties>
                    <property name="retryIteration" value="0" />
                    <property name="repeatIteration" value="0" />
                  </properties>
                </test-case>
                <test-case id="1150" name="StateRoundTripContinuesSequenceFromSavedPoint" fullname="Rescue.Core.Tests.Rng.SeededRngTests.StateRoundTripContinuesSequenceFromSavedPoint" methodname="StateRoundTripContinuesSequenceFromSavedPoint" classname="Rescue.Core.Tests.Rng.SeededRngTests" runstate="Runnable" seed="1182462574" result="Passed" start-time="2026-04-25 02:41:14Z" end-time="2026-04-25 02:41:14Z" duration="0.001202" asserts="0">
                  <properties>
                    <property name="retryIteration" value="0" />
                    <property name="repeatIteration" value="0" />
                  </properties>
                </test-case>
                <test-case id="1152" name="WeightedPickMatchesExpectedFrequenciesWithinTolerance" fullname="Rescue.Core.Tests.Rng.SeededRngTests.WeightedPickMatchesExpectedFrequenciesWithinTolerance" methodname="WeightedPickMatchesExpectedFrequenciesWithinTolerance" classname="Rescue.Core.Tests.Rng.SeededRngTests" runstate="Runnable" seed="2026265916" result="Passed" start-time="2026-04-25 02:41:14Z" end-time="2026-04-25 02:41:14Z" duration="0.014236" asserts="0">
                  <properties>
                    <property name="retryIteration" value="0" />
                    <property name="repeatIteration" value="0" />
                  </properties>
                </test-case>
              </test-suite>
            </test-suite>
            <test-suite type="TestSuite" id="1195" name="Rules" fullname="Rescue.Core.Tests.Rules" runstate="Runnable" testcasecount="77" result="Passed" start-time="2026-04-25 02:41:14Z" end-time="2026-04-25 02:41:14Z" duration="0.130144" total="77" passed="77" failed="0" inconclusive="0" skipped="0" asserts="0">
              <properties />
              <test-suite type="TestFixture" id="1061" name="BlockersTests" fullname="Rescue.Core.Tests.Rules.BlockersTests" classname="Rescue.Core.Tests.Rules.BlockersTests" runstate="Runnable" testcasecount="7" result="Passed" start-time="2026-04-25 02:41:14Z" end-time="2026-04-25 02:41:14Z" duration="0.004013" total="7" passed="7" failed="0" inconclusive="0" skipped="0" asserts="0">
                <properties />
                <test-case id="1068" name="BlockerNotAdjacentToAnyClearedTileTakesNoDamage" fullname="Rescue.Core.Tests.Rules.BlockersTests.BlockerNotAdjacentToAnyClearedTileTakesNoDamage" methodname="BlockerNotAdjacentToAnyClearedTileTakesNoDamage" classname="Rescue.Core.Tests.Rules.BlockersTests" runstate="Runnable" seed="507988863" result="Passed" start-time="2026-04-25 02:41:14Z" end-time="2026-04-25 02:41:14Z" duration="0.000677" asserts="0">
                  <properties>
                    <property name="retryIteration" value="0" />
                    <property name="repeatIteration" value="0" />
                  </properties>
                </test-case>
                <test-case id="1067" name="ClearedGroupBorderingCrateAndIceDamagesBothOnce" fullname="Rescue.Core.Tests.Rules.BlockersTests.ClearedGroupBorderingCrateAndIceDamagesBothOnce" methodname="ClearedGroupBorderingCrateAndIceDamagesBothOnce" classname="Rescue.Core.Tests.Rules.BlockersTests" runstate="Runnable" seed="1526040411" result="Passed" start-time="2026-04-25 02:41:14Z" end-time="2026-04-25 02:41:14Z" duration="0.000883" asserts="0">
                  <properties>
                    <property name="retryIteration" value="0" />
                    <property name="repeatIteration" value="0" />
                  </properties>
                </test-case>
                <test-case id="1062" name="CrateWithOneAdjacentClearBreaks" fullname="Rescue.Core.Tests.Rules.BlockersTests.CrateWithOneAdjacentClearBreaks" methodname="CrateWithOneAdjacentClearBreaks" classname="Rescue.Core.Tests.Rules.BlockersTests" runstate="Runnable" seed="1494285687" result="Passed" start-time="2026-04-25 02:41:14Z" end-time="2026-04-25 02:41:14Z" duration="0.000556" asserts="0">
                  <properties>
                    <property name="retryIteration" value="0" />
                    <property name="repeatIteration" value="0" />
                  </properties>
                </test-case>
                <test-case id="1063" name="CrateWithThreeAdjacentClearsInOneActionTakesOneHitNotThree" fullname="Rescue.Core.Tests.Rules.BlockersTests.CrateWithThreeAdjacentClearsInOneActionTakesOneHitNotThree" methodname="CrateWithThreeAdjacentClearsInOneActionTakesOneHitNotThree" classname="Rescue.Core.Tests.Rules.BlockersTests" runstate="Runnable" seed="475332042" result="Passed" start-time="2026-04-25 02:41:14Z" end-time="2026-04-25 02:41:14Z" duration="0.000363" asserts="0">
                  <properties>
                    <property name="retryIteration" value="0" />
                    <property name="repeatIteration" value="0" />
                  </properties>
                </test-case>
                <test-case id="1064" name="IceBreaksAndRevealsDebrisBeneath" fullname="Rescue.Core.Tests.Rules.BlockersTests.IceBreaksAndRevealsDebrisBeneath" methodname="IceBreaksAndRevealsDebrisBeneath" classname="Rescue.Core.Tests.Rules.BlockersTests" runstate="Runnable" seed="1965807013" result="Passed" start-time="2026-04-25 02:41:14Z" end-time="2026-04-25 02:41:14Z" duration="0.000359" asserts="0">
                  <properties>
                    <property name="retryIteration" value="0" />
                    <property name="repeatIteration" value="0" />
                  </properties>
                </test-case>
                <test-case id="1066" name="ReinforcedCrateTakesOneHitAndDoesNotBreakOnFirstAction" fullname="Rescue.Core.Tests.Rules.BlockersTests.ReinforcedCrateTakesOneHitAndDoesNotBreakOnFirstAction" methodname="ReinforcedCrateTakesOneHitAndDoesNotBreakOnFirstAction" classname="Rescue.Core.Tests.Rules.BlockersTests" runstate="Runnable" seed="734389159" result="Passed" start-time="2026-04-25 02:41:14Z" end-time="2026-04-25 02:41:14Z" duration="0.000192" asserts="0">
                  <properties>
                    <property name="retryIteration" value="0" />
                    <property name="repeatIteration" value="0" />
                  </properties>
                </test-case>
                <test-case id="1065" name="VineBreaksAndResetsVineCounter" fullname="Rescue.Core.Tests.Rules.BlockersTests.VineBreaksAndResetsVineCounter" methodname="VineBreaksAndResetsVineCounter" classname="Rescue.Core.Tests.Rules.BlockersTests" runstate="Runnable" seed="1947950149" result="Passed" start-time="2026-04-25 02:41:14Z" end-time="2026-04-25 02:41:14Z" duration="0.000285" asserts="0">
                  <properties>
                    <property name="retryIteration" value="0" />
                    <property name="repeatIteration" value="0" />
                  </properties>
                </test-case>
              </test-suite>
              <test-suite type="TestFixture" id="1069" name="DockJamTests" fullname="Rescue.Core.Tests.Rules.DockJamTests" classname="Rescue.Core.Tests.Rules.DockJamTests" runstate="Runnable" testcasecount="5" result="Passed" start-time="2026-04-25 02:41:14Z" end-time="2026-04-25 02:41:14Z" duration="0.001731" total="5" passed="5" failed="0" inconclusive="0" skipped="0" asserts="0">
                <properties />
                <test-case id="1074" name="DockJamDisabledFirstOverflowBecomesNormalLoss" fullname="Rescue.Core.Tests.Rules.DockJamTests.DockJamDisabledFirstOverflowBecomesNormalLoss" methodname="DockJamDisabledFirstOverflowBecomesNormalLoss" classname="Rescue.Core.Tests.Rules.DockJamTests" runstate="Runnable" seed="2120152975" result="Passed" start-time="2026-04-25 02:41:14Z" end-time="2026-04-25 02:41:14Z" duration="0.000254" asserts="0">
                  <properties>
                    <property name="retryIteration" value="0" />
                    <property name="repeatIteration" value="0" />
                  </properties>
                </test-case>
                <test-case id="1070" name="DockJamEnabledFirstOverflowFreezesWithoutImmediateLoss" fullname="Rescue.Core.Tests.Rules.DockJamTests.DockJamEnabledFirstOverflowFreezesWithoutImmediateLoss" methodname="DockJamEnabledFirstOverflowFreezesWithoutImmediateLoss" classname="Rescue.Core.Tests.Rules.DockJamTests" runstate="Runnable" seed="360235038" result="Passed" start-time="2026-04-25 02:41:14Z" end-time="2026-04-25 02:41:14Z" duration="0.000282" asserts="0">
                  <properties>
                    <property name="retryIteration" value="0" />
                    <property name="repeatIteration" value="0" />
                  </properties>
                </test-case>
                <test-case id="1073" name="DockJamFiresOnceOnly" fullname="Rescue.Core.Tests.Rules.DockJamTests.DockJamFiresOnceOnly" methodname="DockJamFiresOnceOnly" classname="Rescue.Core.Tests.Rules.DockJamTests" runstate="Runnable" seed="85576934" result="Passed" start-time="2026-04-25 02:41:14Z" end-time="2026-04-25 02:41:14Z" duration="0.000263" asserts="0">
                  <properties>
                    <property name="retryIteration" value="0" />
                    <property name="repeatIteration" value="0" />
                  </properties>
                </test-case>
                <test-case id="1071" name="NextActionThatClearsTripleContinuesPlay" fullname="Rescue.Core.Tests.Rules.DockJamTests.NextActionThatClearsTripleContinuesPlay" methodname="NextActionThatClearsTripleContinuesPlay" classname="Rescue.Core.Tests.Rules.DockJamTests" runstate="Runnable" seed="1980501908" result="Passed" start-time="2026-04-25 02:41:14Z" end-time="2026-04-25 02:41:14Z" duration="0.000165" asserts="0">
                  <properties>
                    <property name="retryIteration" value="0" />
                    <property name="repeatIteration" value="0" />
                  </properties>
                </test-case>
                <test-case id="1072" name="NextActionThatDoesNotClearTripleLoses" fullname="Rescue.Core.Tests.Rules.DockJamTests.NextActionThatDoesNotClearTripleLoses" methodname="NextActionThatDoesNotClearTripleLoses" classname="Rescue.Core.Tests.Rules.DockJamTests" runstate="Runnable" seed="1492067572" result="Passed" start-time="2026-04-25 02:41:14Z" end-time="2026-04-25 02:41:14Z" duration="0.000225" asserts="0">
                  <properties>
                    <property name="retryIteration" value="0" />
                    <property name="repeatIteration" value="0" />
                  </properties>
                </test-case>
              </test-suite>
              <test-suite type="TestFixture" id="1075" name="DockTests" fullname="Rescue.Core.Tests.Rules.DockTests" classname="Rescue.Core.Tests.Rules.DockTests" runstate="Runnable" testcasecount="6" result="Passed" start-time="2026-04-25 02:41:14Z" end-time="2026-04-25 02:41:14Z" duration="0.004394" total="6" passed="6" failed="0" inconclusive="0" skipped="0" asserts="0">
                <properties />
                <test-case id="1080" name="CompactionAfterClearLeavesNoGaps" fullname="Rescue.Core.Tests.Rules.DockTests.CompactionAfterClearLeavesNoGaps" methodname="CompactionAfterClearLeavesNoGaps" classname="Rescue.Core.Tests.Rules.DockTests" runstate="Runnable" seed="323931548" result="Passed" start-time="2026-04-25 02:41:14Z" end-time="2026-04-25 02:41:14Z" duration="0.000399" asserts="0">
                  <properties>
                    <property name="retryIteration" value="0" />
                    <property name="repeatIteration" value="0" />
                  </properties>
                </test-case>
                <test-case id="1077" name="InsertFourMatchingPiecesClearsThreeAndLeavesOne" fullname="Rescue.Core.Tests.Rules.DockTests.InsertFourMatchingPiecesClearsThreeAndLeavesOne" methodname="InsertFourMatchingPiecesClearsThreeAndLeavesOne" classname="Rescue.Core.Tests.Rules.DockTests" runstate="Runnable" seed="81768111" result="Passed" start-time="2026-04-25 02:41:14Z" end-time="2026-04-25 02:41:14Z" duration="0.000285" asserts="0">
                  <properties>
                    <property name="retryIteration" value="0" />
                    <property name="repeatIteration" value="0" />
                  </properties>
                </test-case>
                <test-case id="1078" name="InsertSixMatchingPiecesClearsTwoTriples" fullname="Rescue.Core.Tests.Rules.DockTests.InsertSixMatchingPiecesClearsTwoTriples" methodname="InsertSixMatchingPiecesClearsTwoTriples" classname="Rescue.Core.Tests.Rules.DockTests" runstate="Runnable" seed="1207571821" result="Passed" start-time="2026-04-25 02:41:14Z" end-time="2026-04-25 02:41:14Z" duration="0.000563" asserts="0">
                  <properties>
                    <property name="retryIteration" value="0" />
                    <property name="repeatIteration" value="0" />
                  </properties>
                </test-case>
                <test-case id="1079" name="InsertThatWouldExceedCapacitySetsOverflowFlag" fullname="Rescue.Core.Tests.Rules.DockTests.InsertThatWouldExceedCapacitySetsOverflowFlag" methodname="InsertThatWouldExceedCapacitySetsOverflowFlag" classname="Rescue.Core.Tests.Rules.DockTests" runstate="Runnable" seed="498334145" result="Passed" start-time="2026-04-25 02:41:14Z" end-time="2026-04-25 02:41:14Z" duration="0.000748" asserts="0">
                  <properties>
                    <property name="retryIteration" value="0" />
                    <property name="repeatIteration" value="0" />
                  </properties>
                </test-case>
                <test-case id="1076" name="InsertThreeMatchingPiecesIntoEmptyDockClearsImmediately" fullname="Rescue.Core.Tests.Rules.DockTests.InsertThreeMatchingPiecesIntoEmptyDockClearsImmediately" methodname="InsertThreeMatchingPiecesIntoEmptyDockClearsImmediately" classname="Rescue.Core.Tests.Rules.DockTests" runstate="Runnable" seed="1012396498" result="Passed" start-time="2026-04-25 02:41:14Z" end-time="2026-04-25 02:41:14Z" duration="0.000253" asserts="0">
                  <properties>
                    <property name="retryIteration" value="0" />
                    <property name="repeatIteration" value="0" />
                  </properties>
                </test-case>
                <test-case id="1081" name="WarningLevelChangesEmitAtThresholds" fullname="Rescue.Core.Tests.Rules.DockTests.WarningLevelChangesEmitAtThresholds" methodname="WarningLevelChangesEmitAtThresholds" classname="Rescue.Core.Tests.Rules.DockTests" runstate="Runnable" seed="217417029" result="Passed" start-time="2026-04-25 02:41:14Z" end-time="2026-04-25 02:41:14Z" duration="0.001515" asserts="0">
                  <properties>
                    <property name="retryIteration" value="0" />
                    <property name="repeatIteration" value="0" />
                  </properties>
                </test-case>
              </test-suite>
              <test-suite type="TestFixture" id="1082" name="ExtractionTests" fullname="Rescue.Core.Tests.Rules.ExtractionTests" classname="Rescue.Core.Tests.Rules.ExtractionTests" runstate="Runnable" testcasecount="8" result="Passed" start-time="2026-04-25 02:41:14Z" end-time="2026-04-25 02:41:14Z" duration="0.004446" total="8" passed="8" failed="0" inconclusive="0" skipped="0" asserts="0">
                <properties />
                <test-case id="1086" name="CornerTargetExtractsWithTwoOpenSides" fullname="Rescue.Core.Tests.Rules.ExtractionTests.CornerTargetExtractsWithTwoOpenSides" methodname="CornerTargetExtractsWithTwoOpenSides" classname="Rescue.Core.Tests.Rules.ExtractionTests" runstate="Runnable" seed="958332518" result="Passed" start-time="2026-04-25 02:41:14Z" end-time="2026-04-25 02:41:14Z" duration="0.000396" asserts="0">
                  <properties>
                    <property name="retryIteration" value="0" />
                    <property name="repeatIteration" value="0" />
                  </properties>
                </test-case>
                <test-case id="1085" name="EdgeTargetWithAllExistingSidesOpenExtracts" fullname="Rescue.Core.Tests.Rules.ExtractionTests.EdgeTargetWithAllExistingSidesOpenExtracts" methodname="EdgeTargetWithAllExistingSidesOpenExtracts" classname="Rescue.Core.Tests.Rules.ExtractionTests" runstate="Runnable" seed="317514895" result="Passed" start-time="2026-04-25 02:41:14Z" end-time="2026-04-25 02:41:14Z" duration="0.000321" asserts="0">
                  <properties>
                    <property name="retryIteration" value="0" />
                    <property name="repeatIteration" value="0" />
                  </properties>
                </test-case>
                <test-case id="1083" name="InteriorTargetWithFourOpenNeighborsExtracts" fullname="Rescue.Core.Tests.Rules.ExtractionTests.InteriorTargetWithFourOpenNeighborsExtracts" methodname="InteriorTargetWithFourOpenNeighborsExtracts" classname="Rescue.Core.Tests.Rules.ExtractionTests" runstate="Runnable" seed="1561532035" result="Passed" start-time="2026-04-25 02:41:14Z" end-time="2026-04-25 02:41:14Z" duration="0.000476" asserts="0">
                  <properties>
                    <property name="retryIteration" value="0" />
                    <property name="repeatIteration" value="0" />
                  </properties>
                </test-case>
                <test-case id="1084" name="InteriorTargetWithThreeOpenNeighborsDoesNotExtract" fullname="Rescue.Core.Tests.Rules.ExtractionTests.InteriorTargetWithThreeOpenNeighborsDoesNotExtract" methodname="InteriorTargetWithThreeOpenNeighborsDoesNotExtract" classname="Rescue.Core.Tests.Rules.ExtractionTests" runstate="Runnable" seed="467837309" result="Passed" start-time="2026-04-25 02:41:14Z" end-time="2026-04-25 02:41:14Z" duration="0.000377" asserts="0">
                  <properties>
                    <property name="retryIteration" value="0" />
                    <property name="repeatIteration" value="0" />
                  </properties>
                </test-case>
                <test-case id="1087" name="TargetBecomesOneClearAwayWhenExactlyOneRequiredNeighborBlocks" fullname="Rescue.Core.Tests.Rules.ExtractionTests.TargetBecomesOneClearAwayWhenExactlyOneRequiredNeighborBlocks" methodname="TargetBecomesOneClearAwayWhenExactlyOneRequiredNeighborBlocks" classname="Rescue.Core.Tests.Rules.ExtractionTests" runstate="Runnable" seed="1452418746" result="Passed" start-time="2026-04-25 02:41:14Z" end-time="2026-04-25 02:41:14Z" duration="0.000296" asserts="0">
                  <properties>
                    <property name="retryIteration" value="0" />
                    <property name="repeatIteration" value="0" />
                  </properties>
                </test-case>
                <test-case id="1088" name="TargetOneClearAwayFiresOnFalseToTrueTransitionOnly" fullname="Rescue.Core.Tests.Rules.ExtractionTests.TargetOneClearAwayFiresOnFalseToTrueTransitionOnly" methodname="TargetOneClearAwayFiresOnFalseToTrueTransitionOnly" classname="Rescue.Core.Tests.Rules.ExtractionTests" runstate="Runnable" seed="2109684047" result="Passed" start-time="2026-04-25 02:41:14Z" end-time="2026-04-25 02:41:14Z" duration="0.000368" asserts="0">
                  <properties>
                    <property name="retryIteration" value="0" />
                    <property name="repeatIteration" value="0" />
                  </properties>
                </test-case>
                <test-case id="1089" name="WinFiresImmediatelyOnFinalExtraction" fullname="Rescue.Core.Tests.Rules.ExtractionTests.WinFiresImmediatelyOnFinalExtraction" methodname="WinFiresImmediatelyOnFinalExtraction" classname="Rescue.Core.Tests.Rules.ExtractionTests" runstate="Runnable" seed="1591317724" result="Passed" start-time="2026-04-25 02:41:14Z" end-time="2026-04-25 02:41:14Z" duration="0.000636" asserts="0">
                  <properties>
                    <property name="retryIteration" value="0" />
                    <property name="repeatIteration" value="0" />
                  </properties>
                </test-case>
                <test-case id="1090" name="WinSkipsLaterHazardSteps" fullname="Rescue.Core.Tests.Rules.ExtractionTests.WinSkipsLaterHazardSteps" methodname="WinSkipsLaterHazardSteps" classname="Rescue.Core.Tests.Rules.ExtractionTests" runstate="Runnable" seed="367432749" result="Passed" start-time="2026-04-25 02:41:14Z" end-time="2026-04-25 02:41:14Z" duration="0.000719" asserts="0">
                  <properties>
                    <property name="retryIteration" value="0" />
                    <property name="repeatIteration" value="0" />
                  </properties>
                </test-case>
              </test-suite>
              <test-suite type="TestFixture" id="1091" name="GravityTests" fullname="Rescue.Core.Tests.Rules.GravityTests" classname="Rescue.Core.Tests.Rules.GravityTests" runstate="Runnable" testcasecount="4" result="Passed" start-time="2026-04-25 02:41:14Z" end-time="2026-04-25 02:41:14Z" duration="0.002584" total="4" passed="4" failed="0" inconclusive="0" skipped="0" asserts="0">
                <properties />
                <test-case id="1094" name="FloodedTileActsAsFloorAndDryTilesSettleOnTop" fullname="Rescue.Core.Tests.Rules.GravityTests.FloodedTileActsAsFloorAndDryTilesSettleOnTop" methodname="FloodedTileActsAsFloorAndDryTilesSettleOnTop" classname="Rescue.Core.Tests.Rules.GravityTests" runstate="Runnable" seed="1074588330" result="Passed" start-time="2026-04-25 02:41:14Z" end-time="2026-04-25 02:41:14Z" duration="0.000312" asserts="0">
                  <properties>
                    <property name="retryIteration" value="0" />
                    <property name="repeatIteration" value="0" />
                  </properties>
                </test-case>
                <test-case id="1093" name="FullColumnOfDebrisAboveEmptyShiftsDownCorrectly" fullname="Rescue.Core.Tests.Rules.GravityTests.FullColumnOfDebrisAboveEmptyShiftsDownCorrectly" methodname="FullColumnOfDebrisAboveEmptyShiftsDownCorrectly" classname="Rescue.Core.Tests.Rules.GravityTests" runstate="Runnable" seed="647216899" result="Passed" start-time="2026-04-25 02:41:14Z" end-time="2026-04-25 02:41:14Z" duration="0.001028" asserts="0">
                  <properties>
                    <property name="retryIteration" value="0" />
                    <property name="repeatIteration" value="0" />
                  </properties>
                </test-case>
                <test-case id="1095" name="GravityIsIdempotent" fullname="Rescue.Core.Tests.Rules.GravityTests.GravityIsIdempotent" methodname="GravityIsIdempotent" classname="Rescue.Core.Tests.Rules.GravityTests" runstate="Runnable" seed="1878551481" result="Passed" start-time="2026-04-25 02:41:14Z" end-time="2026-04-25 02:41:14Z" duration="0.000385" asserts="0">
                  <properties>
                    <property name="retryIteration" value="0" />
                    <property name="repeatIteration" value="0" />
                  </properties>
                </test-case>
                <test-case id="1092" name="SingleHoleFillsFromAbove" fullname="Rescue.Core.Tests.Rules.GravityTests.SingleHoleFillsFromAbove" methodname="SingleHoleFillsFromAbove" classname="Rescue.Core.Tests.Rules.GravityTests" runstate="Runnable" seed="1602165649" result="Passed" start-time="2026-04-25 02:41:14Z" end-time="2026-04-25 02:41:14Z" duration="0.000319" asserts="0">
                  <properties>
                    <property name="retryIteration" value="0" />
                    <property name="repeatIteration" value="0" />
                  </properties>
                </test-case>
              </test-suite>
              <test-suite type="TestFixture" id="1096" name="GroupsTests" fullname="Rescue.Core.Tests.Rules.GroupsTests" classname="Rescue.Core.Tests.Rules.GroupsTests" runstate="Runnable" testcasecount="7" result="Passed" start-time="2026-04-25 02:41:14Z" end-time="2026-04-25 02:41:14Z" duration="0.002794" total="7" passed="7" failed="0" inconclusive="0" skipped="0" asserts="0">
                <properties />
                <test-case id="1102" name="FindGroupDoesNotIncludeTileHiddenUnderIce" fullname="Rescue.Core.Tests.Rules.GroupsTests.FindGroupDoesNotIncludeTileHiddenUnderIce" methodname="FindGroupDoesNotIncludeTileHiddenUnderIce" classname="Rescue.Core.Tests.Rules.GroupsTests" runstate="Runnable" seed="1530891438" result="Passed" start-time="2026-04-25 02:41:14Z" end-time="2026-04-25 02:41:14Z" duration="0.000359" asserts="0">
                  <properties>
                    <property name="retryIteration" value="0" />
                    <property name="repeatIteration" value="0" />
                  </properties>
                </test-case>
                <test-case id="1100" name="FindGroupDoesNotUseDiagonalAdjacency" fullname="Rescue.Core.Tests.Rules.GroupsTests.FindGroupDoesNotUseDiagonalAdjacency" methodname="FindGroupDoesNotUseDiagonalAdjacency" classname="Rescue.Core.Tests.Rules.GroupsTests" runstate="Runnable" seed="882387190" result="Passed" start-time="2026-04-25 02:41:14Z" end-time="2026-04-25 02:41:14Z" duration="0.000137" asserts="0">
                  <properties>
                    <property name="retryIteration" value="0" />
                    <property name="repeatIteration" value="0" />
                  </properties>
                </test-case>
                <test-case id="1099" name="FindGroupReturnsAllTilesForLShape" fullname="Rescue.Core.Tests.Rules.GroupsTests.FindGroupReturnsAllTilesForLShape" methodname="FindGroupReturnsAllTilesForLShape" classname="Rescue.Core.Tests.Rules.GroupsTests" runstate="Runnable" seed="550854049" result="Passed" start-time="2026-04-25 02:41:14Z" end-time="2026-04-25 02:41:14Z" duration="0.000859" asserts="0">
                  <properties>
                    <property name="retryIteration" value="0" />
                    <property name="repeatIteration" value="0" />
                  </properties>
                </test-case>
                <test-case id="1098" name="FindGroupReturnsBothTilesForHorizontalPair" fullname="Rescue.Core.Tests.Rules.GroupsTests.FindGroupReturnsBothTilesForHorizontalPair" methodname="FindGroupReturnsBothTilesForHorizontalPair" classname="Rescue.Core.Tests.Rules.GroupsTests" runstate="Runnable" seed="1735331656" result="Passed" start-time="2026-04-25 02:41:14Z" end-time="2026-04-25 02:41:14Z" duration="0.000241" asserts="0">
                  <properties>
                    <property name="retryIteration" value="0" />
                    <property name="repeatIteration" value="0" />
                  </properties>
                </test-case>
                <test-case id="1103" name="FindGroupReturnsNullForFloodedTile" fullname="Rescue.Core.Tests.Rules.GroupsTests.FindGroupReturnsNullForFloodedTile" methodname="FindGroupReturnsNullForFloodedTile" classname="Rescue.Core.Tests.Rules.GroupsTests" runstate="Runnable" seed="665884812" result="Passed" start-time="2026-04-25 02:41:14Z" end-time="2026-04-25 02:41:14Z" duration="0.000140" asserts="0">
                  <properties>
                    <property name="retryIteration" value="0" />
                    <property name="repeatIteration" value="0" />
                  </properties>
                </test-case>
                <test-case id="1097" name="FindGroupReturnsNullForSingleTile" fullname="Rescue.Core.Tests.Rules.GroupsTests.FindGroupReturnsNullForSingleTile" methodname="FindGroupReturnsNullForSingleTile" classname="Rescue.Core.Tests.Rules.GroupsTests" runstate="Runnable" seed="496931774" result="Passed" start-time="2026-04-25 02:41:14Z" end-time="2026-04-25 02:41:14Z" duration="0.000111" asserts="0">
                  <properties>
                    <property name="retryIteration" value="0" />
                    <property name="repeatIteration" value="0" />
                  </properties>
                </test-case>
                <test-case id="1101" name="FindGroupStopsAtDifferentDebrisTypeBoundary" fullname="Rescue.Core.Tests.Rules.GroupsTests.FindGroupStopsAtDifferentDebrisTypeBoundary" methodname="FindGroupStopsAtDifferentDebrisTypeBoundary" classname="Rescue.Core.Tests.Rules.GroupsTests" runstate="Runnable" seed="1259441561" result="Passed" start-time="2026-04-25 02:41:14Z" end-time="2026-04-25 02:41:14Z" duration="0.000192" asserts="0">
                  <properties>
                    <property name="retryIteration" value="0" />
                    <property name="repeatIteration" value="0" />
                  </properties>
                </test-case>
              </test-suite>
              <test-suite type="TestFixture" id="1104" name="SpawnTests" fullname="Rescue.Core.Tests.Rules.SpawnTests" classname="Rescue.Core.Tests.Rules.SpawnTests" runstate="Runnable" testcasecount="22" result="Passed" start-time="2026-04-25 02:41:14Z" end-time="2026-04-25 02:41:14Z" duration="0.099460" total="22" passed="22" failed="0" inconclusive="0" skipped="0" asserts="0">
                <properties />
                <test-case id="1106" name="AssistanceChanceOnePrefersTypeWithTwoAlreadyInDock" fullname="Rescue.Core.Tests.Rules.SpawnTests.AssistanceChanceOnePrefersTypeWithTwoAlreadyInDock" methodname="AssistanceChanceOnePrefersTypeWithTwoAlreadyInDock" classname="Rescue.Core.Tests.Rules.SpawnTests" runstate="Runnable" seed="40036145" result="Passed" start-time="2026-04-25 02:41:14Z" end-time="2026-04-25 02:41:14Z" duration="0.000424" asserts="0">
                  <properties>
                    <property name="retryIteration" value="0" />
                    <property name="repeatIteration" value="0" />
                  </properties>
                </test-case>
                <test-case id="1110" name="AssistanceChanceOverrideReplacesLevelDefaultBeforeEmergencyBonus" fullname="Rescue.Core.Tests.Rules.SpawnTests.AssistanceChanceOverrideReplacesLevelDefaultBeforeEmergencyBonus" methodname="AssistanceChanceOverrideReplacesLevelDefaultBeforeEmergencyBonus" classname="Rescue.Core.Tests.Rules.SpawnTests" runstate="Runnable" seed="1975456000" result="Passed" start-time="2026-04-25 02:41:14Z" end-time="2026-04-25 02:41:14Z" duration="0.000309" asserts="0">
                  <properties>
                    <property name="retryIteration" value="0" />
                    <property name="repeatIteration" value="0" />
                  </properties>
                </test-case>
                <test-case id="1105" name="AssistanceChanceZeroKeepsDistributionNearBaseWeights" fullname="Rescue.Core.Tests.Rules.SpawnTests.AssistanceChanceZeroKeepsDistributionNearBaseWeights" methodname="AssistanceChanceZeroKeepsDistributionNearBaseWeights" classname="Rescue.Core.Tests.Rules.SpawnTests" runstate="Runnable" seed="481499556" result="Passed" start-time="2026-04-25 02:41:14Z" end-time="2026-04-25 02:41:14Z" duration="0.004318" asserts="0">
                  <properties>
                    <property name="retryIteration" value="0" />
                    <property name="repeatIteration" value="0" />
                  </properties>
                </test-case>
                <test-case id="1117" name="CandidateGetsReachablePairRouteBonusWhenSpawnCreatesLegalRouteGroup" fullname="Rescue.Core.Tests.Rules.SpawnTests.CandidateGetsReachablePairRouteBonusWhenSpawnCreatesLegalRouteGroup" methodname="CandidateGetsReachablePairRouteBonusWhenSpawnCreatesLegalRouteGroup" classname="Rescue.Core.Tests.Rules.SpawnTests" runstate="Runnable" seed="1193819234" result="Passed" start-time="2026-04-25 02:41:14Z" end-time="2026-04-25 02:41:14Z" duration="0.000425" asserts="0">
                  <properties>
                    <property name="retryIteration" value="0" />
                    <property name="repeatIteration" value="0" />
                  </properties>
                </test-case>
                <test-case id="1119" name="CandidateGetsRouteAdjacencyBonusWhenFinalTileLandsInSoftRoute" fullname="Rescue.Core.Tests.Rules.SpawnTests.CandidateGetsRouteAdjacencyBonusWhenFinalTileLandsInSoftRoute" methodname="CandidateGetsRouteAdjacencyBonusWhenFinalTileLandsInSoftRoute" classname="Rescue.Core.Tests.Rules.SpawnTests" runstate="Runnable" seed="1307116352" result="Passed" start-time="2026-04-25 02:41:14Z" end-time="2026-04-25 02:41:14Z" duration="0.000326" asserts="0">
                  <properties>
                    <property name="retryIteration" value="0" />
                    <property name="repeatIteration" value="0" />
                  </properties>
                </test-case>
                <test-case id="1121" name="DockBonusStillOutranksRouteAdjacency" fullname="Rescue.Core.Tests.Rules.SpawnTests.DockBonusStillOutranksRouteAdjacency" methodname="DockBonusStillOutranksRouteAdjacency" classname="Rescue.Core.Tests.Rules.SpawnTests" runstate="Runnable" seed="1037057630" result="Passed" start-time="2026-04-25 02:41:14Z" end-time="2026-04-25 02:41:14Z" duration="0.000219" asserts="0">
                  <properties>
                    <property name="retryIteration" value="0" />
                    <property name="repeatIteration" value="0" />
                  </properties>
                </test-case>
                <test-case id="1107" name="EmergencyTriggerAtDockOccupancyFiveRaisesAssistanceByExactlyTwentyPoints" fullname="Rescue.Core.Tests.Rules.SpawnTests.EmergencyTriggerAtDockOccupancyFiveRaisesAssistanceByExactlyTwentyPoints" methodname="EmergencyTriggerAtDockOccupancyFiveRaisesAssistanceByExactlyTwentyPoints" classname="Rescue.Core.Tests.Rules.SpawnTests" runstate="Runnable" seed="1228716827" result="Passed" start-time="2026-04-25 02:41:14Z" end-time="2026-04-25 02:41:14Z" duration="0.000198" asserts="0">
                  <properties>
                    <property name="retryIteration" value="0" />
                    <property name="repeatIteration" value="0" />
                  </properties>
                </test-case>
                <test-case id="1109" name="ForceEmergencyOverrideAppliesEmergencyBonusWithoutNaturalTrigger" fullname="Rescue.Core.Tests.Rules.SpawnTests.ForceEmergencyOverrideAppliesEmergencyBonusWithoutNaturalTrigger" methodname="ForceEmergencyOverrideAppliesEmergencyBonusWithoutNaturalTrigger" classname="Rescue.Core.Tests.Rules.SpawnTests" runstate="Runnable" seed="1191141260" result="Passed" start-time="2026-04-25 02:41:14Z" end-time="2026-04-25 02:41:14Z" duration="0.000155" asserts="0">
                  <properties>
                    <property name="retryIteration" value="0" />
                    <property name="repeatIteration" value="0" />
                  </properties>
[...]
                  <properties>
                    <property name="retryIteration" value="0" />
                    <property name="repeatIteration" value="0" />
                  </properties>
                </test-case>
                <test-case id="1330" name="DockVisualStateResolver_MapsOccupancyToAcute" fullname="Rescue.Unity.UI.Tests.DockViewPresenterTests.DockVisualStateResolver_MapsOccupancyToAcute" methodname="DockVisualStateResolver_MapsOccupancyToAcute" classname="Rescue.Unity.UI.Tests.DockViewPresenterTests" runstate="Runnable" seed="1931468797" result="Passed" start-time="2026-04-25 02:41:26Z" end-time="2026-04-25 02:41:26Z" duration="0.000105" asserts="0">
                  <properties>
                    <property name="retryIteration" value="0" />
                    <property name="repeatIteration" value="0" />
                  </properties>
                </test-case>
                <test-case id="1329" name="DockVisualStateResolver_MapsOccupancyToCaution" fullname="Rescue.Unity.UI.Tests.DockViewPresenterTests.DockVisualStateResolver_MapsOccupancyToCaution" methodname="DockVisualStateResolver_MapsOccupancyToCaution" classname="Rescue.Unity.UI.Tests.DockViewPresenterTests" runstate="Runnable" seed="1788899742" result="Passed" start-time="2026-04-25 02:41:26Z" end-time="2026-04-25 02:41:26Z" duration="0.000091" asserts="0">
                  <properties>
                    <property name="retryIteration" value="0" />
                    <property name="repeatIteration" value="0" />
                  </properties>
                </test-case>
                <test-case id="1331" name="DockVisualStateResolver_MapsOccupancyToFailed" fullname="Rescue.Unity.UI.Tests.DockViewPresenterTests.DockVisualStateResolver_MapsOccupancyToFailed" methodname="DockVisualStateResolver_MapsOccupancyToFailed" classname="Rescue.Unity.UI.Tests.DockViewPresenterTests" runstate="Runnable" seed="985724763" result="Passed" start-time="2026-04-25 02:41:26Z" end-time="2026-04-25 02:41:26Z" duration="0.000077" asserts="0">
                  <properties>
                    <property name="retryIteration" value="0" />
                    <property name="repeatIteration" value="0" />
                  </properties>
                </test-case>
                <test-suite type="ParameterizedMethod" id="1328" name="DockVisualStateResolver_MapsOccupancyToSafe" fullname="Rescue.Unity.UI.Tests.DockViewPresenterTests.DockVisualStateResolver_MapsOccupancyToSafe" classname="Rescue.Unity.UI.Tests.DockViewPresenterTests" runstate="Runnable" testcasecount="5" result="Passed" start-time="2026-04-25 02:41:26Z" end-time="2026-04-25 02:41:26Z" duration="0.000846" total="5" passed="5" failed="0" inconclusive="0" skipped="0" asserts="0">
                  <properties />
                  <test-case id="1323" name="DockVisualStateResolver_MapsOccupancyToSafe(0)" fullname="Rescue.Unity.UI.Tests.DockViewPresenterTests.DockVisualStateResolver_MapsOccupancyToSafe(0)" methodname="DockVisualStateResolver_MapsOccupancyToSafe" classname="Rescue.Unity.UI.Tests.DockViewPresenterTests" runstate="Runnable" seed="160952063" result="Passed" start-time="2026-04-25 02:41:26Z" end-time="2026-04-25 02:41:26Z" duration="0.000199" asserts="0">
                    <properties>
                      <property name="retryIteration" value="0" />
                      <property name="repeatIteration" value="0" />
                    </properties>
                  </test-case>
                  <test-case id="1324" name="DockVisualStateResolver_MapsOccupancyToSafe(1)" fullname="Rescue.Unity.UI.Tests.DockViewPresenterTests.DockVisualStateResolver_MapsOccupancyToSafe(1)" methodname="DockVisualStateResolver_MapsOccupancyToSafe" classname="Rescue.Unity.UI.Tests.DockViewPresenterTests" runstate="Runnable" seed="65730821" result="Passed" start-time="2026-04-25 02:41:26Z" end-time="2026-04-25 02:41:26Z" duration="0.000047" asserts="0">
                    <properties>
                      <property name="retryIteration" value="0" />
                      <property name="repeatIteration" value="0" />
                    </properties>
                  </test-case>
                  <test-case id="1325" name="DockVisualStateResolver_MapsOccupancyToSafe(2)" fullname="Rescue.Unity.UI.Tests.DockViewPresenterTests.DockVisualStateResolver_MapsOccupancyToSafe(2)" methodname="DockVisualStateResolver_MapsOccupancyToSafe" classname="Rescue.Unity.UI.Tests.DockViewPresenterTests" runstate="Runnable" seed="56357966" result="Passed" start-time="2026-04-25 02:41:26Z" end-time="2026-04-25 02:41:26Z" duration="0.000039" asserts="0">
                    <properties>
                      <property name="retryIteration" value="0" />
                      <property name="repeatIteration" value="0" />
                    </properties>
                  </test-case>
                  <test-case id="1326" name="DockVisualStateResolver_MapsOccupancyToSafe(3)" fullname="Rescue.Unity.UI.Tests.DockViewPresenterTests.DockVisualStateResolver_MapsOccupancyToSafe(3)" methodname="DockVisualStateResolver_MapsOccupancyToSafe" classname="Rescue.Unity.UI.Tests.DockViewPresenterTests" runstate="Runnable" seed="269031541" result="Passed" start-time="2026-04-25 02:41:26Z" end-time="2026-04-25 02:41:26Z" duration="0.000034" asserts="0">
                    <properties>
                      <property name="retryIteration" value="0" />
                      <property name="repeatIteration" value="0" />
                    </properties>
                  </test-case>
                  <test-case id="1327" name="DockVisualStateResolver_MapsOccupancyToSafe(4)" fullname="Rescue.Unity.UI.Tests.DockViewPresenterTests.DockVisualStateResolver_MapsOccupancyToSafe(4)" methodname="DockVisualStateResolver_MapsOccupancyToSafe" classname="Rescue.Unity.UI.Tests.DockViewPresenterTests" runstate="Runnable" seed="671791398" result="Passed" start-time="2026-04-25 02:41:26Z" end-time="2026-04-25 02:41:26Z" duration="0.000035" asserts="0">
                    <properties>
                      <property name="retryIteration" value="0" />
                      <property name="repeatIteration" value="0" />
                    </properties>
                  </test-case>
                </test-suite>
              </test-suite>
            </test-suite>
          </test-suite>
        </test-suite>
      </test-suite>
    </test-suite>
    <test-suite type="Assembly" id="1346" name="Rescue.Unity.Presentation.EditMode.Tests.dll" fullname="C:/Users/jwmcg/OneDrive/Documents/AI Projects/Live Envirnments/rescue-grid/Library/ScriptAssemblies/Rescue.Unity.Presentation.EditMode.Tests.dll" runstate="Runnable" testcasecount="3" result="Passed" start-time="2026-04-25 02:41:26Z" end-time="2026-04-25 02:41:26Z" duration="0.007042" total="3" passed="3" failed="0" inconclusive="0" skipped="0" asserts="0">
      <properties>
        <property name="_PID" value="37304" />
        <property name="_APPDOMAIN" value="Unity Child Domain" />
        <property name="platform" value="EditMode" />
        <property name="EditorOnly" value="True" />
      </properties>
      <test-suite type="TestSuite" id="1347" name="Rescue" fullname="Rescue" runstate="Runnable" testcasecount="3" result="Passed" start-time="2026-04-25 02:41:26Z" end-time="2026-04-25 02:41:26Z" duration="0.006923" total="3" passed="3" failed="0" inconclusive="0" skipped="0" asserts="0">
        <properties />
        <test-suite type="TestSuite" id="1348" name="Unity" fullname="Rescue.Unity" runstate="Runnable" testcasecount="3" result="Passed" start-time="2026-04-25 02:41:26Z" end-time="2026-04-25 02:41:26Z" duration="0.006854" total="3" passed="3" failed="0" inconclusive="0" skipped="0" asserts="0">
          <properties />
          <test-suite type="TestSuite" id="1349" name="Presentation" fullname="Rescue.Unity.Presentation" runstate="Runnable" testcasecount="3" result="Passed" start-time="2026-04-25 02:41:26Z" end-time="2026-04-25 02:41:26Z" duration="0.006774" total="3" passed="3" failed="0" inconclusive="0" skipped="0" asserts="0">
            <properties />
            <test-suite type="TestSuite" id="1350" name="Tests" fullname="Rescue.Unity.Presentation.Tests" runstate="Runnable" testcasecount="3" result="Passed" start-time="2026-04-25 02:41:26Z" end-time="2026-04-25 02:41:26Z" duration="0.006686" total="3" passed="3" failed="0" inconclusive="0" skipped="0" asserts="0">
              <properties />
              <test-suite type="TestFixture" id="1342" name="GameStateViewPresenterTests" fullname="Rescue.Unity.Presentation.Tests.GameStateViewPresenterTests" classname="Rescue.Unity.Presentation.Tests.GameStateViewPresenterTests" runstate="Runnable" testcasecount="3" result="Passed" start-time="2026-04-25 02:41:26Z" end-time="2026-04-25 02:41:26Z" duration="0.006584" total="3" passed="3" failed="0" inconclusive="0" skipped="0" asserts="0">
                <properties />
                <test-case id="1345" name="GameStateViewPresenter_ClearAllClearsGeneratedObjects" fullname="Rescue.Unity.Presentation.Tests.GameStateViewPresenterTests.GameStateViewPresenter_ClearAllClearsGeneratedObjects" methodname="GameStateViewPresenter_ClearAllClearsGeneratedObjects" classname="Rescue.Unity.Presentation.Tests.GameStateViewPresenterTests" runstate="Runnable" seed="2134221802" result="Passed" start-time="2026-04-25 02:41:26Z" end-time="2026-04-25 02:41:26Z" duration="0.003435" asserts="0">
                  <properties>
                    <property name="retryIteration" value="0" />
                    <property name="repeatIteration" value="0" />
                  </properties>
                </test-case>
                <test-case id="1343" name="GameStateViewPresenter_RebuildDoesNotThrowWithNoPresenters" fullname="Rescue.Unity.Presentation.Tests.GameStateViewPresenterTests.GameStateViewPresenter_RebuildDoesNotThrowWithNoPresenters" methodname="GameStateViewPresenter_RebuildDoesNotThrowWithNoPresenters" classname="Rescue.Unity.Presentation.Tests.GameStateViewPresenterTests" runstate="Runnable" seed="1112979590" result="Passed" start-time="2026-04-25 02:41:26Z" end-time="2026-04-25 02:41:26Z" duration="0.001663" asserts="0">
                  <properties>
                    <property name="retryIteration" value="0" />
                    <property name="repeatIteration" value="0" />
                  </properties>
                  <output><![CDATA[GameStateViewPresenter is missing boardGrid.
GameStateViewPresenter is missing boardContent.
GameStateViewPresenter is missing waterView.
GameStateViewPresenter is missing dockView.
]]></output>
                </test-case>
                <test-case id="1344" name="GameStateViewPresenter_RebuildUpdatesAssignedPresenters" fullname="Rescue.Unity.Presentation.Tests.GameStateViewPresenterTests.GameStateViewPresenter_RebuildUpdatesAssignedPresenters" methodname="GameStateViewPresenter_RebuildUpdatesAssignedPresenters" classname="Rescue.Unity.Presentation.Tests.GameStateViewPresenterTests" runstate="Runnable" seed="454332329" result="Passed" start-time="2026-04-25 02:41:26Z" end-time="2026-04-25 02:41:26Z" duration="0.000992" asserts="0">
                  <properties>
                    <property name="retryIteration" value="0" />
                    <property name="repeatIteration" value="0" />
                  </properties>
                </test-case>
              </test-suite>
            </test-suite>
          </test-suite>
        </test-suite>
      </test-suite>
    </test-suite>
    <test-suite type="Assembly" id="1360" name="Rescue.Unity.Water.EditMode.Tests.dll" fullname="C:/Users/jwmcg/OneDrive/Documents/AI Projects/Live Envirnments/rescue-grid/Library/ScriptAssemblies/Rescue.Unity.Water.EditMode.Tests.dll" runstate="Runnable" testcasecount="7" result="Passed" start-time="2026-04-25 02:41:26Z" end-time="2026-04-25 02:41:26Z" duration="0.005397" total="7" passed="7" failed="0" inconclusive="0" skipped="0" asserts="0">
      <properties>
        <property name="_PID" value="37304" />
        <property name="_APPDOMAIN" value="Unity Child Domain" />
        <property name="platform" value="EditMode" />
        <property name="EditorOnly" value="True" />
      </properties>
      <test-suite type="TestSuite" id="1361" name="Rescue" fullname="Rescue" runstate="Runnable" testcasecount="7" result="Passed" start-time="2026-04-25 02:41:26Z" end-time="2026-04-25 02:41:26Z" duration="0.005133" total="7" passed="7" failed="0" inconclusive="0" skipped="0" asserts="0">
        <properties />
        <test-suite type="TestSuite" id="1362" name="Unity" fullname="Rescue.Unity" runstate="Runnable" testcasecount="7" result="Passed" start-time="2026-04-25 02:41:26Z" end-time="2026-04-25 02:41:26Z" duration="0.005055" total="7" passed="7" failed="0" inconclusive="0" skipped="0" asserts="0">
          <properties />
          <test-suite type="TestSuite" id="1363" name="Water" fullname="Rescue.Unity.Water" runstate="Runnable" testcasecount="7" result="Passed" start-time="2026-04-25 02:41:26Z" end-time="2026-04-25 02:41:26Z" duration="0.004989" total="7" passed="7" failed="0" inconclusive="0" skipped="0" asserts="0">
            <properties />
            <test-suite type="TestSuite" id="1364" name="Tests" fullname="Rescue.Unity.Water.Tests" runstate="Runnable" testcasecount="7" result="Passed" start-time="2026-04-25 02:41:26Z" end-time="2026-04-25 02:41:26Z" duration="0.004908" total="7" passed="7" failed="0" inconclusive="0" skipped="0" asserts="0">
              <properties />
              <test-suite type="TestFixture" id="1351" name="WaterRowResolverTests" fullname="Rescue.Unity.Water.Tests.WaterRowResolverTests" classname="Rescue.Unity.Water.Tests.WaterRowResolverTests" runstate="Runnable" testcasecount="4" result="Passed" start-time="2026-04-25 02:41:26Z" end-time="2026-04-25 02:41:26Z" duration="0.001431" total="4" passed="4" failed="0" inconclusive="0" skipped="0" asserts="0">
                <properties />
                <test-case id="1355" name="WaterRowResolver_NoForecastWhenBoardFullyFlooded" fullname="Rescue.Unity.Water.Tests.WaterRowResolverTests.WaterRowResolver_NoForecastWhenBoardFullyFlooded" methodname="WaterRowResolver_NoForecastWhenBoardFullyFlooded" classname="Rescue.Unity.Water.Tests.WaterRowResolverTests" runstate="Runnable" seed="1877824424" result="Passed" start-time="2026-04-25 02:41:26Z" end-time="2026-04-25 02:41:26Z" duration="0.000135" asserts="0">
                  <properties>
                    <property name="retryIteration" value="0" />
                    <property name="repeatIteration" value="0" />
                  </properties>
                </test-case>
                <test-case id="1353" name="WaterRowResolver_ReturnsBottomRowsForFloodedCount" fullname="Rescue.Unity.Water.Tests.WaterRowResolverTests.WaterRowResolver_ReturnsBottomRowsForFloodedCount" methodname="WaterRowResolver_ReturnsBottomRowsForFloodedCount" classname="Rescue.Unity.Water.Tests.WaterRowResolverTests" runstate="Runnable" seed="1569883409" result="Passed" start-time="2026-04-25 02:41:26Z" end-time="2026-04-25 02:41:26Z" duration="0.000549" asserts="0">
                  <properties>
                    <property name="retryIteration" value="0" />
                    <property name="repeatIteration" value="0" />
                  </properties>
                </test-case>
                <test-case id="1354" name="WaterRowResolver_ReturnsForecastRowAboveFloodedRows" fullname="Rescue.Unity.Water.Tests.WaterRowResolverTests.WaterRowResolver_ReturnsForecastRowAboveFloodedRows" methodname="WaterRowResolver_ReturnsForecastRowAboveFloodedRows" classname="Rescue.Unity.Water.Tests.WaterRowResolverTests" runstate="Runnable" seed="1056462253" result="Passed" start-time="2026-04-25 02:41:26Z" end-time="2026-04-25 02:41:26Z" duration="0.000119" asserts="0">
                  <properties>
                    <property name="retryIteration" value="0" />
                    <property name="repeatIteration" value="0" />
                  </properties>
                </test-case>
                <test-case id="1352" name="WaterRowResolver_ReturnsNoFloodedRowsWhenZero" fullname="Rescue.Unity.Water.Tests.WaterRowResolverTests.WaterRowResolver_ReturnsNoFloodedRowsWhenZero" methodname="WaterRowResolver_ReturnsNoFloodedRowsWhenZero" classname="Rescue.Unity.Water.Tests.WaterRowResolverTests" runstate="Runnable" seed="2106905902" result="Passed" start-time="2026-04-25 02:41:26Z" end-time="2026-04-25 02:41:26Z" duration="0.000128" asserts="0">
                  <properties>
                    <property name="retryIteration" value="0" />
                    <property name="repeatIteration" value="0" />
                  </properties>
                </test-case>
              </test-suite>
              <test-suite type="TestFixture" id="1356" name="WaterViewPresenterTests" fullname="Rescue.Unity.Water.Tests.WaterViewPresenterTests" classname="Rescue.Unity.Water.Tests.WaterViewPresenterTests" runstate="Runnable" testcasecount="3" result="Passed" start-time="2026-04-25 02:41:26Z" end-time="2026-04-25 02:41:26Z" duration="0.003333" total="3" passed="3" failed="0" inconclusive="0" skipped="0" asserts="0">
                <properties />
                <test-case id="1359" name="WaterViewPresenter_ClearWaterRemovesGeneratedObjects" fullname="Rescue.Unity.Water.Tests.WaterViewPresenterTests.WaterViewPresenter_ClearWaterRemovesGeneratedObjects" methodname="WaterViewPresenter_ClearWaterRemovesGeneratedObjects" classname="Rescue.Unity.Water.Tests.WaterViewPresenterTests" runstate="Runnable" seed="125652499" result="Passed" start-time="2026-04-25 02:41:26Z" end-time="2026-04-25 02:41:26Z" duration="0.001415" asserts="0">
                  <properties>
                    <property name="retryIteration" value="0" />
                    <property name="repeatIteration" value="0" />
                  </properties>
                </test-case>
                <test-case id="1358" name="WaterViewPresenter_RebuildCreatesExpectedOverlayCount" fullname="Rescue.Unity.Water.Tests.WaterViewPresenterTests.WaterViewPresenter_RebuildCreatesExpectedOverlayCount" methodname="WaterViewPresenter_RebuildCreatesExpectedOverlayCount" classname="Rescue.Unity.Water.Tests.WaterViewPresenterTests" runstate="Runnable" seed="18549128" result="Passed" start-time="2026-04-25 02:41:26Z" end-time="2026-04-25 02:41:26Z" duration="0.000699" asserts="0">
                  <properties>
                    <property name="retryIteration" value="0" />
                    <property name="repeatIteration" value="0" />
                  </properties>
                </test-case>
                <test-case id="1357" name="WaterViewPresenter_RebuildDoesNotThrowWithMissingArt" fullname="Rescue.Unity.Water.Tests.WaterViewPresenterTests.WaterViewPresenter_RebuildDoesNotThrowWithMissingArt" methodname="WaterViewPresenter_RebuildDoesNotThrowWithMissingArt" classname="Rescue.Unity.Water.Tests.WaterViewPresenterTests" runstate="Runnable" seed="1561329772" result="Passed" start-time="2026-04-25 02:41:26Z" end-time="2026-04-25 02:41:26Z" duration="0.000722" asserts="0">
                  <properties>
                    <property name="retryIteration" value="0" />
                    <property name="repeatIteration" value="0" />
                  </properties>
                  <output><![CDATA[Saving results to: C:\Users\jwmcg\OneDrive\Documents\AI Projects\Live Envirnments\rescue-grid\editmode-results.xml
]]></output>
                </test-case>
              </test-suite>
            </test-suite>
          </test-suite>
        </test-suite>
      </test-suite>
    </test-suite>
  </test-suite>
</test-run>