<?xml version="1.0" encoding="utf-8"?>
<test-run id="2" testcasecount="235" result="Passed" total="235" passed="235" failed="0" inconclusive="0" skipped="0" asserts="0" engine-version="3.5.0.0" clr-version="4.0.30319.42000" start-time="2026-04-24 17:36:00Z" end-time="2026-04-24 17:36:12Z" duration="11.1065803">
  <test-suite type="TestSuite" id="1000" name="rescue-grid" fullname="rescue-grid" runstate="Runnable" testcasecount="235" result="Passed" start-time="2026-04-24 17:36:00Z" end-time="2026-04-24 17:36:12Z" duration="11.106580" total="235" passed="235" failed="0" inconclusive="0" skipped="0" asserts="0">
    <properties>
      <property name="platform" value="EditMode" />
    </properties>
    <test-suite type="Assembly" id="1007" name="Rescue.Content.EditMode.Tests.dll" fullname="C:/Users/jwmcg/OneDrive/Documents/AI Projects/Live Envirnments/rescue-grid/Library/ScriptAssemblies/Rescue.Content.EditMode.Tests.dll" runstate="Runnable" testcasecount="5" result="Passed" start-time="2026-04-24 17:36:00Z" end-time="2026-04-24 17:36:00Z" duration="0.018809" total="5" passed="5" failed="0" inconclusive="0" skipped="0" asserts="0">
      <properties>
        <property name="_PID" value="27700" />
        <property name="_APPDOMAIN" value="Unity Child Domain" />
        <property name="platform" value="EditMode" />
        <property name="EditorOnly" value="True" />
      </properties>
      <test-suite type="TestSuite" id="1008" name="Rescue" fullname="Rescue" runstate="Runnable" testcasecount="5" result="Passed" start-time="2026-04-24 17:36:00Z" end-time="2026-04-24 17:36:00Z" duration="0.018613" total="5" passed="5" failed="0" inconclusive="0" skipped="0" asserts="0">
        <properties />
        <test-suite type="TestSuite" id="1009" name="Content" fullname="Rescue.Content" runstate="Runnable" testcasecount="5" result="Passed" start-time="2026-04-24 17:36:00Z" end-time="2026-04-24 17:36:00Z" duration="0.018545" total="5" passed="5" failed="0" inconclusive="0" skipped="0" asserts="0">
          <properties />
          <test-suite type="TestSuite" id="1010" name="Tests" fullname="Rescue.Content.Tests" runstate="Runnable" testcasecount="5" result="Passed" start-time="2026-04-24 17:36:00Z" end-time="2026-04-24 17:36:00Z" duration="0.018468" total="5" passed="5" failed="0" inconclusive="0" skipped="0" asserts="0">
            <properties />
            <test-suite type="TestFixture" id="1001" name="AsciiPreviewTests" fullname="Rescue.Content.Tests.AsciiPreviewTests" classname="Rescue.Content.Tests.AsciiPreviewTests" runstate="Runnable" testcasecount="5" result="Passed" start-time="2026-04-24 17:36:00Z" end-time="2026-04-24 17:36:00Z" duration="0.017954" total="5" passed="5" failed="0" inconclusive="0" skipped="0" asserts="0">
              <properties />
              <test-case id="1003" name="Render_EachTileType_ProducesDistinctSymbol" fullname="Rescue.Content.Tests.AsciiPreviewTests.Render_EachTileType_ProducesDistinctSymbol" methodname="Render_EachTileType_ProducesDistinctSymbol" classname="Rescue.Content.Tests.AsciiPreviewTests" runstate="Runnable" seed="1936280340" result="Passed" start-time="2026-04-24 17:36:00Z" end-time="2026-04-24 17:36:00Z" duration="0.007296" asserts="0">
                <properties>
                  <property name="retryIteration" value="0" />
                  <property name="repeatIteration" value="0" />
                </properties>
              </test-case>
              <test-case id="1006" name="Render_IceTile_IncludesHiddenDebrisLetter" fullname="Rescue.Content.Tests.AsciiPreviewTests.Render_IceTile_IncludesHiddenDebrisLetter" methodname="Render_IceTile_IncludesHiddenDebrisLetter" classname="Rescue.Content.Tests.AsciiPreviewTests" runstate="Runnable" seed="1553841148" result="Passed" start-time="2026-04-24 17:36:00Z" end-time="2026-04-24 17:36:00Z" duration="0.001076" asserts="0">
                <properties>
                  <property name="retryIteration" value="0" />
                  <property name="repeatIteration" value="0" />
                </properties>
              </test-case>
              <test-case id="1002" name="Render_KnownFixture_ExactMatch" fullname="Rescue.Content.Tests.AsciiPreviewTests.Render_KnownFixture_ExactMatch" methodname="Render_KnownFixture_ExactMatch" classname="Rescue.Content.Tests.AsciiPreviewTests" runstate="Runnable" seed="394876991" result="Passed" start-time="2026-04-24 17:36:00Z" end-time="2026-04-24 17:36:00Z" duration="0.001613" asserts="0">
                <properties>
                  <property name="retryIteration" value="0" />
                  <property name="repeatIteration" value="0" />
                </properties>
              </test-case>
              <test-case id="1005" name="Render_WaterDisabled_HeaderShowsOff" fullname="Rescue.Content.Tests.AsciiPreviewTests.Render_WaterDisabled_HeaderShowsOff" methodname="Render_WaterDisabled_HeaderShowsOff" classname="Rescue.Content.Tests.AsciiPreviewTests" runstate="Runnable" seed="759464358" result="Passed" start-time="2026-04-24 17:36:00Z" end-time="2026-04-24 17:36:00Z" duration="0.000239" asserts="0">
                <properties>
                  <property name="retryIteration" value="0" />
                  <property name="repeatIteration" value="0" />
                </properties>
              </test-case>
              <test-case id="1004" name="Render_WithFloodedRows_BottomRowsAreWaves" fullname="Rescue.Content.Tests.AsciiPreviewTests.Render_WithFloodedRows_BottomRowsAreWaves" methodname="Render_WithFloodedRows_BottomRowsAreWaves" classname="Rescue.Content.Tests.AsciiPreviewTests" runstate="Runnable" seed="865602590" result="Passed" start-time="2026-04-24 17:36:00Z" end-time="2026-04-24 17:36:00Z" duration="0.000364" asserts="0">
                <properties>
                  <property name="retryIteration" value="0" />
                  <property name="repeatIteration" value="0" />
                </properties>
              </test-case>
            </test-suite>
          </test-suite>
        </test-suite>
      </test-suite>
    </test-suite>
    <test-suite type="Assembly" id="1026" name="Rescue.Content.Tests.dll" fullname="C:/Users/jwmcg/OneDrive/Documents/AI Projects/Live Envirnments/rescue-grid/Library/ScriptAssemblies/Rescue.Content.Tests.dll" runstate="Runnable" testcasecount="13" result="Passed" start-time="2026-04-24 17:36:00Z" end-time="2026-04-24 17:36:01Z" duration="0.105913" total="13" passed="13" failed="0" inconclusive="0" skipped="0" asserts="0">
      <properties>
        <property name="_PID" value="27700" />
        <property name="_APPDOMAIN" value="Unity Child Domain" />
        <property name="platform" value="EditMode" />
        <property name="EditorOnly" value="True" />
      </properties>
      <test-suite type="TestSuite" id="1027" name="Rescue" fullname="Rescue" runstate="Runnable" testcasecount="13" result="Passed" start-time="2026-04-24 17:36:00Z" end-time="2026-04-24 17:36:01Z" duration="0.105622" total="13" passed="13" failed="0" inconclusive="0" skipped="0" asserts="0">
        <properties />
        <test-suite type="TestSuite" id="1028" name="Content" fullname="Rescue.Content" runstate="Runnable" testcasecount="13" result="Passed" start-time="2026-04-24 17:36:00Z" end-time="2026-04-24 17:36:01Z" duration="0.105554" total="13" passed="13" failed="0" inconclusive="0" skipped="0" asserts="0">
          <properties />
          <test-suite type="TestSuite" id="1029" name="Tests" fullname="Rescue.Content.Tests" runstate="Runnable" testcasecount="13" result="Passed" start-time="2026-04-24 17:36:00Z" end-time="2026-04-24 17:36:01Z" duration="0.105481" total="13" passed="13" failed="0" inconclusive="0" skipped="0" asserts="0">
            <properties />
            <test-suite type="TestFixture" id="1011" name="LoaderTests" fullname="Rescue.Content.Tests.LoaderTests" classname="Rescue.Content.Tests.LoaderTests" runstate="Runnable" testcasecount="4" result="Passed" start-time="2026-04-24 17:36:00Z" end-time="2026-04-24 17:36:00Z" duration="0.018915" total="4" passed="4" failed="0" inconclusive="0" skipped="0" asserts="0">
              <properties />
              <test-case id="1014" name="LoadLevel_AssistanceChance_ReachesLevelConfig" fullname="Rescue.Content.Tests.LoaderTests.LoadLevel_AssistanceChance_ReachesLevelConfig" methodname="LoadLevel_AssistanceChance_ReachesLevelConfig" classname="Rescue.Content.Tests.LoaderTests" runstate="Runnable" seed="405869490" result="Passed" start-time="2026-04-24 17:36:00Z" end-time="2026-04-24 17:36:00Z" duration="0.012329" asserts="0">
                <properties>
                  <property name="retryIteration" value="0" />
                  <property name="repeatIteration" value="0" />
                </properties>
              </test-case>
              <test-case id="1012" name="LoadLevel_BuildsExpectedMinimalBoard" fullname="Rescue.Content.Tests.LoaderTests.LoadLevel_BuildsExpectedMinimalBoard" methodname="LoadLevel_BuildsExpectedMinimalBoard" classname="Rescue.Content.Tests.LoaderTests" runstate="Runnable" seed="215497153" result="Passed" start-time="2026-04-24 17:36:00Z" end-time="2026-04-24 17:36:00Z" duration="0.003546" asserts="0">
                <properties>
                  <property name="retryIteration" value="0" />
                  <property name="repeatIteration" value="0" />
                </properties>
              </test-case>
              <test-case id="1015" name="LoadLevel_RuleTeachLevel_PausesWaterUntilFirstAction" fullname="Rescue.Content.Tests.LoaderTests.LoadLevel_RuleTeachLevel_PausesWaterUntilFirstAction" methodname="LoadLevel_RuleTeachLevel_PausesWaterUntilFirstAction" classname="Rescue.Content.Tests.LoaderTests" runstate="Runnable" seed="1665100911" result="Passed" start-time="2026-04-24 17:36:00Z" end-time="2026-04-24 17:36:00Z" duration="0.000453" asserts="0">
                <properties>
                  <property name="retryIteration" value="0" />
                  <property name="repeatIteration" value="0" />
                </properties>
              </test-case>
              <test-case id="1013" name="LoadLevel_WithSameSeed_IsDeterministic" fullname="Rescue.Content.Tests.LoaderTests.LoadLevel_WithSameSeed_IsDeterministic" methodname="LoadLevel_WithSameSeed_IsDeterministic" classname="Rescue.Content.Tests.LoaderTests" runstate="Runnable" seed="2106779389" result="Passed" start-time="2026-04-24 17:36:00Z" end-time="2026-04-24 17:36:00Z" duration="0.001915" asserts="0">
                <properties>
                  <property name="retryIteration" value="0" />
                  <property name="repeatIteration" value="0" />
                </properties>
              </test-case>
            </test-suite>
            <test-suite type="TestFixture" id="1016" name="ValidatorTests" fullname="Rescue.Content.Tests.ValidatorTests" classname="Rescue.Content.Tests.ValidatorTests" runstate="Runnable" testcasecount="9" result="Passed" start-time="2026-04-24 17:36:00Z" end-time="2026-04-24 17:36:01Z" duration="0.086407" total="9" passed="9" failed="0" inconclusive="0" skipped="0" asserts="0">
              <properties />
              <test-case id="1025" name="Validate_AuthoredL00Level_Passes" fullname="Rescue.Content.Tests.ValidatorTests.Validate_AuthoredL00Level_Passes" methodname="Validate_AuthoredL00Level_Passes" classname="Rescue.Content.Tests.ValidatorTests" runstate="Runnable" seed="1395844583" result="Passed" start-time="2026-04-24 17:36:00Z" end-time="2026-04-24 17:36:01Z" duration="0.070416" asserts="0">
                <properties>
                  <property name="retryIteration" value="0" />
                  <property name="repeatIteration" value="0" />
                </properties>
              </test-case>
              <test-case id="1019" name="Validate_DuplicateTargetIds_Fails" fullname="Rescue.Content.Tests.ValidatorTests.Validate_DuplicateTargetIds_Fails" methodname="Validate_DuplicateTargetIds_Fails" classname="Rescue.Content.Tests.ValidatorTests" runstate="Runnable" seed="819383777" result="Passed" start-time="2026-04-24 17:36:01Z" end-time="2026-04-24 17:36:01Z" duration="0.011738" asserts="0">
                <properties>
                  <property name="retryIteration" value="0" />
                  <property name="repeatIteration" value="0" />
                </properties>
              </test-case>
              <test-case id="1022" name="Validate_ImpossibleStart_Fails" fullname="Rescue.Content.Tests.ValidatorTests.Validate_ImpossibleStart_Fails" methodname="Validate_ImpossibleStart_Fails" classname="Rescue.Content.Tests.ValidatorTests" runstate="Runnable" seed="901488309" result="Passed" start-time="2026-04-24 17:36:01Z" end-time="2026-04-24 17:36:01Z" duration="0.000508" asserts="0">
                <properties>
                  <property name="retryIteration" value="0" />
                  <property name="repeatIteration" value="0" />
                </properties>
              </test-case>
              <test-case id="1018" name="Validate_OutOfBoundsTarget_Fails" fullname="Rescue.Content.Tests.ValidatorTests.Validate_OutOfBoundsTarget_Fails" methodname="Validate_OutOfBoundsTarget_Fails" classname="Rescue.Content.Tests.ValidatorTests" runstate="Runnable" seed="150998277" result="Passed" start-time="2026-04-24 17:36:01Z" end-time="2026-04-24 17:36:01Z" duration="0.000244" asserts="0">
                <properties>
                  <property name="retryIteration" value="0" />
                  <property name="repeatIteration" value="0" />
                </properties>
              </test-case>
              <test-case id="1024" name="Validate_RuleTeachLevelWithoutPositiveRiseInterval_Fails" fullname="Rescue.Content.Tests.ValidatorTests.Validate_RuleTeachLevelWithoutPositiveRiseInterval_Fails" methodname="Validate_RuleTeachLevelWithoutPositiveRiseInterval_Fails" classname="Rescue.Content.Tests.ValidatorTests" runstate="Runnable" seed="247123526" result="Passed" start-time="2026-04-24 17:36:01Z" end-time="2026-04-24 17:36:01Z" duration="0.000228" asserts="0">
                <properties>
                  <property name="retryIteration" value="0" />
                  <property name="repeatIteration" value="0" />
                </properties>
              </test-case>
              <test-case id="1021" name="Validate_UnknownTileCode_Fails" fullname="Rescue.Content.Tests.ValidatorTests.Validate_UnknownTileCode_Fails" methodname="Validate_UnknownTileCode_Fails" classname="Rescue.Content.Tests.ValidatorTests" runstate="Runnable" seed="318105622" result="Passed" start-time="2026-04-24 17:36:01Z" end-time="2026-04-24 17:36:01Z" duration="0.000254" asserts="0">
                <properties>
                  <property name="retryIteration" value="0" />
                  <property name="repeatIteration" value="0" />
                </properties>
              </test-case>
              <test-case id="1023" name="Validate_UnreachableTarget_Warns" fullname="Rescue.Content.Tests.ValidatorTests.Validate_UnreachableTarget_Warns" methodname="Validate_UnreachableTarget_Warns" classname="Rescue.Content.Tests.ValidatorTests" runstate="Runnable" seed="2100240279" result="Passed" start-time="2026-04-24 17:36:01Z" end-time="2026-04-24 17:36:01Z" duration="0.000320" asserts="0">
                <properties>
                  <property name="retryIteration" value="0" />
                  <property name="repeatIteration" value="0" />
                </properties>
              </test-case>
              <test-case id="1017" name="Validate_ValidLevel_Passes" fullname="Rescue.Content.Tests.ValidatorTests.Validate_ValidLevel_Passes" methodname="Validate_ValidLevel_Passes" classname="Rescue.Content.Tests.ValidatorTests" runstate="Runnable" seed="1110125536" result="Passed" start-time="2026-04-24 17:36:01Z" end-time="2026-04-24 17:36:01Z" duration="0.000488" asserts="0">
                <properties>
                  <property name="retryIteration" value="0" />
                  <property name="repeatIteration" value="0" />
                </properties>
              </test-case>
              <test-case id="1020" name="Validate_WrongSizeTilesArray_Fails" fullname="Rescue.Content.Tests.ValidatorTests.Validate_WrongSizeTilesArray_Fails" methodname="Validate_WrongSizeTilesArray_Fails" classname="Rescue.Content.Tests.ValidatorTests" runstate="Runnable" seed="1889834412" result="Passed" start-time="2026-04-24 17:36:01Z" end-time="2026-04-24 17:36:01Z" duration="0.000242" asserts="0">
                <properties>
                  <property name="retryIteration" value="0" />
                  <property name="repeatIteration" value="0" />
                </properties>
              </test-case>
            </test-suite>
          </test-suite>
        </test-suite>
      </test-suite>
    </test-suite>
    <test-suite type="Assembly" id="1189" name="Rescue.Core.Tests.dll" fullname="C:/Users/jwmcg/OneDrive/Documents/AI Projects/Live Envirnments/rescue-grid/Library/ScriptAssemblies/Rescue.Core.Tests.dll" runstate="Runnable" testcasecount="136" result="Passed" start-time="2026-04-24 17:36:01Z" end-time="2026-04-24 17:36:01Z" duration="0.252462" total="136" passed="136" failed="0" inconclusive="0" skipped="0" asserts="0">
      <properties>
        <property name="_PID" value="27700" />
        <property name="_APPDOMAIN" value="Unity Child Domain" />
        <property name="platform" value="EditMode" />
        <property name="EditorOnly" value="True" />
      </properties>
      <test-suite type="TestSuite" id="1190" name="Rescue" fullname="Rescue" runstate="Runnable" testcasecount="136" result="Passed" start-time="2026-04-24 17:36:01Z" end-time="2026-04-24 17:36:01Z" duration="0.252189" total="136" passed="136" failed="0" inconclusive="0" skipped="0" asserts="0">
        <properties />
        <test-suite type="TestSuite" id="1191" name="Core" fullname="Rescue.Core" runstate="Runnable" testcasecount="136" result="Passed" start-time="2026-04-24 17:36:01Z" end-time="2026-04-24 17:36:01Z" duration="0.252118" total="136" passed="136" failed="0" inconclusive="0" skipped="0" asserts="0">
          <properties />
          <test-suite type="TestSuite" id="1192" name="Tests" fullname="Rescue.Core.Tests" runstate="Runnable" testcasecount="136" result="Passed" start-time="2026-04-24 17:36:01Z" end-time="2026-04-24 17:36:01Z" duration="0.252043" total="136" passed="136" failed="0" inconclusive="0" skipped="0" asserts="0">
            <properties />
            <test-suite type="TestSuite" id="1199" name="Determinism" fullname="Rescue.Core.Tests.Determinism" runstate="Runnable" testcasecount="1" result="Passed" start-time="2026-04-24 17:36:01Z" end-time="2026-04-24 17:36:01Z" duration="0.027445" total="1" passed="1" failed="0" inconclusive="0" skipped="0" asserts="0">
              <properties />
              <test-suite type="TestFixture" id="1187" name="PipelineDeterminismTests" fullname="Rescue.Core.Tests.Determinism.PipelineDeterminismTests" classname="Rescue.Core.Tests.Determinism.PipelineDeterminismTests" runstate="Runnable" testcasecount="1" result="Passed" start-time="2026-04-24 17:36:01Z" end-time="2026-04-24 17:36:01Z" duration="0.027368" total="1" passed="1" failed="0" inconclusive="0" skipped="0" asserts="0">
                <properties />
                <test-case id="1188" name="RepeatedRunsProduceIdenticalFinalStateAndEventStream" fullname="Rescue.Core.Tests.Determinism.PipelineDeterminismTests.RepeatedRunsProduceIdenticalFinalStateAndEventStream" methodname="RepeatedRunsProduceIdenticalFinalStateAndEventStream" classname="Rescue.Core.Tests.Determinism.PipelineDeterminismTests" runstate="Runnable" seed="938664076" result="Passed" start-time="2026-04-24 17:36:01Z" end-time="2026-04-24 17:36:01Z" duration="0.026969" asserts="0">
                  <properties>
                    <property name="retryIteration" value="0" />
                    <property name="repeatIteration" value="0" />
                  </properties>
                </test-case>
              </test-suite>
            </test-suite>
            <test-suite type="TestSuite" id="1198" name="Integration" fullname="Rescue.Core.Tests.Integration" runstate="Runnable" testcasecount="8" result="Passed" start-time="2026-04-24 17:36:01Z" end-time="2026-04-24 17:36:01Z" duration="0.012587" total="8" passed="8" failed="0" inconclusive="0" skipped="0" asserts="0">
              <properties />
              <test-suite type="TestFixture" id="1176" name="FullActionTests" fullname="Rescue.Core.Tests.Integration.FullActionTests" classname="Rescue.Core.Tests.Integration.FullActionTests" runstate="Runnable" testcasecount="5" result="Passed" start-time="2026-04-24 17:36:01Z" end-time="2026-04-24 17:36:01Z" duration="0.009546" total="5" passed="5" failed="0" inconclusive="0" skipped="0" asserts="0">
                <properties />
                <test-case id="1177" name="FullActionOnSingleTargetLevelFollowsStablePipelineEventOrder" fullname="Rescue.Core.Tests.Integration.FullActionTests.FullActionOnSingleTargetLevelFollowsStablePipelineEventOrder" methodname="FullActionOnSingleTargetLevelFollowsStablePipelineEventOrder" classname="Rescue.Core.Tests.Integration.FullActionTests" runstate="Runnable" seed="1989507752" result="Passed" start-time="2026-04-24 17:36:01Z" end-time="2026-04-24 17:36:01Z" duration="0.003881" asserts="0">
                  <properties>
                    <property name="retryIteration" value="0" />
                    <property name="repeatIteration" value="0" />
                  </properties>
                </test-case>
                <test-case id="1178" name="LastMoveRescueWinsBeforeWaterWouldFloodTargetRow" fullname="Rescue.Core.Tests.Integration.FullActionTests.LastMoveRescueWinsBeforeWaterWouldFloodTargetRow" methodname="LastMoveRescueWinsBeforeWaterWouldFloodTargetRow" classname="Rescue.Core.Tests.Integration.FullActionTests" runstate="Runnable" seed="1332607470" result="Passed" start-time="2026-04-24 17:36:01Z" end-time="2026-04-24 17:36:01Z" duration="0.001203" asserts="0">
                  <properties>
                    <property name="retryIteration" value="0" />
                    <property name="repeatIteration" value="0" />
                  </properties>
                </test-case>
                <test-case id="1179" name="LosingMoveWithDockOverflowEmitsLostWithDockReason" fullname="Rescue.Core.Tests.Integration.FullActionTests.LosingMoveWithDockOverflowEmitsLostWithDockReason" methodname="LosingMoveWithDockOverflowEmitsLostWithDockReason" classname="Rescue.Core.Tests.Integration.FullActionTests" runstate="Runnable" seed="85528730" result="Passed" start-time="2026-04-24 17:36:01Z" end-time="2026-04-24 17:36:01Z" duration="0.002191" asserts="0">
                  <properties>
                    <property name="retryIteration" value="0" />
                    <property name="repeatIteration" value="0" />
                  </properties>
                </test-case>
                <test-case id="1180" name="TargetOneClearAwayFiresOnActionBeforeExtraction" fullname="Rescue.Core.Tests.Integration.FullActionTests.TargetOneClearAwayFiresOnActionBeforeExtraction" methodname="TargetOneClearAwayFiresOnActionBeforeExtraction" classname="Rescue.Core.Tests.Integration.FullActionTests" runstate="Runnable" seed="1460197864" result="Passed" start-time="2026-04-24 17:36:01Z" end-time="2026-04-24 17:36:01Z" duration="0.000944" asserts="0">
                  <properties>
                    <property name="retryIteration" value="0" />
                    <property name="repeatIteration" value="0" />
                  </properties>
                </test-case>
                <test-case id="1181" name="WonEventIncludesFinalTargetIdTotalActionsAndExtractionOrder" fullname="Rescue.Core.Tests.Integration.FullActionTests.WonEventIncludesFinalTargetIdTotalActionsAndExtractionOrder" methodname="WonEventIncludesFinalTargetIdTotalActionsAndExtractionOrder" classname="Rescue.Core.Tests.Integration.FullActionTests" runstate="Runnable" seed="1435864199" result="Passed" start-time="2026-04-24 17:36:01Z" end-time="2026-04-24 17:36:01Z" duration="0.000777" asserts="0">
                  <properties>
                    <property name="retryIteration" value="0" />
                    <property name="repeatIteration" value="0" />
                  </properties>
                </test-case>
              </test-suite>
              <test-suite type="TestFixture" id="1182" name="RescueRaceTests" fullname="Rescue.Core.Tests.Integration.RescueRaceTests" classname="Rescue.Core.Tests.Integration.RescueRaceTests" runstate="Runnable" testcasecount="1" result="Passed" start-time="2026-04-24 17:36:01Z" end-time="2026-04-24 17:36:01Z" duration="0.000759" total="1" passed="1" failed="0" inconclusive="0" skipped="0" asserts="0">
                <properties />
                <test-case id="1183" name="LastPossibleActionExtractsTargetBeforeWaterLossAndWinsLevel" fullname="Rescue.Core.Tests.Integration.RescueRaceTests.LastPossibleActionExtractsTargetBeforeWaterLossAndWinsLevel" methodname="LastPossibleActionExtractsTargetBeforeWaterLossAndWinsLevel" classname="Rescue.Core.Tests.Integration.RescueRaceTests" runstate="Runnable" seed="1678184821" result="Passed" start-time="2026-04-24 17:36:01Z" end-time="2026-04-24 17:36:01Z" duration="0.000472" asserts="0">
                  <properties>
                    <property name="retryIteration" value="0" />
                    <property name="repeatIteration" value="0" />
                  </properties>
                </test-case>
              </test-suite>
              <test-suite type="TestFixture" id="1184" name="StabilizationBeatTests" fullname="Rescue.Core.Tests.Integration.StabilizationBeatTests" classname="Rescue.Core.Tests.Integration.StabilizationBeatTests" runstate="Runnable" testcasecount="2" result="Passed" start-time="2026-04-24 17:36:01Z" end-time="2026-04-24 17:36:01Z" duration="0.001987" total="2" passed="2" failed="0" inconclusive="0" skipped="0" asserts="0">
                <properties />
                <test-case id="1185" name="ClearingOneBlockedNeighborEmitsTargetOneClearAwayBeforeExtractionTurn" fullname="Rescue.Core.Tests.Integration.StabilizationBeatTests.ClearingOneBlockedNeighborEmitsTargetOneClearAwayBeforeExtractionTurn" methodname="ClearingOneBlockedNeighborEmitsTargetOneClearAwayBeforeExtractionTurn" classname="Rescue.Core.Tests.Integration.StabilizationBeatTests" runstate="Runnable" seed="409390331" result="Passed" start-time="2026-04-24 17:36:01Z" end-time="2026-04-24 17:36:01Z" duration="0.000928" asserts="0">
                  <properties>
                    <property name="retryIteration" value="0" />
                    <property name="repeatIteration" value="0" />
                  </properties>
                </test-case>
                <test-case id="1186" name="NextActionClearsFinalNeighborThenEmitsTargetExtractedAndWon" fullname="Rescue.Core.Tests.Integration.StabilizationBeatTests.NextActionClearsFinalNeighborThenEmitsTargetExtractedAndWon" methodname="NextActionClearsFinalNeighborThenEmitsTargetExtractedAndWon" classname="Rescue.Core.Tests.Integration.StabilizationBeatTests" runstate="Runnable" seed="123938392" result="Passed" start-time="2026-04-24 17:36:01Z" end-time="2026-04-24 17:36:01Z" duration="0.000355" asserts="0">
                  <properties>
                    <property name="retryIteration" value="0" />
                    <property name="repeatIteration" value="0" />
                  </properties>
                </test-case>
              </test-suite>
            </test-suite>
            <test-suite type="TestSuite" id="1197" name="Pipeline" fullname="Rescue.Core.Tests.Pipeline" runstate="Runnable" testcasecount="19" result="Passed" start-time="2026-04-24 17:36:01Z" end-time="2026-04-24 17:36:01Z" duration="0.012684" total="19" passed="19" failed="0" inconclusive="0" skipped="0" asserts="0">
              <properties />
              <test-suite type="TestFixture" id="1154" name="InvalidInputTests" fullname="Rescue.Core.Tests.Pipeline.InvalidInputTests" classname="Rescue.Core.Tests.Pipeline.InvalidInputTests" runstate="Runnable" testcasecount="5" result="Passed" start-time="2026-04-24 17:36:01Z" end-time="2026-04-24 17:36:01Z" duration="0.001743" total="5" passed="5" failed="0" inconclusive="0" skipped="0" asserts="0">
                <properties />
                <test-case id="1156" name="TapOnBlockerIsInvalid" fullname="Rescue.Core.Tests.Pipeline.InvalidInputTests.TapOnBlockerIsInvalid" methodname="TapOnBlockerIsInvalid" classname="Rescue.Core.Tests.Pipeline.InvalidInputTests" runstate="Runnable" seed="1524387500" result="Passed" start-time="2026-04-24 17:36:01Z" end-time="2026-04-24 17:36:01Z" duration="0.000612" asserts="0">
                  <properties>
                    <property name="retryIteration" value="0" />
                    <property name="repeatIteration" value="0" />
                  </properties>
                </test-case>
                <test-case id="1157" name="TapOnFloodedTileIsInvalid" fullname="Rescue.Core.Tests.Pipeline.InvalidInputTests.TapOnFloodedTileIsInvalid" methodname="TapOnFloodedTileIsInvalid" classname="Rescue.Core.Tests.Pipeline.InvalidInputTests" runstate="Runnable" seed="327542727" result="Passed" start-time="2026-04-24 17:36:01Z" end-time="2026-04-24 17:36:01Z" duration="0.000162" asserts="0">
                  <properties>
                    <property name="retryIteration" value="0" />
                    <property name="repeatIteration" value="0" />
                  </properties>
                </test-case>
                <test-case id="1158" name="TapOnIceIsInvalid" fullname="Rescue.Core.Tests.Pipeline.InvalidInputTests.TapOnIceIsInvalid" methodname="TapOnIceIsInvalid" classname="Rescue.Core.Tests.Pipeline.InvalidInputTests" runstate="Runnable" seed="283504709" result="Passed" start-time="2026-04-24 17:36:01Z" end-time="2026-04-24 17:36:01Z" duration="0.000153" asserts="0">
                  <properties>
                    <property name="retryIteration" value="0" />
                    <property name="repeatIteration" value="0" />
                  </properties>
                </test-case>
                <test-case id="1155" name="TapOnSingleTileLeavesStateUnchangedAndEmitsInvalidInput" fullname="Rescue.Core.Tests.Pipeline.InvalidInputTests.TapOnSingleTileLeavesStateUnchangedAndEmitsInvalidInput" methodname="TapOnSingleTileLeavesStateUnchangedAndEmitsInvalidInput" classname="Rescue.Core.Tests.Pipeline.InvalidInputTests" runstate="Runnable" seed="1911670215" result="Passed" start-time="2026-04-24 17:36:01Z" end-time="2026-04-24 17:36:01Z" duration="0.000184" asserts="0">
                  <properties>
                    <property name="retryIteration" value="0" />
                    <property name="repeatIteration" value="0" />
                  </properties>
                </test-case>
                <test-case id="1159" name="TapOnTargetIsInvalid" fullname="Rescue.Core.Tests.Pipeline.InvalidInputTests.TapOnTargetIsInvalid" methodname="TapOnTargetIsInvalid" classname="Rescue.Core.Tests.Pipeline.InvalidInputTests" runstate="Runnable" seed="1674386440" result="Passed" start-time="2026-04-24 17:36:01Z" end-time="2026-04-24 17:36:01Z" duration="0.000160" asserts="0">
                  <properties>
                    <property name="retryIteration" value="0" />
                    <property name="repeatIteration" value="0" />
                  </properties>
                </test-case>
              </test-suite>
              <test-suite type="TestFixture" id="1160" name="LossTests" fullname="Rescue.Core.Tests.Pipeline.LossTests" classname="Rescue.Core.Tests.Pipeline.LossTests" runstate="Runnable" testcasecount="7" result="Passed" start-time="2026-04-24 17:36:01Z" end-time="2026-04-24 17:36:01Z" duration="0.003327" total="7" passed="7" failed="0" inconclusive="0" skipped="0" asserts="0">
                <properties />
                <test-case id="1163" name="DockJamEligibleFirstOverflowFreezesWithoutLoss" fullname="Rescue.Core.Tests.Pipeline.LossTests.DockJamEligibleFirstOverflowFreezesWithoutLoss" methodname="DockJamEligibleFirstOverflowFreezesWithoutLoss" classname="Rescue.Core.Tests.Pipeline.LossTests" runstate="Runnable" seed="1377878832" result="Passed" start-time="2026-04-24 17:36:01Z" end-time="2026-04-24 17:36:01Z" duration="0.000992" asserts="0">
                  <properties>
                    <property name="retryIteration" value="0" />
                    <property name="repeatIteration" value="0" />
                  </properties>
                </test-case>
                <test-case id="1166" name="DockJamFiresOnlyOncePerLevel" fullname="Rescue.Core.Tests.Pipeline.LossTests.DockJamFiresOnlyOncePerLevel" methodname="DockJamFiresOnlyOncePerLevel" classname="Rescue.Core.Tests.Pipeline.LossTests" runstate="Runnable" seed="54106125" result="Passed" start-time="2026-04-24 17:36:01Z" end-time="2026-04-24 17:36:01Z" duration="0.000319" asserts="0">
                  <properties>
                    <property name="retryIteration" value="0" />
                    <property name="repeatIteration" value="0" />
                  </properties>
                </test-case>
                <test-case id="1162" name="DockOverflowWithoutDockJamEligibilityLosesImmediately" fullname="Rescue.Core.Tests.Pipeline.LossTests.DockOverflowWithoutDockJamEligibilityLosesImmediately" methodname="DockOverflowWithoutDockJamEligibilityLosesImmediately" classname="Rescue.Core.Tests.Pipeline.LossTests" runstate="Runnable" seed="956867099" result="Passed" start-time="2026-04-24 17:36:01Z" end-time="2026-04-24 17:36:01Z" duration="0.000353" asserts="0">
                  <properties>
                    <property name="retryIteration" value="0" />
                    <property name="repeatIteration" value="0" />
                  </properties>
                </test-case>
                <test-case id="1167" name="LevelsWithoutDockJamLoseOnFirstOverflow" fullname="Rescue.Core.Tests.Pipeline.LossTests.LevelsWithoutDockJamLoseOnFirstOverflow" methodname="LevelsWithoutDockJamLoseOnFirstOverflow" classname="Rescue.Core.Tests.Pipeline.LossTests" runstate="Runnable" seed="997678678" result="Passed" start-time="2026-04-24 17:36:01Z" end-time="2026-04-24 17:36:01Z" duration="0.000235" asserts="0">
                  <properties>
                    <property name="retryIteration" value="0" />
                    <property name="repeatIteration" value="0" />
                  </properties>
                </test-case>
                <test-case id="1164" name="RecoveryActionThatClearsTripleUnfreezesAndContinues" fullname="Rescue.Core.Tests.Pipeline.LossTests.RecoveryActionThatClearsTripleUnfreezesAndContinues" methodname="RecoveryActionThatClearsTripleUnfreezesAndContinues" classname="Rescue.Core.Tests.Pipeline.LossTests" runstate="Runnable" seed="1791660228" result="Passed" start-time="2026-04-24 17:36:01Z" end-time="2026-04-24 17:36:01Z" duration="0.000269" asserts="0">
                  <properties>
                    <property name="retryIteration" value="0" />
                    <property name="repeatIteration" value="0" />
                  </properties>
                </test-case>
                <test-case id="1165" name="RecoveryActionWithoutTripleClearLosesToDockOverflow" fullname="Rescue.Core.Tests.Pipeline.LossTests.RecoveryActionWithoutTripleClearLosesToDockOverflow" methodname="RecoveryActionWithoutTripleClearLosesToDockOverflow" classname="Rescue.Core.Tests.Pipeline.LossTests" runstate="Runnable" seed="1958413291" result="Passed" start-time="2026-04-24 17:36:01Z" end-time="2026-04-24 17:36:01Z" duration="0.000212" asserts="0">
                  <properties>
                    <property name="retryIteration" value="0" />
                    <property name="repeatIteration" value="0" />
                  </properties>
                </test-case>
                <test-case id="1161" name="WaterOnTargetBeatsDockOverflowInPrecedence" fullname="Rescue.Core.Tests.Pipeline.LossTests.WaterOnTargetBeatsDockOverflowInPrecedence" methodname="WaterOnTargetBeatsDockOverflowInPrecedence" classname="Rescue.Core.Tests.Pipeline.LossTests" runstate="Runnable" seed="592247518" result="Passed" start-time="2026-04-24 17:36:01Z" end-time="2026-04-24 17:36:01Z" duration="0.000297" asserts="0">
                  <properties>
                    <property name="retryIteration" value="0" />
                    <property name="repeatIteration" value="0" />
                  </properties>
                </test-case>
              </test-suite>
              <test-suite type="TestFixture" id="1168" name="OrderTests" fullname="Rescue.Core.Tests.Pipeline.OrderTests" classname="Rescue.Core.Tests.Pipeline.OrderTests" runstate="Runnable" testcasecount="7" result="Passed" start-time="2026-04-24 17:36:01Z" end-time="2026-04-24 17:36:01Z" duration="0.007246" total="7" passed="7" failed="0" inconclusive="0" skipped="0" asserts="0">
                <properties />
                <test-case id="1172" name="InvalidInputShortCircuitsPipelineAfterStep01" fullname="Rescue.Core.Tests.Pipeline.OrderTests.InvalidInputShortCircuitsPipelineAfterStep01" methodname="InvalidInputShortCircuitsPipelineAfterStep01" classname="Rescue.Core.Tests.Pipeline.OrderTests" runstate="Runnable" seed="312881040" result="Passed" start-time="2026-04-24 17:36:01Z" end-time="2026-04-24 17:36:01Z" duration="0.000521" asserts="0">
                  <properties>
                    <property name="retryIteration" value="0" />
                    <property name="repeatIteration" value="0" />
                  </properties>
                </test-case>
                <test-case id="1170" name="RemoveGroupLeavesTilesEmptyAfterStep02AndBeforeStep03" fullname="Rescue.Core.Tests.Pipeline.OrderTests.RemoveGroupLeavesTilesEmptyAfterStep02AndBeforeStep03" methodname="RemoveGroupLeavesTilesEmptyAfterStep02AndBeforeStep03" classname="Rescue.Core.Tests.Pipeline.OrderTests" runstate="Runnable" seed="1356190608" result="Passed" start-time="2026-04-24 17:36:01Z" end-time="2026-04-24 17:36:01Z" duration="0.000781" asserts="0">
                  <properties>
                    <property name="retryIteration" value="0" />
                    <property name="repeatIteration" value="0" />
                  </properties>
                </test-case>
                <test-case id="1174" name="ReturnedEventsMatchPerStepEventsInOrder" fullname="Rescue.Core.Tests.Pipeline.OrderTests.ReturnedEventsMatchPerStepEventsInOrder" methodname="ReturnedEventsMatchPerStepEventsInOrder" classname="Rescue.Core.Tests.Pipeline.OrderTests" runstate="Runnable" seed="1227028988" result="Passed" start-time="2026-04-24 17:36:01Z" end-time="2026-04-24 17:36:01Z" duration="0.001174" asserts="0">
                  <properties>
                    <property name="retryIteration" value="0" />
                    <property name="repeatIteration" value="0" />
                  </properties>
                </test-case>
                <test-case id="1169" name="RunActionInvokesStepsInExactSpecOrder" fullname="Rescue.Core.Tests.Pipeline.OrderTests.RunActionInvokesStepsInExactSpecOrder" methodname="RunActionInvokesStepsInExactSpecOrder" classname="Rescue.Core.Tests.Pipeline.OrderTests" runstate="Runnable" seed="959390511" result="Passed" start-time="2026-04-24 17:36:01Z" end-time="2026-04-24 17:36:01Z" duration="0.000422" asserts="0">
                  <properties>
                    <property name="retryIteration" value="0" />
                    <property name="repeatIteration" value="0" />
                  </properties>
                </test-case>
                <test-case id="1173" name="RunActionReturnsNewGameStateInstanceWithoutMutatingInput" fullname="Rescue.Core.Tests.Pipeline.OrderTests.RunActionReturnsNewGameStateInstanceWithoutMutatingInput" methodname="RunActionReturnsNewGameStateInstanceWithoutMutatingInput" classname="Rescue.Core.Tests.Pipeline.OrderTests" runstate="Runnable" seed="32755113" result="Passed" start-time="2026-04-24 17:36:01Z" end-time="2026-04-24 17:36:01Z" duration="0.001160" asserts="0">
                  <properties>
                    <property name="retryIteration" value="0" />
                    <property name="repeatIteration" value="0" />
                  </properties>
                </test-case>
                <test-case id="1171" name="SuccessfulRunActionIncrementsActionCountExactlyOnce" fullname="Rescue.Core.Tests.Pipeline.OrderTests.SuccessfulRunActionIncrementsActionCountExactlyOnce" methodname="SuccessfulRunActionIncrementsActionCountExactlyOnce" classname="Rescue.Core.Tests.Pipeline.OrderTests" runstate="Runnable" seed="755193808" result="Passed" start-time="2026-04-24 17:36:01Z" end-time="2026-04-24 17:36:01Z" duration="0.000240" asserts="0">
                  <properties>
                    <property name="retryIteration" value="0" />
                    <property name="repeatIteration" value="0" />
                  </properties>
                </test-case>
                <test-case id="1175" name="WinShortCircuitsSteps11And12AndSkipsLossCheck" fullname="Rescue.Core.Tests.Pipeline.OrderTests.WinShortCircuitsSteps11And12AndSkipsLossCheck" methodname="WinShortCircuitsSteps11And12AndSkipsLossCheck" classname="Rescue.Core.Tests.Pipeline.OrderTests" runstate="Runnable" seed="531252949" result="Passed" start-time="2026-04-24 17:36:01Z" end-time="2026-04-24 17:36:01Z" duration="0.002249" asserts="0">
                  <properties>
                    <property name="retryIteration" value="0" />
                    <property name="repeatIteration" value="0" />
                  </properties>
                </test-case>
              </test-suite>
            </test-suite>
            <test-suite type="TestSuite" id="1196" name="Rng" fullname="Rescue.Core.Tests.Rng" runstate="Runnable" testcasecount="6" result="Passed" start-time="2026-04-24 17:36:01Z" end-time="2026-04-24 17:36:01Z" duration="0.064427" total="6" passed="6" failed="0" inconclusive="0" skipped="0" asserts="0">
              <properties />
              <test-suite type="TestFixture" id="1147" name="SeededRngTests" fullname="Rescue.Core.Tests.Rng.SeededRngTests" classname="Rescue.Core.Tests.Rng.SeededRngTests" runstate="Runnable" testcasecount="6" result="Passed" start-time="2026-04-24 17:36:01Z" end-time="2026-04-24 17:36:01Z" duration="0.063640" total="6" passed="6" failed="0" inconclusive="0" skipped="0" asserts="0">
                <properties />
                <test-case id="1149" name="CloneProducesIndependentStreamWithoutAdvancingParent" fullname="Rescue.Core.Tests.Rng.SeededRngTests.CloneProducesIndependentStreamWithoutAdvancingParent" methodname="CloneProducesIndependentStreamWithoutAdvancingParent" classname="Rescue.Core.Tests.Rng.SeededRngTests" runstate="Runnable" seed="1062490964" result="Passed" start-time="2026-04-24 17:36:01Z" end-time="2026-04-24 17:36:01Z" duration="0.000649" asserts="0">
                  <properties>
                    <property name="retryIteration" value="0" />
                    <property name="repeatIteration" value="0" />
                  </properties>
                </test-case>
                <test-case id="1153" name="DeterminismHarnessProducesIdenticalRuns" fullname="Rescue.Core.Tests.Rng.SeededRngTests.DeterminismHarnessProducesIdenticalRuns" methodname="DeterminismHarnessProducesIdenticalRuns" classname="Rescue.Core.Tests.Rng.SeededRngTests" runstate="Runnable" seed="1188877857" result="Passed" start-time="2026-04-24 17:36:01Z" end-time="2026-04-24 17:36:01Z" duration="0.000863" asserts="0">
                  <properties>
                    <property name="retryIteration" value="0" />
                    <property name="repeatIteration" value="0" />
                  </properties>
                </test-case>
                <test-case id="1151" name="DifferentSeedsProduceDifferentSequences" fullname="Rescue.Core.Tests.Rng.SeededRngTests.DifferentSeedsProduceDifferentSequences" methodname="DifferentSeedsProduceDifferentSequences" classname="Rescue.Core.Tests.Rng.SeededRngTests" runstate="Runnable" seed="1511198571" result="Passed" start-time="2026-04-24 17:36:01Z" end-time="2026-04-24 17:36:01Z" duration="0.000109" asserts="0">
                  <properties>
                    <property name="retryIteration" value="0" />
                    <property name="repeatIteration" value="0" />
                  </properties>
                </test-case>
                <test-case id="1148" name="SameSeedProducesSameSequencesAcrossMethods" fullname="Rescue.Core.Tests.Rng.SeededRngTests.SameSeedProducesSameSequencesAcrossMethods" methodname="SameSeedProducesSameSequencesAcrossMethods" classname="Rescue.Core.Tests.Rng.SeededRngTests" runstate="Runnable" seed="742704013" result="Passed" start-time="2026-04-24 17:36:01Z" end-time="2026-04-24 17:36:01Z" duration="0.044637" asserts="0">
                  <properties>
                    <property name="retryIteration" value="0" />
                    <property name="repeatIteration" value="0" />
                  </properties>
                </test-case>
                <test-case id="1150" name="StateRoundTripContinuesSequenceFromSavedPoint" fullname="Rescue.Core.Tests.Rng.SeededRngTests.StateRoundTripContinuesSequenceFromSavedPoint" methodname="StateRoundTripContinuesSequenceFromSavedPoint" classname="Rescue.Core.Tests.Rng.SeededRngTests" runstate="Runnable" seed="992464100" result="Passed" start-time="2026-04-24 17:36:01Z" end-time="2026-04-24 17:36:01Z" duration="0.001337" asserts="0">
                  <properties>
                    <property name="retryIteration" value="0" />
                    <property name="repeatIteration" value="0" />
                  </properties>
                </test-case>
                <test-case id="1152" name="WeightedPickMatchesExpectedFrequenciesWithinTolerance" fullname="Rescue.Core.Tests.Rng.SeededRngTests.WeightedPickMatchesExpectedFrequenciesWithinTolerance" methodname="WeightedPickMatchesExpectedFrequenciesWithinTolerance" classname="Rescue.Core.Tests.Rng.SeededRngTests" runstate="Runnable" seed="487842308" result="Passed" start-time="2026-04-24 17:36:01Z" end-time="2026-04-24 17:36:01Z" duration="0.015405" asserts="0">
                  <properties>
                    <property name="retryIteration" value="0" />
                    <property name="repeatIteration" value="0" />
                  </properties>
                </test-case>
              </test-suite>
            </test-suite>
            <test-suite type="TestSuite" id="1195" name="Rules" fullname="Rescue.Core.Tests.Rules" runstate="Runnable" testcasecount="77" result="Passed" start-time="2026-04-24 17:36:01Z" end-time="2026-04-24 17:36:01Z" duration="0.118422" total="77" passed="77" failed="0" inconclusive="0" skipped="0" asserts="0">
              <properties />
              <test-suite type="TestFixture" id="1061" name="BlockersTests" fullname="Rescue.Core.Tests.Rules.BlockersTests" classname="Rescue.Core.Tests.Rules.BlockersTests" runstate="Runnable" testcasecount="7" result="Passed" start-time="2026-04-24 17:36:01Z" end-time="2026-04-24 17:36:01Z" duration="0.004086" total="7" passed="7" failed="0" inconclusive="0" skipped="0" asserts="0">
                <properties />
                <test-case id="1068" name="BlockerNotAdjacentToAnyClearedTileTakesNoDamage" fullname="Rescue.Core.Tests.Rules.BlockersTests.BlockerNotAdjacentToAnyClearedTileTakesNoDamage" methodname="BlockerNotAdjacentToAnyClearedTileTakesNoDamage" classname="Rescue.Core.Tests.Rules.BlockersTests" runstate="Runnable" seed="1706568832" result="Passed" start-time="2026-04-24 17:36:01Z" end-time="2026-04-24 17:36:01Z" duration="0.000749" asserts="0">
                  <properties>
                    <property name="retryIteration" value="0" />
                    <property name="repeatIteration" value="0" />
                  </properties>
                </test-case>
                <test-case id="1067" name="ClearedGroupBorderingCrateAndIceDamagesBothOnce" fullname="Rescue.Core.Tests.Rules.BlockersTests.ClearedGroupBorderingCrateAndIceDamagesBothOnce" methodname="ClearedGroupBorderingCrateAndIceDamagesBothOnce" classname="Rescue.Core.Tests.Rules.BlockersTests" runstate="Runnable" seed="942782178" result="Passed" start-time="2026-04-24 17:36:01Z" end-time="2026-04-24 17:36:01Z" duration="0.000880" asserts="0">
                  <properties>
                    <property name="retryIteration" value="0" />
                    <property name="repeatIteration" value="0" />
                  </properties>
                </test-case>
                <test-case id="1062" name="CrateWithOneAdjacentClearBreaks" fullname="Rescue.Core.Tests.Rules.BlockersTests.CrateWithOneAdjacentClearBreaks" methodname="CrateWithOneAdjacentClearBreaks" classname="Rescue.Core.Tests.Rules.BlockersTests" runstate="Runnable" seed="1490196145" result="Passed" start-time="2026-04-24 17:36:01Z" end-time="2026-04-24 17:36:01Z" duration="0.000543" asserts="0">
                  <properties>
                    <property name="retryIteration" value="0" />
                    <property name="repeatIteration" value="0" />
                  </properties>
                </test-case>
                <test-case id="1063" name="CrateWithThreeAdjacentClearsInOneActionTakesOneHitNotThree" fullname="Rescue.Core.Tests.Rules.BlockersTests.CrateWithThreeAdjacentClearsInOneActionTakesOneHitNotThree" methodname="CrateWithThreeAdjacentClearsInOneActionTakesOneHitNotThree" classname="Rescue.Core.Tests.Rules.BlockersTests" runstate="Runnable" seed="1234985738" result="Passed" start-time="2026-04-24 17:36:01Z" end-time="2026-04-24 17:36:01Z" duration="0.000381" asserts="0">
                  <properties>
                    <property name="retryIteration" value="0" />
                    <property name="repeatIteration" value="0" />
                  </properties>
                </test-case>
                <test-case id="1064" name="IceBreaksAndRevealsDebrisBeneath" fullname="Rescue.Core.Tests.Rules.BlockersTests.IceBreaksAndRevealsDebrisBeneath" methodname="IceBreaksAndRevealsDebrisBeneath" classname="Rescue.Core.Tests.Rules.BlockersTests" runstate="Runnable" seed="1201647621" result="Passed" start-time="2026-04-24 17:36:01Z" end-time="2026-04-24 17:36:01Z" duration="0.000353" asserts="0">
                  <properties>
                    <property name="retryIteration" value="0" />
                    <property name="repeatIteration" value="0" />
                  </properties>
                </test-case>
                <test-case id="1066" name="ReinforcedCrateTakesOneHitAndDoesNotBreakOnFirstAction" fullname="Rescue.Core.Tests.Rules.BlockersTests.ReinforcedCrateTakesOneHitAndDoesNotBreakOnFirstAction" methodname="ReinforcedCrateTakesOneHitAndDoesNotBreakOnFirstAction" classname="Rescue.Core.Tests.Rules.BlockersTests" runstate="Runnable" seed="2062711550" result="Passed" start-time="2026-04-24 17:36:01Z" end-time="2026-04-24 17:36:01Z" duration="0.000202" asserts="0">
                  <properties>
                    <property name="retryIteration" value="0" />
                    <property name="repeatIteration" value="0" />
                  </properties>
                </test-case>
                <test-case id="1065" name="VineBreaksAndResetsVineCounter" fullname="Rescue.Core.Tests.Rules.BlockersTests.VineBreaksAndResetsVineCounter" methodname="VineBreaksAndResetsVineCounter" classname="Rescue.Core.Tests.Rules.BlockersTests" runstate="Runnable" seed="1516713687" result="Passed" start-time="2026-04-24 17:36:01Z" end-time="2026-04-24 17:36:01Z" duration="0.000281" asserts="0">
                  <properties>
                    <property name="retryIteration" value="0" />
                    <property name="repeatIteration" value="0" />
                  </properties>
                </test-case>
              </test-suite>
              <test-suite type="TestFixture" id="1069" name="DockJamTests" fullname="Rescue.Core.Tests.Rules.DockJamTests" classname="Rescue.Core.Tests.Rules.DockJamTests" runstate="Runnable" testcasecount="5" result="Passed" start-time="2026-04-24 17:36:01Z" end-time="2026-04-24 17:36:01Z" duration="0.001682" total="5" passed="5" failed="0" inconclusive="0" skipped="0" asserts="0">
                <properties />
                <test-case id="1074" name="DockJamDisabledFirstOverflowBecomesNormalLoss" fullname="Rescue.Core.Tests.Rules.DockJamTests.DockJamDisabledFirstOverflowBecomesNormalLoss" methodname="DockJamDisabledFirstOverflowBecomesNormalLoss" classname="Rescue.Core.Tests.Rules.DockJamTests" runstate="Runnable" seed="1997993157" result="Passed" start-time="2026-04-24 17:36:01Z" end-time="2026-04-24 17:36:01Z" duration="0.000281" asserts="0">
                  <properties>
                    <property name="retryIteration" value="0" />
                    <property name="repeatIteration" value="0" />
                  </properties>
                </test-case>
                <test-case id="1070" name="DockJamEnabledFirstOverflowFreezesWithoutImmediateLoss" fullname="Rescue.Core.Tests.Rules.DockJamTests.DockJamEnabledFirstOverflowFreezesWithoutImmediateLoss" methodname="DockJamEnabledFirstOverflowFreezesWithoutImmediateLoss" classname="Rescue.Core.Tests.Rules.DockJamTests" runstate="Runnable" seed="180710971" result="Passed" start-time="2026-04-24 17:36:01Z" end-time="2026-04-24 17:36:01Z" duration="0.000267" asserts="0">
                  <properties>
                    <property name="retryIteration" value="0" />
                    <property name="repeatIteration" value="0" />
                  </properties>
                </test-case>
                <test-case id="1073" name="DockJamFiresOnceOnly" fullname="Rescue.Core.Tests.Rules.DockJamTests.DockJamFiresOnceOnly" methodname="DockJamFiresOnceOnly" classname="Rescue.Core.Tests.Rules.DockJamTests" runstate="Runnable" seed="564642281" result="Passed" start-time="2026-04-24 17:36:01Z" end-time="2026-04-24 17:36:01Z" duration="0.000242" asserts="0">
                  <properties>
                    <property name="retryIteration" value="0" />
                    <property name="repeatIteration" value="0" />
                  </properties>
                </test-case>
                <test-case id="1071" name="NextActionThatClearsTripleContinuesPlay" fullname="Rescue.Core.Tests.Rules.DockJamTests.NextActionThatClearsTripleContinuesPlay" methodname="NextActionThatClearsTripleContinuesPlay" classname="Rescue.Core.Tests.Rules.DockJamTests" runstate="Runnable" seed="763183149" result="Passed" start-time="2026-04-24 17:36:01Z" end-time="2026-04-24 17:36:01Z" duration="0.000154" asserts="0">
                  <properties>
                    <property name="retryIteration" value="0" />
                    <property name="repeatIteration" value="0" />
                  </properties>
                </test-case>
                <test-case id="1072" name="NextActionThatDoesNotClearTripleLoses" fullname="Rescue.Core.Tests.Rules.DockJamTests.NextActionThatDoesNotClearTripleLoses" methodname="NextActionThatDoesNotClearTripleLoses" classname="Rescue.Core.Tests.Rules.DockJamTests" runstate="Runnable" seed="125642727" result="Passed" start-time="2026-04-24 17:36:01Z" end-time="2026-04-24 17:36:01Z" duration="0.000214" asserts="0">
                  <properties>
                    <property name="retryIteration" value="0" />
                    <property name="repeatIteration" value="0" />
                  </properties>
                </test-case>
              </test-suite>
              <test-suite type="TestFixture" id="1075" name="DockTests" fullname="Rescue.Core.Tests.Rules.DockTests" classname="Rescue.Core.Tests.Rules.DockTests" runstate="Runnable" testcasecount="6" result="Passed" start-time="2026-04-24 17:36:01Z" end-time="2026-04-24 17:36:01Z" duration="0.003249" total="6" passed="6" failed="0" inconclusive="0" skipped="0" asserts="0">
                <properties />
                <test-case id="1080" name="CompactionAfterClearLeavesNoGaps" fullname="Rescue.Core.Tests.Rules.DockTests.CompactionAfterClearLeavesNoGaps" methodname="CompactionAfterClearLeavesNoGaps" classname="Rescue.Core.Tests.Rules.DockTests" runstate="Runnable" seed="765665253" result="Passed" start-time="2026-04-24 17:36:01Z" end-time="2026-04-24 17:36:01Z" duration="0.000396" asserts="0">
                  <properties>
                    <property name="retryIteration" value="0" />
                    <property name="repeatIteration" value="0" />
                  </properties>
                </test-case>
                <test-case id="1077" name="InsertFourMatchingPiecesClearsThreeAndLeavesOne" fullname="Rescue.Core.Tests.Rules.DockTests.InsertFourMatchingPiecesClearsThreeAndLeavesOne" methodname="InsertFourMatchingPiecesClearsThreeAndLeavesOne" classname="Rescue.Core.Tests.Rules.DockTests" runstate="Runnable" seed="1152034710" result="Passed" start-time="2026-04-24 17:36:01Z" end-time="2026-04-24 17:36:01Z" duration="0.000268" asserts="0">
                  <properties>
                    <property name="retryIteration" value="0" />
                    <property name="repeatIteration" value="0" />
                  </properties>
                </test-case>
                <test-case id="1078" name="InsertSixMatchingPiecesClearsTwoTriples" fullname="Rescue.Core.Tests.Rules.DockTests.InsertSixMatchingPiecesClearsTwoTriples" methodname="InsertSixMatchingPiecesClearsTwoTriples" classname="Rescue.Core.Tests.Rules.DockTests" runstate="Runnable" seed="738281966" result="Passed" start-time="2026-04-24 17:36:01Z" end-time="2026-04-24 17:36:01Z" duration="0.000356" asserts="0">
                  <properties>
                    <property name="retryIteration" value="0" />
                    <property name="repeatIteration" value="0" />
                  </properties>
                </test-case>
                <test-case id="1079" name="InsertThatWouldExceedCapacitySetsOverflowFlag" fullname="Rescue.Core.Tests.Rules.DockTests.InsertThatWouldExceedCapacitySetsOverflowFlag" methodname="InsertThatWouldExceedCapacitySetsOverflowFlag" classname="Rescue.Core.Tests.Rules.DockTests" runstate="Runnable" seed="1366756394" result="Passed" start-time="2026-04-24 17:36:01Z" end-time="2026-04-24 17:36:01Z" duration="0.000756" asserts="0">
                  <properties>
                    <property name="retryIteration" value="0" />
                    <property name="repeatIteration" value="0" />
                  </properties>
                </test-case>
                <test-case id="1076" name="InsertThreeMatchingPiecesIntoEmptyDockClearsImmediately" fullname="Rescue.Core.Tests.Rules.DockTests.InsertThreeMatchingPiecesIntoEmptyDockClearsImmediately" methodname="InsertThreeMatchingPiecesIntoEmptyDockClearsImmediately" classname="Rescue.Core.Tests.Rules.DockTests" runstate="Runnable" seed="1222087718" result="Passed" start-time="2026-04-24 17:36:01Z" end-time="2026-04-24 17:36:01Z" duration="0.000240" asserts="0">
                  <properties>
                    <property name="retryIteration" value="0" />
                    <property name="repeatIteration" value="0" />
                  </properties>
                </test-case>
                <test-case id="1081" name="WarningLevelChangesEmitAtThresholds" fullname="Rescue.Core.Tests.Rules.DockTests.WarningLevelChangesEmitAtThresholds" methodname="WarningLevelChangesEmitAtThresholds" classname="Rescue.Core.Tests.Rules.DockTests" runstate="Runnable" seed="329271606" result="Passed" start-time="2026-04-24 17:36:01Z" end-time="2026-04-24 17:36:01Z" duration="0.000643" asserts="0">
                  <properties>
                    <property name="retryIteration" value="0" />
                    <property name="repeatIteration" value="0" />
                  </properties>
                </test-case>
              </test-suite>
              <test-suite type="TestFixture" id="1082" name="ExtractionTests" fullname="Rescue.Core.Tests.Rules.ExtractionTests" classname="Rescue.Core.Tests.Rules.ExtractionTests" runstate="Runnable" testcasecount="8" result="Passed" start-time="2026-04-24 17:36:01Z" end-time="2026-04-24 17:36:01Z" duration="0.004057" total="8" passed="8" failed="0" inconclusive="0" skipped="0" asserts="0">
                <properties />
                <test-case id="1086" name="CornerTargetExtractsWithTwoOpenSides" fullname="Rescue.Core.Tests.Rules.ExtractionTests.CornerTargetExtractsWithTwoOpenSides" methodname="CornerTargetExtractsWithTwoOpenSides" classname="Rescue.Core.Tests.Rules.ExtractionTests" runstate="Runnable" seed="1259707251" result="Passed" start-time="2026-04-24 17:36:01Z" end-time="2026-04-24 17:36:01Z" duration="0.000353" asserts="0">
                  <properties>
                    <property name="retryIteration" value="0" />
                    <property name="repeatIteration" value="0" />
                  </properties>
                </test-case>
                <test-case id="1085" name="EdgeTargetWithAllExistingSidesOpenExtracts" fullname="Rescue.Core.Tests.Rules.ExtractionTests.EdgeTargetWithAllExistingSidesOpenExtracts" methodname="EdgeTargetWithAllExistingSidesOpenExtracts" classname="Rescue.Core.Tests.Rules.ExtractionTests" runstate="Runnable" seed="1003224067" result="Passed" start-time="2026-04-24 17:36:01Z" end-time="2026-04-24 17:36:01Z" duration="0.000302" asserts="0">
                  <properties>
                    <property name="retryIteration" value="0" />
                    <property name="repeatIteration" value="0" />
                  </properties>
                </test-case>
                <test-case id="1083" name="InteriorTargetWithFourOpenNeighborsExtracts" fullname="Rescue.Core.Tests.Rules.ExtractionTests.InteriorTargetWithFourOpenNeighborsExtracts" methodname="InteriorTargetWithFourOpenNeighborsExtracts" classname="Rescue.Core.Tests.Rules.ExtractionTests" runstate="Runnable" seed="1244356281" result="Passed" start-time="2026-04-24 17:36:01Z" end-time="2026-04-24 17:36:01Z" duration="0.000432" asserts="0">
                  <properties>
                    <property name="retryIteration" value="0" />
                    <property name="repeatIteration" value="0" />
                  </properties>
                </test-case>
                <test-case id="1084" name="InteriorTargetWithThreeOpenNeighborsDoesNotExtract" fullname="Rescue.Core.Tests.Rules.ExtractionTests.InteriorTargetWithThreeOpenNeighborsDoesNotExtract" methodname="InteriorTargetWithThreeOpenNeighborsDoesNotExtract" classname="Rescue.Core.Tests.Rules.ExtractionTests" runstate="Runnable" seed="912910238" result="Passed" start-time="2026-04-24 17:36:01Z" end-time="2026-04-24 17:36:01Z" duration="0.000361" asserts="0">
                  <properties>
                    <property name="retryIteration" value="0" />
                    <property name="repeatIteration" value="0" />
                  </properties>
                </test-case>
                <test-case id="1087" name="TargetBecomesOneClearAwayWhenExactlyOneRequiredNeighborBlocks" fullname="Rescue.Core.Tests.Rules.ExtractionTests.TargetBecomesOneClearAwayWhenExactlyOneRequiredNeighborBlocks" methodname="TargetBecomesOneClearAwayWhenExactlyOneRequiredNeighborBlocks" classname="Rescue.Core.Tests.Rules.ExtractionTests" runstate="Runnable" seed="1650614585" result="Passed" start-time="2026-04-24 17:36:01Z" end-time="2026-04-24 17:36:01Z" duration="0.000281" asserts="0">
                  <properties>
                    <property name="retryIteration" value="0" />
                    <property name="repeatIteration" value="0" />
                  </properties>
                </test-case>
                <test-case id="1088" name="TargetOneClearAwayFiresOnFalseToTrueTransitionOnly" fullname="Rescue.Core.Tests.Rules.ExtractionTests.TargetOneClearAwayFiresOnFalseToTrueTransitionOnly" methodname="TargetOneClearAwayFiresOnFalseToTrueTransitionOnly" classname="Rescue.Core.Tests.Rules.ExtractionTests" runstate="Runnable" seed="935821632" result="Passed" start-time="2026-04-24 17:36:01Z" end-time="2026-04-24 17:36:01Z" duration="0.000368" asserts="0">
                  <properties>
                    <property name="retryIteration" value="0" />
                    <property name="repeatIteration" value="0" />
                  </properties>
                </test-case>
                <test-case id="1089" name="WinFiresImmediatelyOnFinalExtraction" fullname="Rescue.Core.Tests.Rules.ExtractionTests.WinFiresImmediatelyOnFinalExtraction" methodname="WinFiresImmediatelyOnFinalExtraction" classname="Rescue.Core.Tests.Rules.ExtractionTests" runstate="Runnable" seed="389893415" result="Passed" start-time="2026-04-24 17:36:01Z" end-time="2026-04-24 17:36:01Z" duration="0.000571" asserts="0">
                  <properties>
                    <property name="retryIteration" value="0" />
                    <property name="repeatIteration" value="0" />
                  </properties>
                </test-case>
                <test-case id="1090" name="WinSkipsLaterHazardSteps" fullname="Rescue.Core.Tests.Rules.ExtractionTests.WinSkipsLaterHazardSteps" methodname="WinSkipsLaterHazardSteps" classname="Rescue.Core.Tests.Rules.ExtractionTests" runstate="Runnable" seed="865628760" result="Passed" start-time="2026-04-24 17:36:01Z" end-time="2026-04-24 17:36:01Z" duration="0.000672" asserts="0">
                  <properties>
                    <property name="retryIteration" value="0" />
                    <property name="repeatIteration" value="0" />
                  </properties>
                </test-case>
              </test-suite>
              <test-suite type="TestFixture" id="1091" name="GravityTests" fullname="Rescue.Core.Tests.Rules.GravityTests" classname="Rescue.Core.Tests.Rules.GravityTests" runstate="Runnable" testcasecount="4" result="Passed" start-time="2026-04-24 17:36:01Z" end-time="2026-04-24 17:36:01Z" duration="0.001818" total="4" passed="4" failed="0" inconclusive="0" skipped="0" asserts="0">
                <properties />
                <test-case id="1094" name="FloodedTileActsAsFloorAndDryTilesSettleOnTop" fullname="Rescue.Core.Tests.Rules.GravityTests.FloodedTileActsAsFloorAndDryTilesSettleOnTop" methodname="FloodedTileActsAsFloorAndDryTilesSettleOnTop" classname="Rescue.Core.Tests.Rules.GravityTests" runstate="Runnable" seed="196778289" result="Passed" start-time="2026-04-24 17:36:01Z" end-time="2026-04-24 17:36:01Z" duration="0.000292" asserts="0">
                  <properties>
                    <property name="retryIteration" value="0" />
                    <property name="repeatIteration" value="0" />
                  </properties>
                </test-case>
                <test-case id="1093" name="FullColumnOfDebrisAboveEmptyShiftsDownCorrectly" fullname="Rescue.Core.Tests.Rules.GravityTests.FullColumnOfDebrisAboveEmptyShiftsDownCorrectly" methodname="FullColumnOfDebrisAboveEmptyShiftsDownCorrectly" classname="Rescue.Core.Tests.Rules.GravityTests" runstate="Runnable" seed="172167633" result="Passed" start-time="2026-04-24 17:36:01Z" end-time="2026-04-24 17:36:01Z" duration="0.000574" asserts="0">
                  <properties>
                    <property name="retryIteration" value="0" />
                    <property name="repeatIteration" value="0" />
                  </properties>
                </test-case>
                <test-case id="1095" name="GravityIsIdempotent" fullname="Rescue.Core.Tests.Rules.GravityTests.GravityIsIdempotent" methodname="GravityIsIdempotent" classname="Rescue.Core.Tests.Rules.GravityTests" runstate="Runnable" seed="1500422914" result="Passed" start-time="2026-04-24 17:36:01Z" end-time="2026-04-24 17:36:01Z" duration="0.000224" asserts="0">
                  <properties>
                    <property name="retryIteration" value="0" />
                    <property name="repeatIteration" value="0" />
                  </properties>
                </test-case>
                <test-case id="1092" name="SingleHoleFillsFromAbove" fullname="Rescue.Core.Tests.Rules.GravityTests.SingleHoleFillsFromAbove" methodname="SingleHoleFillsFromAbove" classname="Rescue.Core.Tests.Rules.GravityTests" runstate="Runnable" seed="1349923392" result="Passed" start-time="2026-04-24 17:36:01Z" end-time="2026-04-24 17:36:01Z" duration="0.000285" asserts="0">
                  <properties>
                    <property name="retryIteration" value="0" />
                    <property name="repeatIteration" value="0" />
                  </properties>
                </test-case>
              </test-suite>
              <test-suite type="TestFixture" id="1096" name="GroupsTests" fullname="Rescue.Core.Tests.Rules.GroupsTests" classname="Rescue.Core.Tests.Rules.GroupsTests" runstate="Runnable" testcasecount="7" result="Passed" start-time="2026-04-24 17:36:01Z" end-time="2026-04-24 17:36:01Z" duration="0.002398" total="7" passed="7" failed="0" inconclusive="0" skipped="0" asserts="0">
                <properties />
                <test-case id="1102" name="FindGroupDoesNotIncludeTileHiddenUnderIce" fullname="Rescue.Core.Tests.Rules.GroupsTests.FindGroupDoesNotIncludeTileHiddenUnderIce" methodname="FindGroupDoesNotIncludeTileHiddenUnderIce" classname="Rescue.Core.Tests.Rules.GroupsTests" runstate="Runnable" seed="1447832265" result="Passed" start-time="2026-04-24 17:36:01Z" end-time="2026-04-24 17:36:01Z" duration="0.000298" asserts="0">
                  <properties>
                    <property name="retryIteration" value="0" />
                    <property name="repeatIteration" value="0" />
                  </properties>
                </test-case>
                <test-case id="1100" name="FindGroupDoesNotUseDiagonalAdjacency" fullname="Rescue.Core.Tests.Rules.GroupsTests.FindGroupDoesNotUseDiagonalAdjacency" methodname="FindGroupDoesNotUseDiagonalAdjacency" classname="Rescue.Core.Tests.Rules.GroupsTests" runstate="Runnable" seed="1189421749" result="Passed" start-time="2026-04-24 17:36:01Z" end-time="2026-04-24 17:36:01Z" duration="0.000128" asserts="0">
                  <properties>
                    <property name="retryIteration" value="0" />
                    <property name="repeatIteration" value="0" />
                  </properties>
                </test-case>
                <test-case id="1099" name="FindGroupReturnsAllTilesForLShape" fullname="Rescue.Core.Tests.Rules.GroupsTests.FindGroupReturnsAllTilesForLShape" methodname="FindGroupReturnsAllTilesForLShape" classname="Rescue.Core.Tests.Rules.GroupsTests" runstate="Runnable" seed="1022280711" result="Passed" start-time="2026-04-24 17:36:01Z" end-time="2026-04-24 17:36:01Z" duration="0.000813" asserts="0">
                  <properties>
                    <property name="retryIteration" value="0" />
                    <property name="repeatIteration" value="0" />
                  </properties>
                </test-case>
                <test-case id="1098" name="FindGroupReturnsBothTilesForHorizontalPair" fullname="Rescue.Core.Tests.Rules.GroupsTests.FindGroupReturnsBothTilesForHorizontalPair" methodname="FindGroupReturnsBothTilesForHorizontalPair" classname="Rescue.Core.Tests.Rules.GroupsTests" runstate="Runnable" seed="1905025942" result="Passed" start-time="2026-04-24 17:36:01Z" end-time="2026-04-24 17:36:01Z" duration="0.000202" asserts="0">
                  <properties>
                    <property name="retryIteration" value="0" />
                    <property name="repeatIteration" value="0" />
                  </properties>
                </test-case>
                <test-case id="1103" name="FindGroupReturnsNullForFloodedTile" fullname="Rescue.Core.Tests.Rules.GroupsTests.FindGroupReturnsNullForFloodedTile" methodname="FindGroupReturnsNullForFloodedTile" classname="Rescue.Core.Tests.Rules.GroupsTests" runstate="Runnable" seed="1432585699" result="Passed" start-time="2026-04-24 17:36:01Z" end-time="2026-04-24 17:36:01Z" duration="0.000113" asserts="0">
                  <properties>
                    <property name="retryIteration" value="0" />
                    <property name="repeatIteration" value="0" />
                  </properties>
                </test-case>
                <test-case id="1097" name="FindGroupReturnsNullForSingleTile" fullname="Rescue.Core.Tests.Rules.GroupsTests.FindGroupReturnsNullForSingleTile" methodname="FindGroupReturnsNullForSingleTile" classname="Rescue.Core.Tests.Rules.GroupsTests" runstate="Runnable" seed="270489797" result="Passed" start-time="2026-04-24 17:36:01Z" end-time="2026-04-24 17:36:01Z" duration="0.000091" asserts="0">
                  <properties>
                    <property name="retryIteration" value="0" />
                    <property name="repeatIteration" value="0" />
                  </properties>
                </test-case>
                <test-case id="1101" name="FindGroupStopsAtDifferentDebrisTypeBoundary" fullname="Rescue.Core.Tests.Rules.GroupsTests.FindGroupStopsAtDifferentDebrisTypeBoundary" methodname="FindGroupStopsAtDifferentDebrisTypeBoundary" classname="Rescue.Core.Tests.Rules.GroupsTests" runstate="Runnable" seed="339797768" result="Passed" start-time="2026-04-24 17:36:01Z" end-time="2026-04-24 17:36:01Z" duration="0.000166" asserts="0">
                  <properties>
                    <property name="retryIteration" value="0" />
                    <property name="repeatIteration" value="0" />
                  </properties>
                </test-case>
              </test-suite>
              <test-suite type="TestFixture" id="1104" name="SpawnTests" fullname="Rescue.Core.Tests.Rules.SpawnTests" classname="Rescue.Core.Tests.Rules.SpawnTests" runstate="Runnable" testcasecount="22" result="Passed" start-time="2026-04-24 17:36:01Z" end-time="2026-04-24 17:36:01Z" duration="0.090922" total="22" passed="22" failed="0" inconclusive="0" skipped="0" asserts="0">
                <properties />
                <test-case id="1106" name="AssistanceChanceOnePrefersTypeWithTwoAlreadyInDock" fullname="Rescue.Core.Tests.Rules.SpawnTests.AssistanceChanceOnePrefersTypeWithTwoAlreadyInDock" methodname="AssistanceChanceOnePrefersTypeWithTwoAlreadyInDock" classname="Rescue.Core.Tests.Rules.SpawnTests" runstate="Runnable" seed="2074425014" result="Passed" start-time="2026-04-24 17:36:01Z" end-time="2026-04-24 17:36:01Z" duration="0.000399" asserts="0">
                  <properties>
                    <property name="retryIteration" value="0" />
                    <property name="repeatIteration" value="0" />
                  </properties>
                </test-case>
                <test-case id="1110" name="AssistanceChanceOverrideReplacesLevelDefaultBeforeEmergencyBonus" fullname="Rescue.Core.Tests.Rules.SpawnTests.AssistanceChanceOverrideReplacesLevelDefaultBeforeEmergencyBonus" methodname="AssistanceChanceOverrideReplacesLevelDefaultBeforeEmergencyBonus" classname="Rescue.Core.Tests.Rules.SpawnTests" runstate="Runnable" seed="1093948495" result="Passed" start-time="2026-04-24 17:36:01Z" end-time="2026-04-24 17:36:01Z" duration="0.000296" asserts="0">
                  <properties>
                    <property name="retryIteration" value="0" />
                    <property name="repeatIteration" value="0" />
                  </properties>
                </test-case>
                <test-case id="1105" name="AssistanceChanceZeroKeepsDistributionNearBaseWeights" fullname="Rescue.Core.Tests.Rules.SpawnTests.AssistanceChanceZeroKeepsDistributionNearBaseWeights" methodname="AssistanceChanceZeroKeepsDistributionNearBaseWeights" classname="Rescue.Core.Tests.Rules.SpawnTests" runstate="Runnable" seed="38010120" result="Passed" start-time="2026-04-24 17:36:01Z" end-time="2026-04-24 17:36:01Z" duration="0.003841" asserts="0">
                  <properties>
                    <property name="retryIteration" value="0" />
                    <property name="repeatIteration" value="0" />
                  </properties>
                </test-case>
                <test-case id="1117" name="CandidateGetsReachablePairRouteBonusWhenSpawnCreatesLegalRouteGroup" fullname="Rescue.Core.Tests.Rules.SpawnTests.CandidateGetsReachablePairRouteBonusWhenSpawnCreatesLegalRouteGroup" methodname="CandidateGetsReachablePairRouteBonusWhenSpawnCreatesLegalRouteGroup" classname="Rescue.Core.Tests.Rules.SpawnTests" runstate="Runnable" seed="1971145396" result="Passed" start-time="2026-04-24 17:36:01Z" end-time="2026-04-24 17:36:01Z" duration="0.000394" asserts="0">
                  <properties>
                    <property name="retryIteration" value="0" />
                    <property name="repeatIteration" value="0" />
                  </properties>
                </test-case>
                <test-case id="1119" name="CandidateGetsRouteAdjacencyBonusWhenFinalTileLandsInSoftRoute" fullname="Rescue.Core.Tests.Rules.SpawnTests.CandidateGetsRouteAdjacencyBonusWhenFinalTileLandsInSoftRoute" methodname="CandidateGetsRouteAdjacencyBonusWhenFinalTileLandsInSoftRoute" classname="Rescue.Core.Tests.Rules.SpawnTests" runstate="Runnable" seed="153015468" result="Passed" start-time="2026-04-24 17:36:01Z" end-time="2026-04-24 17:36:01Z" duration="0.000310" asserts="0">
                  <properties>
                    <property name="retryIteration" value="0" />
                    <property name="repeatIteration" value="0" />
                  </properties>
                </test-case>
                <test-case id="1121" name="DockBonusStillOutranksRouteAdjacency" fullname="Rescue.Core.Tests.Rules.SpawnTests.DockBonusStillOutranksRouteAdjacency" methodname="DockBonusStillOutranksRouteAdjacency" classname="Rescue.Core.Tests.Rules.SpawnTests" runstate="Runnable" seed="987583441" result="Passed" start-time="2026-04-24 17:36:01Z" end-time="2026-04-24 17:36:01Z" duration="0.000212" asserts="0">
                  <properties>
                    <property name="retryIteration" value="0" />
                    <property name="repeatIteration" value="0" />
                  </properties>
                </test-case>
                <test-case id="1107" name="EmergencyTriggerAtDockOccupancyFiveRaisesAssistanceByExactlyTwentyPoints" fullname="Rescue.Core.Tests.Rules.SpawnTests.EmergencyTriggerAtDockOccupancyFiveRaisesAssistanceByExactlyTwentyPoints" methodname="EmergencyTriggerAtDockOccupancyFiveRaisesAssistanceByExactlyTwentyPoints" classname="Rescue.Core.Tests.Rules.SpawnTests" runstate="Runnable" seed="208075356" result="Passed" start-time="2026-04-24 17:36:01Z" end-time="2026-04-24 17:36:01Z" duration="0.000188" asserts="0">
                  <properties>
                    <property name="retryIteration" value="0" />
                    <property name="repeatIteration" value="0" />
                  </properties>
                </test-case>
                <test-case id="1109" name="ForceEmergencyOverrideAppliesEmergencyBonusWithoutNaturalTrigger" fullname="Rescue.Core.Tests.Rules.SpawnTests.ForceEmergencyOverrideAppliesEmergencyBonusWithoutNaturalTrigger" methodname="ForceEmergencyOverrideAppliesEmergencyBonusWithoutNaturalTrigger" classname="Rescue.Core.Tests.Rules.SpawnTests" runstate="Runnable" seed="833954859" result="Passed" start-time="2026-04-24 17:36:01Z" end-time="2026-04-24 17:36:01Z" duration="0.000146" asserts="0">
                  <properties>
                    <property name="retryIteration" value="0" />
                    <property name="repeatIteration" value="0" />
                  </properties>
[...]
: missing prefab for BlockerType.Vine. Assign the reference in the inspector or configure a fallback.
]]></output>
                </test-case>
                <test-case id="1294" name="BoardContentViewPresenter_RendersDebrisTile" fullname="Rescue.Unity.BoardPresentation.Tests.BoardContentViewPresenterTests.BoardContentViewPresenter_RendersDebrisTile" methodname="BoardContentViewPresenter_RendersDebrisTile" classname="Rescue.Unity.BoardPresentation.Tests.BoardContentViewPresenterTests" runstate="Runnable" seed="1080555377" result="Passed" start-time="2026-04-24 17:36:11Z" end-time="2026-04-24 17:36:11Z" duration="0.000355" asserts="0">
                  <properties>
                    <property name="retryIteration" value="0" />
                    <property name="repeatIteration" value="0" />
                  </properties>
                </test-case>
                <test-case id="1296" name="BoardContentViewPresenter_RendersHiddenIceDebris" fullname="Rescue.Unity.BoardPresentation.Tests.BoardContentViewPresenterTests.BoardContentViewPresenter_RendersHiddenIceDebris" methodname="BoardContentViewPresenter_RendersHiddenIceDebris" classname="Rescue.Unity.BoardPresentation.Tests.BoardContentViewPresenterTests" runstate="Runnable" seed="898771030" result="Passed" start-time="2026-04-24 17:36:11Z" end-time="2026-04-24 17:36:11Z" duration="0.001346" asserts="0">
                  <properties>
                    <property name="retryIteration" value="0" />
                    <property name="repeatIteration" value="0" />
                  </properties>
                  <output><![CDATA[: missing prefab for DebrisType.B. Assign the reference in the inspector or configure a fallback.
: missing prefab for DebrisType.B fallback. Assign the reference in the inspector or configure a fallback.
]]></output>
                </test-case>
                <test-case id="1298" name="BoardContentViewPresenter_RendersUnextractedTarget" fullname="Rescue.Unity.BoardPresentation.Tests.BoardContentViewPresenterTests.BoardContentViewPresenter_RendersUnextractedTarget" methodname="BoardContentViewPresenter_RendersUnextractedTarget" classname="Rescue.Unity.BoardPresentation.Tests.BoardContentViewPresenterTests" runstate="Runnable" seed="776573205" result="Passed" start-time="2026-04-24 17:36:11Z" end-time="2026-04-24 17:36:11Z" duration="0.000820" asserts="0">
                  <properties>
                    <property name="retryIteration" value="0" />
                    <property name="repeatIteration" value="0" />
                  </properties>
                  <output><![CDATA[: missing prefab for target 'puppy-1'. Assign the reference in the inspector or configure a fallback.
]]></output>
                </test-case>
              </test-suite>
              <test-suite type="TestFixture" id="1301" name="BoardGridViewPresenterTests" fullname="Rescue.Unity.BoardPresentation.Tests.BoardGridViewPresenterTests" classname="Rescue.Unity.BoardPresentation.Tests.BoardGridViewPresenterTests" runstate="Runnable" testcasecount="6" result="Passed" start-time="2026-04-24 17:36:11Z" end-time="2026-04-24 17:36:11Z" duration="0.006990" total="6" passed="6" failed="0" inconclusive="0" skipped="0" asserts="0">
                <properties />
                <test-case id="1302" name="BoardGridViewPresenter_BuildsCorrectTileCount_6x7" fullname="Rescue.Unity.BoardPresentation.Tests.BoardGridViewPresenterTests.BoardGridViewPresenter_BuildsCorrectTileCount_6x7" methodname="BoardGridViewPresenter_BuildsCorrectTileCount_6x7" classname="Rescue.Unity.BoardPresentation.Tests.BoardGridViewPresenterTests" runstate="Runnable" seed="1360097310" result="Passed" start-time="2026-04-24 17:36:11Z" end-time="2026-04-24 17:36:11Z" duration="0.001299" asserts="0">
                  <properties>
                    <property name="retryIteration" value="0" />
                    <property name="repeatIteration" value="0" />
                  </properties>
                </test-case>
                <test-case id="1303" name="BoardGridViewPresenter_BuildsCorrectTileCount_9x9" fullname="Rescue.Unity.BoardPresentation.Tests.BoardGridViewPresenterTests.BoardGridViewPresenter_BuildsCorrectTileCount_9x9" methodname="BoardGridViewPresenter_BuildsCorrectTileCount_9x9" classname="Rescue.Unity.BoardPresentation.Tests.BoardGridViewPresenterTests" runstate="Runnable" seed="2008091321" result="Passed" start-time="2026-04-24 17:36:11Z" end-time="2026-04-24 17:36:11Z" duration="0.001015" asserts="0">
                  <properties>
                    <property name="retryIteration" value="0" />
                    <property name="repeatIteration" value="0" />
                  </properties>
                </test-case>
                <test-case id="1307" name="BoardGridViewPresenter_CentersBoardWhenEnabled" fullname="Rescue.Unity.BoardPresentation.Tests.BoardGridViewPresenterTests.BoardGridViewPresenter_CentersBoardWhenEnabled" methodname="BoardGridViewPresenter_CentersBoardWhenEnabled" classname="Rescue.Unity.BoardPresentation.Tests.BoardGridViewPresenterTests" runstate="Runnable" seed="1600990371" result="Passed" start-time="2026-04-24 17:36:11Z" end-time="2026-04-24 17:36:11Z" duration="0.000474" asserts="0">
                  <properties>
                    <property name="retryIteration" value="0" />
                    <property name="repeatIteration" value="0" />
                  </properties>
                </test-case>
                <test-case id="1304" name="BoardGridViewPresenter_ClearGridRemovesTiles" fullname="Rescue.Unity.BoardPresentation.Tests.BoardGridViewPresenterTests.BoardGridViewPresenter_ClearGridRemovesTiles" methodname="BoardGridViewPresenter_ClearGridRemovesTiles" classname="Rescue.Unity.BoardPresentation.Tests.BoardGridViewPresenterTests" runstate="Runnable" seed="767627018" result="Passed" start-time="2026-04-24 17:36:11Z" end-time="2026-04-24 17:36:11Z" duration="0.000818" asserts="0">
                  <properties>
                    <property name="retryIteration" value="0" />
                    <property name="repeatIteration" value="0" />
                  </properties>
                </test-case>
                <test-case id="1306" name="BoardGridViewPresenter_RebuildDoesNotDuplicateTiles" fullname="Rescue.Unity.BoardPresentation.Tests.BoardGridViewPresenterTests.BoardGridViewPresenter_RebuildDoesNotDuplicateTiles" methodname="BoardGridViewPresenter_RebuildDoesNotDuplicateTiles" classname="Rescue.Unity.BoardPresentation.Tests.BoardGridViewPresenterTests" runstate="Runnable" seed="318831018" result="Passed" start-time="2026-04-24 17:36:11Z" end-time="2026-04-24 17:36:11Z" duration="0.001058" asserts="0">
                  <properties>
                    <property name="retryIteration" value="0" />
                    <property name="repeatIteration" value="0" />
                  </properties>
                </test-case>
                <test-case id="1305" name="BoardGridViewPresenter_TryGetCellAnchorReturnsExpectedCells" fullname="Rescue.Unity.BoardPresentation.Tests.BoardGridViewPresenterTests.BoardGridViewPresenter_TryGetCellAnchorReturnsExpectedCells" methodname="BoardGridViewPresenter_TryGetCellAnchorReturnsExpectedCells" classname="Rescue.Unity.BoardPresentation.Tests.BoardGridViewPresenterTests" runstate="Runnable" seed="452969630" result="Passed" start-time="2026-04-24 17:36:11Z" end-time="2026-04-24 17:36:11Z" duration="0.000467" asserts="0">
                  <properties>
                    <property name="retryIteration" value="0" />
                    <property name="repeatIteration" value="0" />
                  </properties>
                </test-case>
              </test-suite>
            </test-suite>
          </test-suite>
        </test-suite>
      </test-suite>
    </test-suite>
    <test-suite type="Assembly" id="1327" name="Rescue.Unity.Dock.EditMode.Tests.dll" fullname="C:/Users/jwmcg/OneDrive/Documents/AI Projects/Live Envirnments/rescue-grid/Library/ScriptAssemblies/Rescue.Unity.Dock.EditMode.Tests.dll" runstate="Runnable" testcasecount="12" result="Passed" start-time="2026-04-24 17:36:11Z" end-time="2026-04-24 17:36:12Z" duration="0.006705" total="12" passed="12" failed="0" inconclusive="0" skipped="0" asserts="0">
      <properties>
        <property name="_PID" value="27700" />
        <property name="_APPDOMAIN" value="Unity Child Domain" />
        <property name="platform" value="EditMode" />
        <property name="EditorOnly" value="True" />
      </properties>
      <test-suite type="TestSuite" id="1328" name="Rescue" fullname="Rescue" runstate="Runnable" testcasecount="12" result="Passed" start-time="2026-04-24 17:36:11Z" end-time="2026-04-24 17:36:12Z" duration="0.006411" total="12" passed="12" failed="0" inconclusive="0" skipped="0" asserts="0">
        <properties />
        <test-suite type="TestSuite" id="1329" name="Unity" fullname="Rescue.Unity" runstate="Runnable" testcasecount="12" result="Passed" start-time="2026-04-24 17:36:11Z" end-time="2026-04-24 17:36:12Z" duration="0.006342" total="12" passed="12" failed="0" inconclusive="0" skipped="0" asserts="0">
          <properties />
          <test-suite type="TestSuite" id="1330" name="UI" fullname="Rescue.Unity.UI" runstate="Runnable" testcasecount="12" result="Passed" start-time="2026-04-24 17:36:11Z" end-time="2026-04-24 17:36:12Z" duration="0.006279" total="12" passed="12" failed="0" inconclusive="0" skipped="0" asserts="0">
            <properties />
            <test-suite type="TestSuite" id="1331" name="Tests" fullname="Rescue.Unity.UI.Tests" runstate="Runnable" testcasecount="12" result="Passed" start-time="2026-04-24 17:36:11Z" end-time="2026-04-24 17:36:12Z" duration="0.006201" total="12" passed="12" failed="0" inconclusive="0" skipped="0" asserts="0">
              <properties />
              <test-suite type="TestFixture" id="1313" name="DockViewPresenterTests" fullname="Rescue.Unity.UI.Tests.DockViewPresenterTests" classname="Rescue.Unity.UI.Tests.DockViewPresenterTests" runstate="Runnable" testcasecount="12" result="Passed" start-time="2026-04-24 17:36:11Z" end-time="2026-04-24 17:36:12Z" duration="0.006093" total="12" passed="12" failed="0" inconclusive="0" skipped="0" asserts="0">
                <properties />
                <test-case id="1326" name="DockViewPresenter_ClearSlotsRemovesSpawnedPieces" fullname="Rescue.Unity.UI.Tests.DockViewPresenterTests.DockViewPresenter_ClearSlotsRemovesSpawnedPieces" methodname="DockViewPresenter_ClearSlotsRemovesSpawnedPieces" classname="Rescue.Unity.UI.Tests.DockViewPresenterTests" runstate="Runnable" seed="1220362690" result="Passed" start-time="2026-04-24 17:36:11Z" end-time="2026-04-24 17:36:12Z" duration="0.002172" asserts="0">
                  <properties>
                    <property name="retryIteration" value="0" />
                    <property name="repeatIteration" value="0" />
                  </properties>
                  <output><![CDATA[DockViewPresenter is missing sharedDockRenderer.
]]></output>
                </test-case>
                <test-case id="1325" name="DockViewPresenter_CreatesPieceObjectsForOccupiedSlots" fullname="Rescue.Unity.UI.Tests.DockViewPresenterTests.DockViewPresenter_CreatesPieceObjectsForOccupiedSlots" methodname="DockViewPresenter_CreatesPieceObjectsForOccupiedSlots" classname="Rescue.Unity.UI.Tests.DockViewPresenterTests" runstate="Runnable" seed="477977722" result="Passed" start-time="2026-04-24 17:36:12Z" end-time="2026-04-24 17:36:12Z" duration="0.000705" asserts="0">
                  <properties>
                    <property name="retryIteration" value="0" />
                    <property name="repeatIteration" value="0" />
                  </properties>
                  <output><![CDATA[DockViewPresenter is missing sharedDockRenderer.
]]></output>
                </test-case>
                <test-case id="1324" name="DockViewPresenter_RebuildDoesNotThrowWhenArtMissing" fullname="Rescue.Unity.UI.Tests.DockViewPresenterTests.DockViewPresenter_RebuildDoesNotThrowWhenArtMissing" methodname="DockViewPresenter_RebuildDoesNotThrowWhenArtMissing" classname="Rescue.Unity.UI.Tests.DockViewPresenterTests" runstate="Runnable" seed="334623361" result="Passed" start-time="2026-04-24 17:36:12Z" end-time="2026-04-24 17:36:12Z" duration="0.001066" asserts="0">
                  <properties>
                    <property name="retryIteration" value="0" />
                    <property name="repeatIteration" value="0" />
                  </properties>
                  <output><![CDATA[DockViewPresenter is missing sharedDockRenderer.
DockViewPresenter is missing pieceContainer. Created a fallback 'DockPieces' container.
]]></output>
                </test-case>
                <test-case id="1323" name="DockVisualStateResolver_ClampsOrHandlesInvalidOccupancy" fullname="Rescue.Unity.UI.Tests.DockViewPresenterTests.DockVisualStateResolver_ClampsOrHandlesInvalidOccupancy" methodname="DockVisualStateResolver_ClampsOrHandlesInvalidOccupancy" classname="Rescue.Unity.UI.Tests.DockViewPresenterTests" runstate="Runnable" seed="1698325469" result="Passed" start-time="2026-04-24 17:36:12Z" end-time="2026-04-24 17:36:12Z" duration="0.000211" asserts="0">
                  <properties>
                    <property name="retryIteration" value="0" />
                    <property name="repeatIteration" value="0" />
                  </properties>
                </test-case>
                <test-case id="1321" name="DockVisualStateResolver_MapsOccupancyToAcute" fullname="Rescue.Unity.UI.Tests.DockViewPresenterTests.DockVisualStateResolver_MapsOccupancyToAcute" methodname="DockVisualStateResolver_MapsOccupancyToAcute" classname="Rescue.Unity.UI.Tests.DockViewPresenterTests" runstate="Runnable" seed="1681093967" result="Passed" start-time="2026-04-24 17:36:12Z" end-time="2026-04-24 17:36:12Z" duration="0.000104" asserts="0">
                  <properties>
                    <property name="retryIteration" value="0" />
                    <property name="repeatIteration" value="0" />
                  </properties>
                </test-case>
                <test-case id="1320" name="DockVisualStateResolver_MapsOccupancyToCaution" fullname="Rescue.Unity.UI.Tests.DockViewPresenterTests.DockVisualStateResolver_MapsOccupancyToCaution" methodname="DockVisualStateResolver_MapsOccupancyToCaution" classname="Rescue.Unity.UI.Tests.DockViewPresenterTests" runstate="Runnable" seed="1643489360" result="Passed" start-time="2026-04-24 17:36:12Z" end-time="2026-04-24 17:36:12Z" duration="0.000072" asserts="0">
                  <properties>
                    <property name="retryIteration" value="0" />
                    <property name="repeatIteration" value="0" />
                  </properties>
                </test-case>
                <test-case id="1322" name="DockVisualStateResolver_MapsOccupancyToFailed" fullname="Rescue.Unity.UI.Tests.DockViewPresenterTests.DockVisualStateResolver_MapsOccupancyToFailed" methodname="DockVisualStateResolver_MapsOccupancyToFailed" classname="Rescue.Unity.UI.Tests.DockViewPresenterTests" runstate="Runnable" seed="443027302" result="Passed" start-time="2026-04-24 17:36:12Z" end-time="2026-04-24 17:36:12Z" duration="0.000066" asserts="0">
                  <properties>
                    <property name="retryIteration" value="0" />
                    <property name="repeatIteration" value="0" />
                  </properties>
                </test-case>
                <test-suite type="ParameterizedMethod" id="1319" name="DockVisualStateResolver_MapsOccupancyToSafe" fullname="Rescue.Unity.UI.Tests.DockViewPresenterTests.DockVisualStateResolver_MapsOccupancyToSafe" classname="Rescue.Unity.UI.Tests.DockViewPresenterTests" runstate="Runnable" testcasecount="5" result="Passed" start-time="2026-04-24 17:36:12Z" end-time="2026-04-24 17:36:12Z" duration="0.000943" total="5" passed="5" failed="0" inconclusive="0" skipped="0" asserts="0">
                  <properties />
                  <test-case id="1314" name="DockVisualStateResolver_MapsOccupancyToSafe(0)" fullname="Rescue.Unity.UI.Tests.DockViewPresenterTests.DockVisualStateResolver_MapsOccupancyToSafe(0)" methodname="DockVisualStateResolver_MapsOccupancyToSafe" classname="Rescue.Unity.UI.Tests.DockViewPresenterTests" runstate="Runnable" seed="789734545" result="Passed" start-time="2026-04-24 17:36:12Z" end-time="2026-04-24 17:36:12Z" duration="0.000176" asserts="0">
                    <properties>
                      <property name="retryIteration" value="0" />
                      <property name="repeatIteration" value="0" />
                    </properties>
                  </test-case>
                  <test-case id="1315" name="DockVisualStateResolver_MapsOccupancyToSafe(1)" fullname="Rescue.Unity.UI.Tests.DockViewPresenterTests.DockVisualStateResolver_MapsOccupancyToSafe(1)" methodname="DockVisualStateResolver_MapsOccupancyToSafe" classname="Rescue.Unity.UI.Tests.DockViewPresenterTests" runstate="Runnable" seed="1978467091" result="Passed" start-time="2026-04-24 17:36:12Z" end-time="2026-04-24 17:36:12Z" duration="0.000071" asserts="0">
                    <properties>
                      <property name="retryIteration" value="0" />
                      <property name="repeatIteration" value="0" />
                    </properties>
                  </test-case>
                  <test-case id="1316" name="DockVisualStateResolver_MapsOccupancyToSafe(2)" fullname="Rescue.Unity.UI.Tests.DockViewPresenterTests.DockVisualStateResolver_MapsOccupancyToSafe(2)" methodname="DockVisualStateResolver_MapsOccupancyToSafe" classname="Rescue.Unity.UI.Tests.DockViewPresenterTests" runstate="Runnable" seed="1548097754" result="Passed" start-time="2026-04-24 17:36:12Z" end-time="2026-04-24 17:36:12Z" duration="0.000041" asserts="0">
                    <properties>
                      <property name="retryIteration" value="0" />
                      <property name="repeatIteration" value="0" />
                    </properties>
                  </test-case>
                  <test-case id="1317" name="DockVisualStateResolver_MapsOccupancyToSafe(3)" fullname="Rescue.Unity.UI.Tests.DockViewPresenterTests.DockVisualStateResolver_MapsOccupancyToSafe(3)" methodname="DockVisualStateResolver_MapsOccupancyToSafe" classname="Rescue.Unity.UI.Tests.DockViewPresenterTests" runstate="Runnable" seed="780812687" result="Passed" start-time="2026-04-24 17:36:12Z" end-time="2026-04-24 17:36:12Z" duration="0.000037" asserts="0">
                    <properties>
                      <property name="retryIteration" value="0" />
                      <property name="repeatIteration" value="0" />
                    </properties>
                  </test-case>
                  <test-case id="1318" name="DockVisualStateResolver_MapsOccupancyToSafe(4)" fullname="Rescue.Unity.UI.Tests.DockViewPresenterTests.DockVisualStateResolver_MapsOccupancyToSafe(4)" methodname="DockVisualStateResolver_MapsOccupancyToSafe" classname="Rescue.Unity.UI.Tests.DockViewPresenterTests" runstate="Runnable" seed="1608548853" result="Passed" start-time="2026-04-24 17:36:12Z" end-time="2026-04-24 17:36:12Z" duration="0.000077" asserts="0">
                    <properties>
                      <property name="retryIteration" value="0" />
                      <property name="repeatIteration" value="0" />
                    </properties>
                    <output><![CDATA[Saving results to: C:\Users\jwmcg\OneDrive\Documents\AI Projects\Live Envirnments\rescue-grid\editmode-results.xml
]]></output>
                  </test-case>
                </test-suite>
              </test-suite>
            </test-suite>
          </test-suite>
        </test-suite>
      </test-suite>
    </test-suite>
  </test-suite>
</test-run>