<?xml version="1.0" encoding="utf-8"?>
<test-run id="2" testcasecount="0" result="Passed" total="0" passed="0" failed="0" inconclusive="0" skipped="0" asserts="0" engine-version="3.5.0.0" clr-version="4.0.30319.42000" start-time="2026-04-21 21:08:02Z" end-time="2026-04-21 21:08:02Z" duration="0.0020406">
  <test-suite type="TestSuite" id="1002" name="rescue-grid" fullname="rescue-grid" runstate="Runnable" testcasecount="0" result="Passed" start-time="2026-04-21 21:08:02Z" end-time="2026-04-21 21:08:02Z" duration="0.002041" total="0" passed="0" failed="0" inconclusive="0" skipped="0" asserts="0">
    <properties>
      <property name="platform" value="PlayMode" />
    </properties>
  </test-suite>
</test-run>