<?xml version="1.0" encoding="utf-8"?>
<test-run id="2" testcasecount="18" result="Passed" total="18" passed="18" failed="0" inconclusive="0" skipped="0" asserts="0" engine-version="3.5.0.0" clr-version="4.0.30319.42000" start-time="2026-04-24 20:57:34Z" end-time="2026-04-24 20:57:34Z" duration="0.8149039">
  <test-suite type="TestSuite" id="1034" name="rescue-grid" fullname="rescue-grid" runstate="Runnable" testcasecount="18" result="Passed" start-time="2026-04-24 20:57:34Z" end-time="2026-04-24 20:57:34Z" duration="0.814904" total="18" passed="18" failed="0" inconclusive="0" skipped="0" asserts="0">
    <properties>
      <property name="platform" value="PlayMode" />
    </properties>
    <test-suite type="Assembly" id="1026" name="Rescue.PlayMode.Tests.dll" fullname="C:/Users/jwmcg/OneDrive/Documents/AI Projects/Live Envirnments/rescue-grid/Library/ScriptAssemblies/Rescue.PlayMode.Tests.dll" runstate="Runnable" testcasecount="18" result="Passed" start-time="2026-04-24 20:57:34Z" end-time="2026-04-24 20:57:34Z" duration="0.809893" total="18" passed="18" failed="0" inconclusive="0" skipped="0" asserts="0">
      <properties>
        <property name="_PID" value="7660" />
        <property name="_APPDOMAIN" value="Unity Child Domain" />
        <property name="platform" value="PlayMode" />
        <property name="EditorOnly" value="False" />
      </properties>
      <test-suite type="TestSuite" id="1027" name="Rescue" fullname="Rescue" runstate="Runnable" testcasecount="18" result="Passed" start-time="2026-04-24 20:57:34Z" end-time="2026-04-24 20:57:34Z" duration="0.809526" total="18" passed="18" failed="0" inconclusive="0" skipped="0" asserts="0">
        <properties />
        <test-suite type="TestSuite" id="1028" name="PlayMode" fullname="Rescue.PlayMode" runstate="Runnable" testcasecount="18" result="Passed" start-time="2026-04-24 20:57:34Z" end-time="2026-04-24 20:57:34Z" duration="0.809369" total="18" passed="18" failed="0" inconclusive="0" skipped="0" asserts="0">
          <properties />
          <test-suite type="TestSuite" id="1029" name="Tests" fullname="Rescue.PlayMode.Tests" runstate="Runnable" testcasecount="18" result="Passed" start-time="2026-04-24 20:57:34Z" end-time="2026-04-24 20:57:34Z" duration="0.809233" total="18" passed="18" failed="0" inconclusive="0" skipped="0" asserts="0">
            <properties />
            <test-suite type="TestSuite" id="1031" name="Debug" fullname="Rescue.PlayMode.Tests.Debug" runstate="Runnable" testcasecount="11" result="Passed" start-time="2026-04-24 20:57:34Z" end-time="2026-04-24 20:57:34Z" duration="0.627833" total="11" passed="11" failed="0" inconclusive="0" skipped="0" asserts="0">
              <properties />
              <test-suite type="TestFixture" id="1012" name="DebugGameplaySceneSmokeTests" fullname="Rescue.PlayMode.Tests.Debug.DebugGameplaySceneSmokeTests" classname="Rescue.PlayMode.Tests.Debug.DebugGameplaySceneSmokeTests" runstate="Runnable" testcasecount="2" result="Passed" start-time="2026-04-24 20:57:34Z" end-time="2026-04-24 20:57:34Z" duration="0.229248" total="2" passed="2" failed="0" inconclusive="0" skipped="0" asserts="0">
                <properties />
                <test-case id="1014" name="DebugGameplayScene_RendersBoardAndDockFromDebugPanelState" fullname="Rescue.PlayMode.Tests.Debug.DebugGameplaySceneSmokeTests.DebugGameplayScene_RendersBoardAndDockFromDebugPanelState" methodname="DebugGameplayScene_RendersBoardAndDockFromDebugPanelState" classname="Rescue.PlayMode.Tests.Debug.DebugGameplaySceneSmokeTests" runstate="Runnable" seed="273645717" result="Passed" start-time="2026-04-24 20:57:34Z" end-time="2026-04-24 20:57:34Z" duration="0.193785" asserts="0">
                  <properties>
                    <property name="_JOINTYPE" value="UnityCombinatorial" />
                    <property name="retryIteration" value="0" />
                    <property name="repeatIteration" value="0" />
                  </properties>
                </test-case>
                <test-case id="1013" name="DebugGameplayScene_StartsWithEmptyRuntimeRootsAndNoLegacyDockStandIns" fullname="Rescue.PlayMode.Tests.Debug.DebugGameplaySceneSmokeTests.DebugGameplayScene_StartsWithEmptyRuntimeRootsAndNoLegacyDockStandIns" methodname="DebugGameplayScene_StartsWithEmptyRuntimeRootsAndNoLegacyDockStandIns" classname="Rescue.PlayMode.Tests.Debug.DebugGameplaySceneSmokeTests" runstate="Runnable" seed="1126674213" result="Passed" start-time="2026-04-24 20:57:34Z" end-time="2026-04-24 20:57:34Z" duration="0.027695" asserts="0">
                  <properties>
                    <property name="_JOINTYPE" value="UnityCombinatorial" />
                    <property name="retryIteration" value="0" />
                    <property name="repeatIteration" value="0" />
                  </properties>
                </test-case>
              </test-suite>
              <test-suite type="TestFixture" id="1015" name="DebugPanelSmokeTests" fullname="Rescue.PlayMode.Tests.Debug.DebugPanelSmokeTests" classname="Rescue.PlayMode.Tests.Debug.DebugPanelSmokeTests" runstate="Runnable" testcasecount="6" result="Passed" start-time="2026-04-24 20:57:34Z" end-time="2026-04-24 20:57:34Z" duration="0.181383" total="6" passed="6" failed="0" inconclusive="0" skipped="0" asserts="0">
                <properties />
                <test-case id="1021" name="DebugPanel_DoesNotThrowWithoutPresenter" fullname="Rescue.PlayMode.Tests.Debug.DebugPanelSmokeTests.DebugPanel_DoesNotThrowWithoutPresenter" methodname="DebugPanel_DoesNotThrowWithoutPresenter" classname="Rescue.PlayMode.Tests.Debug.DebugPanelSmokeTests" runstate="Runnable" seed="664023079" result="Passed" start-time="2026-04-24 20:57:34Z" end-time="2026-04-24 20:57:34Z" duration="0.030793" asserts="0">
                  <properties>
                    <property name="_JOINTYPE" value="UnityCombinatorial" />
                    <property name="retryIteration" value="0" />
                    <property name="repeatIteration" value="0" />
                  </properties>
                </test-case>
                <test-case id="1020" name="NearRescueSummaryReflectsOneClearAwayTarget" fullname="Rescue.PlayMode.Tests.Debug.DebugPanelSmokeTests.NearRescueSummaryReflectsOneClearAwayTarget" methodname="NearRescueSummaryReflectsOneClearAwayTarget" classname="Rescue.PlayMode.Tests.Debug.DebugPanelSmokeTests" runstate="Runnable" seed="1897157255" result="Passed" start-time="2026-04-24 20:57:34Z" end-time="2026-04-24 20:57:34Z" duration="0.047914" asserts="0">
                  <properties>
                    <property name="_JOINTYPE" value="UnityCombinatorial" />
                    <property name="retryIteration" value="0" />
                    <property name="repeatIteration" value="0" />
                  </properties>
                </test-case>
                <test-case id="1016" name="PanelLoadsWithoutCrashingGivenLoadedLevel" fullname="Rescue.PlayMode.Tests.Debug.DebugPanelSmokeTests.PanelLoadsWithoutCrashingGivenLoadedLevel" methodname="PanelLoadsWithoutCrashingGivenLoadedLevel" classname="Rescue.PlayMode.Tests.Debug.DebugPanelSmokeTests" runstate="Runnable" seed="608772294" result="Passed" start-time="2026-04-24 20:57:34Z" end-time="2026-04-24 20:57:34Z" duration="0.020295" asserts="0">
                  <properties>
                    <property name="_JOINTYPE" value="UnityCombinatorial" />
                    <property name="retryIteration" value="0" />
                    <property name="repeatIteration" value="0" />
                  </properties>
                </test-case>
                <test-case id="1018" name="ResetReturnsStateToInitialForSameSeed" fullname="Rescue.PlayMode.Tests.Debug.DebugPanelSmokeTests.ResetReturnsStateToInitialForSameSeed" methodname="ResetReturnsStateToInitialForSameSeed" classname="Rescue.PlayMode.Tests.Debug.DebugPanelSmokeTests" runstate="Runnable" seed="1244335517" result="Passed" start-time="2026-04-24 20:57:34Z" end-time="2026-04-24 20:57:34Z" duration="0.030167" asserts="0">
                  <properties>
                    <property name="_JOINTYPE" value="UnityCombinatorial" />
                    <property name="retryIteration" value="0" />
                    <property name="repeatIteration" value="0" />
                  </properties>
                </test-case>
                <test-case id="1019" name="StateExportProducesValidJson" fullname="Rescue.PlayMode.Tests.Debug.DebugPanelSmokeTests.StateExportProducesValidJson" methodname="StateExportProducesValidJson" classname="Rescue.PlayMode.Tests.Debug.DebugPanelSmokeTests" runstate="Runnable" seed="1512315221" result="Passed" start-time="2026-04-24 20:57:34Z" end-time="2026-04-24 20:57:34Z" duration="0.020462" asserts="0">
                  <properties>
                    <property name="_JOINTYPE" value="UnityCombinatorial" />
                    <property name="retryIteration" value="0" />
                    <property name="repeatIteration" value="0" />
                  </properties>
                </test-case>
                <test-case id="1017" name="StepButtonAdvancesByExactlyOneAction" fullname="Rescue.PlayMode.Tests.Debug.DebugPanelSmokeTests.StepButtonAdvancesByExactlyOneAction" methodname="StepButtonAdvancesByExactlyOneAction" classname="Rescue.PlayMode.Tests.Debug.DebugPanelSmokeTests" runstate="Runnable" seed="1783285138" result="Passed" start-time="2026-04-24 20:57:34Z" end-time="2026-04-24 20:57:34Z" duration="0.030570" asserts="0">
                  <properties>
                    <property name="_JOINTYPE" value="UnityCombinatorial" />
                    <property name="retryIteration" value="0" />
                    <property name="repeatIteration" value="0" />
                  </properties>
                </test-case>
              </test-suite>
              <test-suite type="TestFixture" id="1022" name="TunePanelSmokeTests" fullname="Rescue.PlayMode.Tests.Debug.TunePanelSmokeTests" classname="Rescue.PlayMode.Tests.Debug.TunePanelSmokeTests" runstate="Runnable" testcasecount="3" result="Passed" start-time="2026-04-24 20:57:34Z" end-time="2026-04-24 20:57:34Z" duration="0.216351" total="3" passed="3" failed="0" inconclusive="0" skipped="0" asserts="0">
                <properties />
                <test-case id="1023" name="ChangingATunableReloadsTheLevel" fullname="Rescue.PlayMode.Tests.Debug.TunePanelSmokeTests.ChangingATunableReloadsTheLevel" methodname="ChangingATunableReloadsTheLevel" classname="Rescue.PlayMode.Tests.Debug.TunePanelSmokeTests" runstate="Runnable" seed="373748955" result="Passed" start-time="2026-04-24 20:57:34Z" end-time="2026-04-24 20:57:34Z" duration="0.038783" asserts="0">
                  <properties>
                    <property name="_JOINTYPE" value="UnityCombinatorial" />
                    <property name="retryIteration" value="0" />
                    <property name="repeatIteration" value="0" />
                  </properties>
                </test-case>
                <test-case id="1025" name="CurrentSeedIsPreservedAcrossTuneReloadUnlessChangedExplicitly" fullname="Rescue.PlayMode.Tests.Debug.TunePanelSmokeTests.CurrentSeedIsPreservedAcrossTuneReloadUnlessChangedExplicitly" methodname="CurrentSeedIsPreservedAcrossTuneReloadUnlessChangedExplicitly" classname="Rescue.PlayMode.Tests.Debug.TunePanelSmokeTests" runstate="Runnable" seed="1225980348" result="Passed" start-time="2026-04-24 20:57:34Z" end-time="2026-04-24 20:57:34Z" duration="0.021022" asserts="0">
                  <properties>
                    <property name="_JOINTYPE" value="UnityCombinatorial" />
                    <property name="retryIteration" value="0" />
                    <property name="repeatIteration" value="0" />
                  </properties>
                </test-case>
                <test-case id="1024" name="SavingAndLoadingPresetRoundTripsOverrides" fullname="Rescue.PlayMode.Tests.Debug.TunePanelSmokeTests.SavingAndLoadingPresetRoundTripsOverrides" methodname="SavingAndLoadingPresetRoundTripsOverrides" classname="Rescue.PlayMode.Tests.Debug.TunePanelSmokeTests" runstate="Runnable" seed="656480082" result="Passed" start-time="2026-04-24 20:57:34Z" end-time="2026-04-24 20:57:34Z" duration="0.155796" asserts="0">
                  <properties>
                    <property name="_JOINTYPE" value="UnityCombinatorial" />
                    <property name="retryIteration" value="0" />
                    <property name="repeatIteration" value="0" />
                  </properties>
                </test-case>
              </test-suite>
            </test-suite>
            <test-suite type="TestSuite" id="1030" name="Smoke" fullname="Rescue.PlayMode.Tests.Smoke" runstate="Runnable" testcasecount="7" result="Passed" start-time="2026-04-24 20:57:34Z" end-time="2026-04-24 20:57:34Z" duration="0.181212" total="7" passed="7" failed="0" inconclusive="0" skipped="0" asserts="0">
              <properties />
              <test-suite type="TestFixture" id="1001" name="LifecycleSmokeTests" fullname="Rescue.PlayMode.Tests.Smoke.LifecycleSmokeTests" classname="Rescue.PlayMode.Tests.Smoke.LifecycleSmokeTests" runstate="Runnable" testcasecount="1" result="Passed" start-time="2026-04-24 20:57:34Z" end-time="2026-04-24 20:57:34Z" duration="0.066848" total="1" passed="1" failed="0" inconclusive="0" skipped="0" asserts="0">
                <properties />
                <test-case id="1002" name="EveryMainLevelSolveScriptReachesItsExpectedTerminalOutcome" fullname="Rescue.PlayMode.Tests.Smoke.LifecycleSmokeTests.EveryMainLevelSolveScriptReachesItsExpectedTerminalOutcome" methodname="EveryMainLevelSolveScriptReachesItsExpectedTerminalOutcome" classname="Rescue.PlayMode.Tests.Smoke.LifecycleSmokeTests" runstate="Runnable" seed="419154488" result="Passed" start-time="2026-04-24 20:57:34Z" end-time="2026-04-24 20:57:34Z" duration="0.066392" asserts="0">
                  <properties>
                    <property name="_JOINTYPE" value="UnityCombinatorial" />
                    <property name="retryIteration" value="0" />
                    <property name="repeatIteration" value="0" />
                  </properties>
                </test-case>
              </test-suite>
              <test-suite type="TestFixture" id="1003" name="PerfSmokeTests" fullname="Rescue.PlayMode.Tests.Smoke.PerfSmokeTests" classname="Rescue.PlayMode.Tests.Smoke.PerfSmokeTests" runstate="Runnable" testcasecount="2" result="Passed" start-time="2026-04-24 20:57:34Z" end-time="2026-04-24 20:57:34Z" duration="0.003690" total="2" passed="2" failed="0" inconclusive="0" skipped="0" asserts="0">
                <properties />
                <test-case id="1005" name="RepresentativeActionStaysUnderCoarseThreshold" fullname="Rescue.PlayMode.Tests.Smoke.PerfSmokeTests.RepresentativeActionStaysUnderCoarseThreshold" methodname="RepresentativeActionStaysUnderCoarseThreshold" classname="Rescue.PlayMode.Tests.Smoke.PerfSmokeTests" runstate="Runnable" seed="539501361" result="Passed" start-time="2026-04-24 20:57:34Z" end-time="2026-04-24 20:57:34Z" duration="0.001992" asserts="0">
                  <properties>
                    <property name="_JOINTYPE" value="UnityCombinatorial" />
                    <property name="retryIteration" value="0" />
                    <property name="repeatIteration" value="0" />
                  </properties>
                </test-case>
                <test-case id="1004" name="RepresentativeLevelLoadStaysUnderCoarseThreshold" fullname="Rescue.PlayMode.Tests.Smoke.PerfSmokeTests.RepresentativeLevelLoadStaysUnderCoarseThreshold" methodname="RepresentativeLevelLoadStaysUnderCoarseThreshold" classname="Rescue.PlayMode.Tests.Smoke.PerfSmokeTests" runstate="Runnable" seed="236361776" result="Passed" start-time="2026-04-24 20:57:34Z" end-time="2026-04-24 20:57:34Z" duration="0.001240" asserts="0">
                  <properties>
                    <property name="_JOINTYPE" value="UnityCombinatorial" />
                    <property name="retryIteration" value="0" />
                    <property name="repeatIteration" value="0" />
                  </properties>
                </test-case>
              </test-suite>
              <test-suite type="TestFixture" id="1006" name="RetrySmokeTests" fullname="Rescue.PlayMode.Tests.Smoke.RetrySmokeTests" classname="Rescue.PlayMode.Tests.Smoke.RetrySmokeTests" runstate="Runnable" testcasecount="1" result="Passed" start-time="2026-04-24 20:57:34Z" end-time="2026-04-24 20:57:34Z" duration="0.102571" total="1" passed="1" failed="0" inconclusive="0" skipped="0" asserts="0">
                <properties />
                <test-case id="1007" name="SameSeedReplayIsIdenticalAndAlternateSeedDivergesWhenAuthoredTo" fullname="Rescue.PlayMode.Tests.Smoke.RetrySmokeTests.SameSeedReplayIsIdenticalAndAlternateSeedDivergesWhenAuthoredTo" methodname="SameSeedReplayIsIdenticalAndAlternateSeedDivergesWhenAuthoredTo" classname="Rescue.PlayMode.Tests.Smoke.RetrySmokeTests" runstate="Runnable" seed="243045771" result="Passed" start-time="2026-04-24 20:57:34Z" end-time="2026-04-24 20:57:34Z" duration="0.102213" asserts="0">
                  <properties>
                    <property name="_JOINTYPE" value="UnityCombinatorial" />
                    <property name="retryIteration" value="0" />
                    <property name="repeatIteration" value="0" />
                  </properties>
                </test-case>
              </test-suite>
              <test-suite type="TestFixture" id="1008" name="UndoSmokeTests" fullname="Rescue.PlayMode.Tests.Smoke.UndoSmokeTests" classname="Rescue.PlayMode.Tests.Smoke.UndoSmokeTests" runstate="Runnable" testcasecount="3" result="Passed" start-time="2026-04-24 20:57:34Z" end-time="2026-04-24 20:57:34Z" duration="0.007777" total="3" passed="3" failed="0" inconclusive="0" skipped="0" asserts="0">
                <properties />
                <test-case id="1011" name="SecondUndoAttemptIsRejectedCleanlyAfterTheChargeIsSpent" fullname="Rescue.PlayMode.Tests.Smoke.UndoSmokeTests.SecondUndoAttemptIsRejectedCleanlyAfterTheChargeIsSpent" methodname="SecondUndoAttemptIsRejectedCleanlyAfterTheChargeIsSpent" classname="Rescue.PlayMode.Tests.Smoke.UndoSmokeTests" runstate="Runnable" seed="1299983152" result="Passed" start-time="2026-04-24 20:57:34Z" end-time="2026-04-24 20:57:34Z" duration="0.003011" asserts="0">
                  <properties>
                    <property name="_JOINTYPE" value="UnityCombinatorial" />
                    <property name="retryIteration" value="0" />
                    <property name="repeatIteration" value="0" />
                  </properties>
                </test-case>
                <test-case id="1009" name="UndoRestoresInitialStateAndConsumesThePlayerFacingCharge" fullname="Rescue.PlayMode.Tests.Smoke.UndoSmokeTests.UndoRestoresInitialStateAndConsumesThePlayerFacingCharge" methodname="UndoRestoresInitialStateAndConsumesThePlayerFacingCharge" classname="Rescue.PlayMode.Tests.Smoke.UndoSmokeTests" runstate="Runnable" seed="553454395" result="Passed" start-time="2026-04-24 20:57:34Z" end-time="2026-04-24 20:57:34Z" duration="0.001652" asserts="0">
                  <properties>
                    <property name="_JOINTYPE" value="UnityCombinatorial" />
                    <property name="retryIteration" value="0" />
                    <property name="repeatIteration" value="0" />
                  </properties>
                </test-case>
                <test-case id="1010" name="UndoThenAlternateBranchMatchesFreshSecondBranchOnly" fullname="Rescue.PlayMode.Tests.Smoke.UndoSmokeTests.UndoThenAlternateBranchMatchesFreshSecondBranchOnly" methodname="UndoThenAlternateBranchMatchesFreshSecondBranchOnly" classname="Rescue.PlayMode.Tests.Smoke.UndoSmokeTests" runstate="Runnable" seed="1914096613" result="Passed" start-time="2026-04-24 20:57:34Z" end-time="2026-04-24 20:57:34Z" duration="0.002565" asserts="0">
                  <properties>
                    <property name="_JOINTYPE" value="UnityCombinatorial" />
                    <property name="retryIteration" value="0" />
                    <property name="repeatIteration" value="0" />
                  </properties>
                  <output><![CDATA[Saving results to: C:\Users\jwmcg\OneDrive\Documents\AI Projects\Live Envirnments\rescue-grid\playmode-results.xml
]]></output>
                </test-case>
              </test-suite>
            </test-suite>
          </test-suite>
        </test-suite>
      </test-suite>
    </test-suite>
  </test-suite>
</test-run>